#
# There is insufficient memory for the Java Runtime Environment to continue.
# Native memory allocation (malloc) failed to allocate 1058832 bytes for Chunk::new
# Possible reasons:
#   The system is out of physical RAM or swap space
#   The process is running with CompressedOops enabled, and the Java Heap may be blocking the growth of the native heap
# Possible solutions:
#   Reduce memory load on the system
#   Increase physical memory or swap space
#   Check if swap backing store is full
#   Decrease Java heap size (-Xmx/-Xms)
#   Decrease number of Java threads
#   Decrease Java thread stack sizes (-Xss)
#   Set larger code cache with -XX:ReservedCodeCacheSize=
#   JVM is running with Unscaled Compressed Oops mode in which the Java heap is
#     placed in the first 4GB address space. The Java Heap base address is the
#     maximum limit for the native heap growth. Please use -XX:HeapBaseMinAddress
#     to set the Java Heap base and to place the Java Heap above 4GB virtual address.
# This output file may be truncated or incomplete.
#
#  Out of Memory Error (arena.cpp:189), pid=13728, tid=8464
#
# JRE version: OpenJDK Runtime Environment (17.0.6) (build 17.0.6+0-b2043.56-10027231)
# Java VM: OpenJDK 64-Bit Server VM (17.0.6+0-b2043.56-10027231, mixed mode, tiered, compressed oops, compressed class ptrs, g1 gc, windows-amd64)
# No core dump will be written. Minidumps are not enabled by default on client versions of Windows
#

---------------  S U M M A R Y ------------

Command Line: --add-opens=java.base/java.util=ALL-UNNAMED --add-opens=java.base/java.lang=ALL-UNNAMED --add-opens=java.base/java.lang.invoke=ALL-UNNAMED --add-opens=java.base/java.util=ALL-UNNAMED --add-opens=java.prefs/java.util.prefs=ALL-UNNAMED --add-opens=java.prefs/java.util.prefs=ALL-UNNAMED --add-opens=java.base/java.nio.charset=ALL-UNNAMED --add-opens=java.base/java.net=ALL-UNNAMED --add-opens=java.base/java.util.concurrent.atomic=ALL-UNNAMED -Xmx1536M -Dfile.encoding=windows-1252 -Duser.country=US -Duser.language=en -Duser.variant org.gradle.launcher.daemon.bootstrap.GradleDaemon 7.5

Host: Intel(R) Core(TM) i5-3317U CPU @ 1.70GHz, 4 cores, 7G,  Windows 10 , 64 bit Build 19041 (10.0.19041.3570)
Time: Sun Nov 19 20:30:37 2023 Pacific Standard Time elapsed time: 60.414302 seconds (0d 0h 1m 0s)

---------------  T H R E A D  ---------------

Current thread (0x0000024529018e20):  JavaThread "C2 CompilerThread0" daemon [_thread_in_native, id=8464, stack(0x000000788fb00000,0x000000788fc00000)]


Current CompileTask:
C2:  60414 13824       4       org.gradle.api.internal.file.collections.UnpackingVisitor::add (355 bytes)

Stack: [0x000000788fb00000,0x000000788fc00000]
Native frames: (J=compiled Java code, j=interpreted, Vv=VM code, C=native code)
V  [jvm.dll+0x683c9a]
V  [jvm.dll+0x8427a4]
V  [jvm.dll+0x843f9e]
V  [jvm.dll+0x844603]
V  [jvm.dll+0x249b75]
V  [jvm.dll+0xabcac]
V  [jvm.dll+0xac27c]
V  [jvm.dll+0x368857]
V  [jvm.dll+0x1bd0b8]
V  [jvm.dll+0x21c359]
V  [jvm.dll+0x21b621]
V  [jvm.dll+0x1a4fdd]
V  [jvm.dll+0x22b098]
V  [jvm.dll+0x229159]
V  [jvm.dll+0x7f81ec]
V  [jvm.dll+0x7f274a]
V  [jvm.dll+0x682ad5]
C  [ucrtbase.dll+0x21bb2]
C  [KERNEL32.DLL+0x17344]
C  [ntdll.dll+0x526b1]


---------------  P R O C E S S  ---------------

Threads class SMR info:
_java_thread_list=0x0000024530f25910, length=90, elements={
0x0000024510215fb0, 0x00000245284eb620, 0x00000245284ec990, 0x0000024528508df0,
0x00000245290160a0, 0x0000024529016960, 0x0000024529017220, 0x0000024529018e20,
0x000002452850e680, 0x00000245290a85e0, 0x00000245291b34a0, 0x00000245291b4590,
0x000002452a8bf5e0, 0x000002452b61eef0, 0x000002452c01d7b0, 0x000002452b814030,
0x000002452b6e8000, 0x000002452a535050, 0x000002452a536a80, 0x0000024529fcb8d0,
0x0000024529fcc270, 0x0000024529fce420, 0x0000024529fcb400, 0x0000024529fcd5b0,
0x0000024529fcaf30, 0x0000024529fcc740, 0x0000024529fce8f0, 0x0000024529fcbda0,
0x0000024529fccc10, 0x0000024529fcd0e0, 0x0000024529fcda80, 0x000002452dff4100,
0x000002452dff97a0, 0x000002452dff8930, 0x000002452dff92d0, 0x000002452dff6c50,
0x000002452dffb480, 0x000002452dff7120, 0x000002452dff7f90, 0x000002452dffa140,
0x000002452dffaae0, 0x000002452dffafb0, 0x000002452dff6780, 0x000002452dff75f0,
0x000002452dff7ac0, 0x000002452dff3c30, 0x000002452dff45d0, 0x000002452dff4aa0,
0x000002452dff4f70, 0x0000024529a9caa0, 0x0000024529aa2ae0, 0x0000024529a9e780,
0x0000024529aa42f0, 0x0000024529aa3480, 0x0000024529aa0e00, 0x0000024529a9ec50,
0x0000024529aa0930, 0x0000024529a9e2b0, 0x0000024529aa2610, 0x0000024529aa2fb0,
0x0000024529aa12d0, 0x0000024529a9f120, 0x0000024529a9f5f0, 0x0000024529a9ff90,
0x0000024529aa2140, 0x0000024529aa1c70, 0x0000024529aa3950, 0x0000024529a9fac0,
0x0000024529aa17a0, 0x0000024529aa0460, 0x0000024529aa3e20, 0x0000024529a9cf70,
0x0000024529a9d440, 0x0000024529a9d910, 0x0000024529a9dde0, 0x000002452def7d20,
0x000002452def9060, 0x000002452defcef0, 0x000002452def7850, 0x000002452defad40,
0x000002452defdd60, 0x000002452def81f0, 0x000002452defc080, 0x000002452defa870,
0x000002452defc550, 0x000002452def9530, 0x000002452def9a00, 0x000002453086f250,
0x000002453086da40, 0x000002453086e3e0
}

Java Threads: ( => current thread )
  0x0000024510215fb0 JavaThread "main" [_thread_blocked, id=11724, stack(0x000000788ee00000,0x000000788ef00000)]
  0x00000245284eb620 JavaThread "Reference Handler" daemon [_thread_blocked, id=15656, stack(0x000000788f500000,0x000000788f600000)]
  0x00000245284ec990 JavaThread "Finalizer" daemon [_thread_blocked, id=2264, stack(0x000000788f600000,0x000000788f700000)]
  0x0000024528508df0 JavaThread "Signal Dispatcher" daemon [_thread_blocked, id=2400, stack(0x000000788f700000,0x000000788f800000)]
  0x00000245290160a0 JavaThread "Attach Listener" daemon [_thread_blocked, id=6704, stack(0x000000788f800000,0x000000788f900000)]
  0x0000024529016960 JavaThread "Service Thread" daemon [_thread_blocked, id=13852, stack(0x000000788f900000,0x000000788fa00000)]
  0x0000024529017220 JavaThread "Monitor Deflation Thread" daemon [_thread_blocked, id=1080, stack(0x000000788fa00000,0x000000788fb00000)]
=>0x0000024529018e20 JavaThread "C2 CompilerThread0" daemon [_thread_in_native, id=8464, stack(0x000000788fb00000,0x000000788fc00000)]
  0x000002452850e680 JavaThread "C1 CompilerThread0" daemon [_thread_blocked, id=1752, stack(0x000000788fc00000,0x000000788fd00000)]
  0x00000245290a85e0 JavaThread "Sweeper thread" daemon [_thread_blocked, id=8640, stack(0x000000788fd00000,0x000000788fe00000)]
  0x00000245291b34a0 JavaThread "Common-Cleaner" daemon [_thread_blocked, id=11888, stack(0x000000788fe00000,0x000000788ff00000)]
  0x00000245291b4590 JavaThread "Notification Thread" daemon [_thread_blocked, id=13216, stack(0x000000788ff00000,0x0000007890000000)]
  0x000002452a8bf5e0 JavaThread "Daemon health stats" [_thread_blocked, id=13548, stack(0x0000007890500000,0x0000007890600000)]
  0x000002452b61eef0 JavaThread "Incoming local TCP Connector on port 54650" [_thread_in_native, id=4988, stack(0x0000007890100000,0x0000007890200000)]
  0x000002452c01d7b0 JavaThread "Daemon periodic checks" [_thread_blocked, id=12976, stack(0x0000007890600000,0x0000007890700000)]
  0x000002452b814030 JavaThread "Daemon" [_thread_blocked, id=12772, stack(0x0000007890700000,0x0000007890800000)]
  0x000002452b6e8000 JavaThread "Handler for socket connection from /127.0.0.1:54650 to /127.0.0.1:54651" [_thread_in_native, id=16844, stack(0x0000007890800000,0x0000007890900000)]
  0x000002452a535050 JavaThread "Cancel handler" [_thread_blocked, id=14736, stack(0x0000007890900000,0x0000007890a00000)]
  0x000002452a536a80 JavaThread "Daemon worker" [_thread_blocked, id=6840, stack(0x0000007890a00000,0x0000007890b00000)]
  0x0000024529fcb8d0 JavaThread "Asynchronous log dispatcher for DefaultDaemonConnection: socket connection from /127.0.0.1:54650 to /127.0.0.1:54651" [_thread_blocked, id=9760, stack(0x0000007890b00000,0x0000007890c00000)]
  0x0000024529fcc270 JavaThread "Stdin handler" [_thread_blocked, id=15264, stack(0x0000007890c00000,0x0000007890d00000)]
  0x0000024529fce420 JavaThread "Daemon client event forwarder" [_thread_blocked, id=11420, stack(0x0000007890d00000,0x0000007890e00000)]
  0x0000024529fcb400 JavaThread "Cache worker for journal cache (C:\Users\Admin\.gradle\caches\journal-1)" [_thread_blocked, id=3412, stack(0x0000007890e00000,0x0000007890f00000)]
  0x0000024529fcd5b0 JavaThread "File lock request listener" [_thread_in_native, id=17384, stack(0x0000007890f00000,0x0000007891000000)]
  0x0000024529fcaf30 JavaThread "Cache worker for file hash cache (C:\Users\Admin\.gradle\caches\7.5\fileHashes)" [_thread_blocked, id=676, stack(0x0000007891000000,0x0000007891100000)]
  0x0000024529fcc740 JavaThread "File watcher server" daemon [_thread_in_native, id=16060, stack(0x0000007891200000,0x0000007891300000)]
  0x0000024529fce8f0 JavaThread "File watcher consumer" daemon [_thread_blocked, id=8872, stack(0x0000007891300000,0x0000007891400000)]
  0x0000024529fcbda0 JavaThread "Cache worker for checksums cache (H:\my-P-flutter\instagram\android\.gradle\7.5\checksums)" [_thread_blocked, id=7404, stack(0x0000007891400000,0x0000007891500000)]
  0x0000024529fccc10 JavaThread "Cache worker for cache directory md-rule (C:\Users\Admin\.gradle\caches\7.5\md-rule)" [_thread_blocked, id=14500, stack(0x0000007891500000,0x0000007891600000)]
  0x0000024529fcd0e0 JavaThread "Cache worker for file content cache (C:\Users\Admin\.gradle\caches\7.5\fileContent)" [_thread_blocked, id=2120, stack(0x0000007891600000,0x0000007891700000)]
  0x0000024529fcda80 JavaThread "Cache worker for file hash cache (H:\my-P-flutter\instagram\android\.gradle\7.5\fileHashes)" [_thread_blocked, id=112, stack(0x0000007891700000,0x0000007891800000)]
  0x000002452dff4100 JavaThread "Cache worker for cache directory md-supplier (C:\Users\Admin\.gradle\caches\7.5\md-supplier)" [_thread_blocked, id=1960, stack(0x0000007891800000,0x0000007891900000)]
  0x000002452dff97a0 JavaThread "Cache worker for execution history cache (C:\Users\Admin\.gradle\caches\7.5\executionHistory)" [_thread_blocked, id=16232, stack(0x0000007891900000,0x0000007891a00000)]
  0x000002452dff8930 JavaThread "jar transforms" [_thread_blocked, id=14648, stack(0x0000007891b00000,0x0000007891c00000)]
  0x000002452dff92d0 JavaThread "jar transforms Thread 2" [_thread_blocked, id=7876, stack(0x0000007891c00000,0x0000007891d00000)]
  0x000002452dff6c50 JavaThread "jar transforms Thread 3" [_thread_blocked, id=7248, stack(0x0000007891d00000,0x0000007891e00000)]
  0x000002452dffb480 JavaThread "jar transforms Thread 4" [_thread_blocked, id=10604, stack(0x0000007891e00000,0x0000007891f00000)]
  0x000002452dff7120 JavaThread "Cache worker for dependencies-accessors (H:\my-P-flutter\instagram\android\.gradle\7.5\dependencies-accessors)" [_thread_blocked, id=13328, stack(0x0000007891f00000,0x0000007892000000)]
  0x000002452dff7f90 JavaThread "Cache worker for Build Output Cleanup Cache (H:\my-P-flutter\instagram\android\.gradle\buildOutputCleanup)" [_thread_blocked, id=16504, stack(0x0000007892000000,0x0000007892100000)]
  0x000002452dffa140 JavaThread "Unconstrained build operations" [_thread_blocked, id=15404, stack(0x0000007892100000,0x0000007892200000)]
  0x000002452dffaae0 JavaThread "Unconstrained build operations Thread 2" [_thread_blocked, id=12820, stack(0x0000007892200000,0x0000007892300000)]
  0x000002452dffafb0 JavaThread "Unconstrained build operations Thread 3" [_thread_blocked, id=10552, stack(0x0000007892300000,0x0000007892400000)]
  0x000002452dff6780 JavaThread "Unconstrained build operations Thread 4" [_thread_blocked, id=6080, stack(0x0000007892400000,0x0000007892500000)]
  0x000002452dff75f0 JavaThread "Unconstrained build operations Thread 5" [_thread_blocked, id=14156, stack(0x0000007892500000,0x0000007892600000)]
  0x000002452dff7ac0 JavaThread "Unconstrained build operations Thread 6" [_thread_blocked, id=7768, stack(0x0000007892600000,0x0000007892700000)]
  0x000002452dff3c30 JavaThread "Unconstrained build operations Thread 7" [_thread_blocked, id=2860, stack(0x0000007892700000,0x0000007892800000)]
  0x000002452dff45d0 JavaThread "Unconstrained build operations Thread 8" [_thread_blocked, id=392, stack(0x0000007892800000,0x0000007892900000)]
  0x000002452dff4aa0 JavaThread "Unconstrained build operations Thread 9" [_thread_blocked, id=15140, stack(0x0000007892900000,0x0000007892a00000)]
  0x000002452dff4f70 JavaThread "Unconstrained build operations Thread 10" [_thread_blocked, id=5672, stack(0x0000007892a00000,0x0000007892b00000)]
  0x0000024529a9caa0 JavaThread "Unconstrained build operations Thread 11" [_thread_blocked, id=12864, stack(0x0000007892b00000,0x0000007892c00000)]
  0x0000024529aa2ae0 JavaThread "Unconstrained build operations Thread 12" [_thread_blocked, id=11688, stack(0x0000007892c00000,0x0000007892d00000)]
  0x0000024529a9e780 JavaThread "Unconstrained build operations Thread 13" [_thread_blocked, id=8532, stack(0x0000007892d00000,0x0000007892e00000)]
  0x0000024529aa42f0 JavaThread "Unconstrained build operations Thread 14" [_thread_blocked, id=14260, stack(0x0000007892e00000,0x0000007892f00000)]
  0x0000024529aa3480 JavaThread "Unconstrained build operations Thread 15" [_thread_blocked, id=5464, stack(0x0000007892f00000,0x0000007893000000)]
  0x0000024529aa0e00 JavaThread "Unconstrained build operations Thread 16" [_thread_blocked, id=9524, stack(0x0000007893000000,0x0000007893100000)]
  0x0000024529a9ec50 JavaThread "Unconstrained build operations Thread 17" [_thread_blocked, id=1684, stack(0x0000007893100000,0x0000007893200000)]
  0x0000024529aa0930 JavaThread "Unconstrained build operations Thread 18" [_thread_blocked, id=15188, stack(0x0000007893200000,0x0000007893300000)]
  0x0000024529a9e2b0 JavaThread "Unconstrained build operations Thread 19" [_thread_blocked, id=11408, stack(0x0000007893300000,0x0000007893400000)]
  0x0000024529aa2610 JavaThread "Unconstrained build operations Thread 20" [_thread_blocked, id=15428, stack(0x0000007893400000,0x0000007893500000)]
  0x0000024529aa2fb0 JavaThread "Unconstrained build operations Thread 21" [_thread_blocked, id=740, stack(0x0000007893500000,0x0000007893600000)]
  0x0000024529aa12d0 JavaThread "Unconstrained build operations Thread 22" [_thread_blocked, id=1768, stack(0x0000007893600000,0x0000007893700000)]
  0x0000024529a9f120 JavaThread "Unconstrained build operations Thread 23" [_thread_blocked, id=15368, stack(0x0000007893700000,0x0000007893800000)]
  0x0000024529a9f5f0 JavaThread "Unconstrained build operations Thread 24" [_thread_blocked, id=224, stack(0x0000007893800000,0x0000007893900000)]
  0x0000024529a9ff90 JavaThread "Unconstrained build operations Thread 25" [_thread_blocked, id=5048, stack(0x0000007893900000,0x0000007893a00000)]
  0x0000024529aa2140 JavaThread "Unconstrained build operations Thread 26" [_thread_blocked, id=9360, stack(0x0000007893a00000,0x0000007893b00000)]
  0x0000024529aa1c70 JavaThread "Unconstrained build operations Thread 27" [_thread_blocked, id=13640, stack(0x0000007893b00000,0x0000007893c00000)]
  0x0000024529aa3950 JavaThread "Unconstrained build operations Thread 28" [_thread_blocked, id=12612, stack(0x0000007893c00000,0x0000007893d00000)]
  0x0000024529a9fac0 JavaThread "Unconstrained build operations Thread 29" [_thread_blocked, id=10980, stack(0x0000007893d00000,0x0000007893e00000)]
  0x0000024529aa17a0 JavaThread "Unconstrained build operations Thread 30" [_thread_blocked, id=14504, stack(0x0000007893e00000,0x0000007893f00000)]
  0x0000024529aa0460 JavaThread "Unconstrained build operations Thread 31" [_thread_blocked, id=15772, stack(0x0000007893f00000,0x0000007894000000)]
  0x0000024529aa3e20 JavaThread "Unconstrained build operations Thread 32" [_thread_blocked, id=17228, stack(0x0000007894000000,0x0000007894100000)]
  0x0000024529a9cf70 JavaThread "Unconstrained build operations Thread 33" [_thread_blocked, id=14804, stack(0x0000007894100000,0x0000007894200000)]
  0x0000024529a9d440 JavaThread "Unconstrained build operations Thread 34" [_thread_blocked, id=12380, stack(0x0000007894200000,0x0000007894300000)]
  0x0000024529a9d910 JavaThread "Unconstrained build operations Thread 35" [_thread_blocked, id=4804, stack(0x0000007894300000,0x0000007894400000)]
  0x0000024529a9dde0 JavaThread "Unconstrained build operations Thread 36" [_thread_blocked, id=14288, stack(0x0000007894400000,0x0000007894500000)]
  0x000002452def7d20 JavaThread "Unconstrained build operations Thread 37" [_thread_blocked, id=9676, stack(0x0000007894500000,0x0000007894600000)]
  0x000002452def9060 JavaThread "Unconstrained build operations Thread 38" [_thread_blocked, id=10600, stack(0x0000007894600000,0x0000007894700000)]
  0x000002452defcef0 JavaThread "Unconstrained build operations Thread 39" [_thread_blocked, id=10580, stack(0x0000007894700000,0x0000007894800000)]
  0x000002452def7850 JavaThread "Unconstrained build operations Thread 40" [_thread_blocked, id=13964, stack(0x0000007894800000,0x0000007894900000)]
  0x000002452defad40 JavaThread "Cache worker for kotlin-dsl (C:\Users\Admin\.gradle\caches\7.5\kotlin-dsl)" [_thread_blocked, id=7192, stack(0x0000007891100000,0x0000007891200000)]
  0x000002452defdd60 JavaThread "Cache worker for Build Output Cleanup Cache (G:\src\flutter\packages\flutter_tools\gradle\.gradle\buildOutputCleanup)" [_thread_blocked, id=17300, stack(0x0000007894a00000,0x0000007894b00000)]
  0x000002452def81f0 JavaThread "Memory manager" [_thread_blocked, id=13308, stack(0x0000007894b00000,0x0000007894c00000)]
  0x000002452defc080 JavaThread "included builds" [_thread_blocked, id=3912, stack(0x0000007894c00000,0x0000007894d00000)]
  0x000002452defa870 JavaThread "Execution worker" [_thread_blocked, id=9848, stack(0x0000007894d00000,0x0000007894e00000)]
  0x000002452defc550 JavaThread "Execution worker Thread 2" [_thread_blocked, id=11064, stack(0x0000007894e00000,0x0000007894f00000)]
  0x000002452def9530 JavaThread "Execution worker Thread 3" [_thread_blocked, id=7940, stack(0x0000007894f00000,0x0000007895000000)]
  0x000002452def9a00 JavaThread "Cache worker for execution history cache (G:\src\flutter\packages\flutter_tools\gradle\.gradle\7.5\executionHistory)" [_thread_blocked, id=15528, stack(0x0000007895000000,0x0000007895100000)]
  0x000002453086f250 JavaThread "pool-3-thread-1" [_thread_blocked, id=2900, stack(0x0000007895300000,0x0000007895400000)]
  0x000002453086da40 JavaThread "build event listener" [_thread_blocked, id=13712, stack(0x0000007895400000,0x0000007895500000)]
  0x000002453086e3e0 JavaThread "Cache worker for execution history cache (H:\my-P-flutter\instagram\android\.gradle\7.5\executionHistory)" [_thread_blocked, id=14956, stack(0x0000007895500000,0x0000007895600000)]

Other Threads:
  0x00000245284c5630 VMThread "VM Thread" [stack: 0x000000788f400000,0x000000788f500000] [id=13560]
  0x0000024510277980 WatcherThread [stack: 0x0000007890000000,0x0000007890100000] [id=4200]
  0x0000024510261810 GCTaskThread "GC Thread#0" [stack: 0x000000788ef00000,0x000000788f000000] [id=13172]
  0x0000024529552a30 GCTaskThread "GC Thread#1" [stack: 0x0000007890200000,0x0000007890300000] [id=16152]
  0x0000024529450860 GCTaskThread "GC Thread#2" [stack: 0x0000007890300000,0x0000007890400000] [id=12324]
  0x000002452a154e00 GCTaskThread "GC Thread#3" [stack: 0x0000007890400000,0x0000007890500000] [id=13084]
  0x000002451026ef60 ConcurrentGCThread "G1 Main Marker" [stack: 0x000000788f000000,0x000000788f100000] [id=10684]
  0x0000024510270110 ConcurrentGCThread "G1 Conc#0" [stack: 0x000000788f100000,0x000000788f200000] [id=14164]
  0x0000024528320090 ConcurrentGCThread "G1 Refine#0" [stack: 0x000000788f200000,0x000000788f300000] [id=10304]
  0x000002452d750ca0 ConcurrentGCThread "G1 Refine#1" [stack: 0x0000007891a00000,0x0000007891b00000] [id=12936]
  0x0000024528320ab0 ConcurrentGCThread "G1 Service" [stack: 0x000000788f300000,0x000000788f400000] [id=13556]

Threads with active compile tasks:
C2 CompilerThread0    60562 13824       4       org.gradle.api.internal.file.collections.UnpackingVisitor::add (355 bytes)

VM state: not at safepoint (normal execution)

VM Mutex/Monitor currently owned by a thread: None

Heap address: 0x00000000a0000000, size: 1536 MB, Compressed Oops mode: 32-bit

CDS archive(s) not mapped
Compressed class space mapped at: 0x0000000100000000-0x0000000140000000, reserved size: 1073741824
Narrow klass base: 0x0000000000000000, Narrow klass shift: 3, Narrow klass range: 0x140000000

GC Precious Log:
 CPUs: 4 total, 4 available
 Memory: 8077M
 Large Page Support: Disabled
 NUMA Support: Disabled
 Compressed Oops: Enabled (32-bit)
 Heap Region Size: 1M
 Heap Min Capacity: 8M
 Heap Initial Capacity: 128M
 Heap Max Capacity: 1536M
 Pre-touch: Disabled
 Parallel Workers: 4
 Concurrent Workers: 1
 Concurrent Refinement Workers: 4
 Periodic GC: Disabled

Heap:
 garbage-first heap   total 217088K, used 154176K [0x00000000a0000000, 0x0000000100000000)
  region size 1024K, 5 young (5120K), 3 survivors (3072K)
 Metaspace       used 104529K, committed 105600K, reserved 1146880K
  class space    used 14236K, committed 14720K, reserved 1048576K

Heap Regions: E=young(eden), S=young(survivor), O=old, HS=humongous(starts), HC=humongous(continues), CS=collection set, F=free, OA=open archive, CA=closed archive, TAMS=top-at-mark-start (previous, next)
|   0|0x00000000a0000000, 0x00000000a0100000, 0x00000000a0100000|100%|HS|  |TAMS 0x00000000a0100000, 0x00000000a0000000| Complete 
|   1|0x00000000a0100000, 0x00000000a0200000, 0x00000000a0200000|100%|HC|  |TAMS 0x00000000a0200000, 0x00000000a0100000| Complete 
|   2|0x00000000a0200000, 0x00000000a0300000, 0x00000000a0300000|100%|HC|  |TAMS 0x00000000a0300000, 0x00000000a0200000| Complete 
|   3|0x00000000a0300000, 0x00000000a0400000, 0x00000000a0400000|100%| O|  |TAMS 0x00000000a0400000, 0x00000000a0300000| Untracked 
|   4|0x00000000a0400000, 0x00000000a0500000, 0x00000000a0500000|100%| O|  |TAMS 0x00000000a0500000, 0x00000000a0400000| Untracked 
|   5|0x00000000a0500000, 0x00000000a0600000, 0x00000000a0600000|100%| O|  |TAMS 0x00000000a0600000, 0x00000000a0500000| Untracked 
|   6|0x00000000a0600000, 0x00000000a0700000, 0x00000000a0700000|100%| O|  |TAMS 0x00000000a0700000, 0x00000000a0600000| Untracked 
|   7|0x00000000a0700000, 0x00000000a0800000, 0x00000000a0800000|100%| O|  |TAMS 0x00000000a0800000, 0x00000000a0700000| Untracked 
|   8|0x00000000a0800000, 0x00000000a0900000, 0x00000000a0900000|100%| O|  |TAMS 0x00000000a0900000, 0x00000000a0800000| Untracked 
|   9|0x00000000a0900000, 0x00000000a0a00000, 0x00000000a0a00000|100%| O|  |TAMS 0x00000000a0a00000, 0x00000000a0900000| Untracked 
|  10|0x00000000a0a00000, 0x00000000a0b00000, 0x00000000a0b00000|100%| O|  |TAMS 0x00000000a0b00000, 0x00000000a0a00000| Untracked 
|  11|0x00000000a0b00000, 0x00000000a0c00000, 0x00000000a0c00000|100%| O|  |TAMS 0x00000000a0c00000, 0x00000000a0b00000| Untracked 
|  12|0x00000000a0c00000, 0x00000000a0d00000, 0x00000000a0d00000|100%| O|  |TAMS 0x00000000a0d00000, 0x00000000a0c00000| Untracked 
|  13|0x00000000a0d00000, 0x00000000a0e00000, 0x00000000a0e00000|100%| O|  |TAMS 0x00000000a0e00000, 0x00000000a0d00000| Untracked 
|  14|0x00000000a0e00000, 0x00000000a0f00000, 0x00000000a0f00000|100%| O|  |TAMS 0x00000000a0f00000, 0x00000000a0e00000| Untracked 
|  15|0x00000000a0f00000, 0x00000000a1000000, 0x00000000a1000000|100%| O|  |TAMS 0x00000000a1000000, 0x00000000a0f00000| Untracked 
|  16|0x00000000a1000000, 0x00000000a1100000, 0x00000000a1100000|100%| O|  |TAMS 0x00000000a1100000, 0x00000000a1000000| Untracked 
|  17|0x00000000a1100000, 0x00000000a1200000, 0x00000000a1200000|100%| O|  |TAMS 0x00000000a1200000, 0x00000000a1100000| Untracked 
|  18|0x00000000a1200000, 0x00000000a1300000, 0x00000000a1300000|100%| O|  |TAMS 0x00000000a1300000, 0x00000000a1200000| Untracked 
|  19|0x00000000a1300000, 0x00000000a1400000, 0x00000000a1400000|100%| O|  |TAMS 0x00000000a1400000, 0x00000000a1300000| Untracked 
|  20|0x00000000a1400000, 0x00000000a1500000, 0x00000000a1500000|100%| O|  |TAMS 0x00000000a1500000, 0x00000000a1400000| Untracked 
|  21|0x00000000a1500000, 0x00000000a1600000, 0x00000000a1600000|100%| O|  |TAMS 0x00000000a1600000, 0x00000000a1500000| Untracked 
|  22|0x00000000a1600000, 0x00000000a1700000, 0x00000000a1700000|100%|HS|  |TAMS 0x00000000a1700000, 0x00000000a1600000| Complete 
|  23|0x00000000a1700000, 0x00000000a1800000, 0x00000000a1800000|100%| O|  |TAMS 0x00000000a1800000, 0x00000000a1700000| Untracked 
|  24|0x00000000a1800000, 0x00000000a1900000, 0x00000000a1900000|100%| O|  |TAMS 0x00000000a1900000, 0x00000000a1800000| Untracked 
|  25|0x00000000a1900000, 0x00000000a1a00000, 0x00000000a1a00000|100%| O|  |TAMS 0x00000000a1a00000, 0x00000000a1900000| Untracked 
|  26|0x00000000a1a00000, 0x00000000a1b00000, 0x00000000a1b00000|100%| O|  |TAMS 0x00000000a1b00000, 0x00000000a1a00000| Untracked 
|  27|0x00000000a1b00000, 0x00000000a1c00000, 0x00000000a1c00000|100%| O|  |TAMS 0x00000000a1c00000, 0x00000000a1b00000| Untracked 
|  28|0x00000000a1c00000, 0x00000000a1d00000, 0x00000000a1d00000|100%|HS|  |TAMS 0x00000000a1d00000, 0x00000000a1c00000| Complete 
|  29|0x00000000a1d00000, 0x00000000a1e00000, 0x00000000a1e00000|100%| O|  |TAMS 0x00000000a1e00000, 0x00000000a1d00000| Untracked 
|  30|0x00000000a1e00000, 0x00000000a1f00000, 0x00000000a1f00000|100%| O|  |TAMS 0x00000000a1f00000, 0x00000000a1e00000| Untracked 
|  31|0x00000000a1f00000, 0x00000000a2000000, 0x00000000a2000000|100%| O|  |TAMS 0x00000000a2000000, 0x00000000a1f00000| Untracked 
|  32|0x00000000a2000000, 0x00000000a2100000, 0x00000000a2100000|100%| O|  |TAMS 0x00000000a2100000, 0x00000000a2000000| Untracked 
|  33|0x00000000a2100000, 0x00000000a2200000, 0x00000000a2200000|100%| O|  |TAMS 0x00000000a2200000, 0x00000000a2100000| Untracked 
|  34|0x00000000a2200000, 0x00000000a2300000, 0x00000000a2300000|100%|HS|  |TAMS 0x00000000a2300000, 0x00000000a2200000| Complete 
|  35|0x00000000a2300000, 0x00000000a2400000, 0x00000000a2400000|100%|HS|  |TAMS 0x00000000a2400000, 0x00000000a2300000| Complete 
|  36|0x00000000a2400000, 0x00000000a2500000, 0x00000000a2500000|100%|HS|  |TAMS 0x00000000a2500000, 0x00000000a2400000| Complete 
|  37|0x00000000a2500000, 0x00000000a2600000, 0x00000000a2600000|100%| O|  |TAMS 0x00000000a2600000, 0x00000000a2500000| Untracked 
|  38|0x00000000a2600000, 0x00000000a2700000, 0x00000000a2700000|100%| O|  |TAMS 0x00000000a2700000, 0x00000000a2600000| Untracked 
|  39|0x00000000a2700000, 0x00000000a2800000, 0x00000000a2800000|100%|HS|  |TAMS 0x00000000a2800000, 0x00000000a2700000| Complete 
|  40|0x00000000a2800000, 0x00000000a2900000, 0x00000000a2900000|100%|HC|  |TAMS 0x00000000a2900000, 0x00000000a2800000| Complete 
|  41|0x00000000a2900000, 0x00000000a2a00000, 0x00000000a2a00000|100%|HC|  |TAMS 0x00000000a2a00000, 0x00000000a2900000| Complete 
|  42|0x00000000a2a00000, 0x00000000a2b00000, 0x00000000a2b00000|100%| O|  |TAMS 0x00000000a2b00000, 0x00000000a2a00000| Untracked 
|  43|0x00000000a2b00000, 0x00000000a2c00000, 0x00000000a2c00000|100%|HS|  |TAMS 0x00000000a2c00000, 0x00000000a2b00000| Complete 
|  44|0x00000000a2c00000, 0x00000000a2d00000, 0x00000000a2d00000|100%|HC|  |TAMS 0x00000000a2d00000, 0x00000000a2c00000| Complete 
|  45|0x00000000a2d00000, 0x00000000a2e00000, 0x00000000a2e00000|100%| O|  |TAMS 0x00000000a2e00000, 0x00000000a2d00000| Untracked 
|  46|0x00000000a2e00000, 0x00000000a2f00000, 0x00000000a2f00000|100%| O|  |TAMS 0x00000000a2f00000, 0x00000000a2e00000| Untracked 
|  47|0x00000000a2f00000, 0x00000000a3000000, 0x00000000a3000000|100%| O|  |TAMS 0x00000000a3000000, 0x00000000a2f00000| Untracked 
|  48|0x00000000a3000000, 0x00000000a3100000, 0x00000000a3100000|100%| O|  |TAMS 0x00000000a3100000, 0x00000000a3000000| Untracked 
|  49|0x00000000a3100000, 0x00000000a3200000, 0x00000000a3200000|100%| O|  |TAMS 0x00000000a3200000, 0x00000000a3100000| Untracked 
|  50|0x00000000a3200000, 0x00000000a3300000, 0x00000000a3300000|100%| O|  |TAMS 0x00000000a3300000, 0x00000000a3200000| Untracked 
|  51|0x00000000a3300000, 0x00000000a3400000, 0x00000000a3400000|100%| O|  |TAMS 0x00000000a3400000, 0x00000000a3300000| Untracked 
|  52|0x00000000a3400000, 0x00000000a3500000, 0x00000000a3500000|100%| O|  |TAMS 0x00000000a3500000, 0x00000000a3400000| Untracked 
|  53|0x00000000a3500000, 0x00000000a3600000, 0x00000000a3600000|100%| O|  |TAMS 0x00000000a3600000, 0x00000000a3500000| Untracked 
|  54|0x00000000a3600000, 0x00000000a3700000, 0x00000000a3700000|100%| O|  |TAMS 0x00000000a3700000, 0x00000000a3600000| Untracked 
|  55|0x00000000a3700000, 0x00000000a3800000, 0x00000000a3800000|100%| O|  |TAMS 0x00000000a3800000, 0x00000000a3700000| Untracked 
|  56|0x00000000a3800000, 0x00000000a3900000, 0x00000000a3900000|100%| O|  |TAMS 0x00000000a3900000, 0x00000000a3800000| Untracked 
|  57|0x00000000a3900000, 0x00000000a3a00000, 0x00000000a3a00000|100%| O|  |TAMS 0x00000000a3a00000, 0x00000000a3900000| Untracked 
|  58|0x00000000a3a00000, 0x00000000a3b00000, 0x00000000a3b00000|100%| O|  |TAMS 0x00000000a3b00000, 0x00000000a3a00000| Untracked 
|  59|0x00000000a3b00000, 0x00000000a3c00000, 0x00000000a3c00000|100%| O|  |TAMS 0x00000000a3c00000, 0x00000000a3b00000| Untracked 
|  60|0x00000000a3c00000, 0x00000000a3d00000, 0x00000000a3d00000|100%| O|  |TAMS 0x00000000a3d00000, 0x00000000a3c00000| Untracked 
|  61|0x00000000a3d00000, 0x00000000a3e00000, 0x00000000a3e00000|100%| O|  |TAMS 0x00000000a3e00000, 0x00000000a3d00000| Untracked 
|  62|0x00000000a3e00000, 0x00000000a3f00000, 0x00000000a3f00000|100%| O|  |TAMS 0x00000000a3f00000, 0x00000000a3e00000| Untracked 
|  63|0x00000000a3f00000, 0x00000000a4000000, 0x00000000a4000000|100%| O|  |TAMS 0x00000000a4000000, 0x00000000a3f00000| Untracked 
|  64|0x00000000a4000000, 0x00000000a4100000, 0x00000000a4100000|100%| O|  |TAMS 0x00000000a4100000, 0x00000000a4000000| Untracked 
|  65|0x00000000a4100000, 0x00000000a4200000, 0x00000000a4200000|100%| O|  |TAMS 0x00000000a4200000, 0x00000000a4100000| Untracked 
|  66|0x00000000a4200000, 0x00000000a4300000, 0x00000000a4300000|100%| O|  |TAMS 0x00000000a4300000, 0x00000000a4200000| Untracked 
|  67|0x00000000a4300000, 0x00000000a4400000, 0x00000000a4400000|100%| O|  |TAMS 0x00000000a4400000, 0x00000000a4300000| Untracked 
|  68|0x00000000a4400000, 0x00000000a4500000, 0x00000000a4500000|100%| O|  |TAMS 0x00000000a4500000, 0x00000000a4400000| Untracked 
|  69|0x00000000a4500000, 0x00000000a4600000, 0x00000000a4600000|100%| O|  |TAMS 0x00000000a4600000, 0x00000000a4500000| Untracked 
|  70|0x00000000a4600000, 0x00000000a4700000, 0x00000000a4700000|100%| O|  |TAMS 0x00000000a4700000, 0x00000000a4600000| Untracked 
|  71|0x00000000a4700000, 0x00000000a4800000, 0x00000000a4800000|100%| O|  |TAMS 0x00000000a4800000, 0x00000000a4700000| Untracked 
|  72|0x00000000a4800000, 0x00000000a4900000, 0x00000000a4900000|100%| O|  |TAMS 0x00000000a4900000, 0x00000000a4800000| Untracked 
|  73|0x00000000a4900000, 0x00000000a4a00000, 0x00000000a4a00000|100%| O|  |TAMS 0x00000000a4a00000, 0x00000000a4900000| Untracked 
|  74|0x00000000a4a00000, 0x00000000a4b00000, 0x00000000a4b00000|100%| O|  |TAMS 0x00000000a4b00000, 0x00000000a4a00000| Untracked 
|  75|0x00000000a4b00000, 0x00000000a4c00000, 0x00000000a4c00000|100%| O|  |TAMS 0x00000000a4c00000, 0x00000000a4b00000| Untracked 
|  76|0x00000000a4c00000, 0x00000000a4d00000, 0x00000000a4d00000|100%| O|  |TAMS 0x00000000a4d00000, 0x00000000a4c00000| Untracked 
|  77|0x00000000a4d00000, 0x00000000a4e00000, 0x00000000a4e00000|100%| O|  |TAMS 0x00000000a4e00000, 0x00000000a4d00000| Untracked 
|  78|0x00000000a4e00000, 0x00000000a4f00000, 0x00000000a4f00000|100%|HS|  |TAMS 0x00000000a4f00000, 0x00000000a4e00000| Complete 
|  79|0x00000000a4f00000, 0x00000000a5000000, 0x00000000a5000000|100%|HS|  |TAMS 0x00000000a5000000, 0x00000000a4f00000| Complete 
|  80|0x00000000a5000000, 0x00000000a5100000, 0x00000000a5100000|100%| O|  |TAMS 0x00000000a5100000, 0x00000000a5000000| Untracked 
|  81|0x00000000a5100000, 0x00000000a5200000, 0x00000000a5200000|100%| O|  |TAMS 0x00000000a5200000, 0x00000000a5100000| Untracked 
|  82|0x00000000a5200000, 0x00000000a5300000, 0x00000000a5300000|100%| O|  |TAMS 0x00000000a5300000, 0x00000000a5200000| Untracked 
|  83|0x00000000a5300000, 0x00000000a5400000, 0x00000000a5400000|100%| O|  |TAMS 0x00000000a5400000, 0x00000000a5300000| Untracked 
|  84|0x00000000a5400000, 0x00000000a5500000, 0x00000000a5500000|100%| O|  |TAMS 0x00000000a5500000, 0x00000000a5400000| Untracked 
|  85|0x00000000a5500000, 0x00000000a5600000, 0x00000000a5600000|100%| O|  |TAMS 0x00000000a5600000, 0x00000000a5500000| Untracked 
|  86|0x00000000a5600000, 0x00000000a5700000, 0x00000000a5700000|100%| O|  |TAMS 0x00000000a5700000, 0x00000000a5600000| Untracked 
|  87|0x00000000a5700000, 0x00000000a5800000, 0x00000000a5800000|100%| O|  |TAMS 0x00000000a5800000, 0x00000000a5700000| Untracked 
|  88|0x00000000a5800000, 0x00000000a5900000, 0x00000000a5900000|100%| O|  |TAMS 0x00000000a5900000, 0x00000000a5800000| Untracked 
|  89|0x00000000a5900000, 0x00000000a5a00000, 0x00000000a5a00000|100%| O|  |TAMS 0x00000000a5a00000, 0x00000000a5900000| Untracked 
|  90|0x00000000a5a00000, 0x00000000a5b00000, 0x00000000a5b00000|100%| O|  |TAMS 0x00000000a5b00000, 0x00000000a5a00000| Untracked 
|  91|0x00000000a5b00000, 0x00000000a5c00000, 0x00000000a5c00000|100%| O|  |TAMS 0x00000000a5c00000, 0x00000000a5b00000| Untracked 
|  92|0x00000000a5c00000, 0x00000000a5d00000, 0x00000000a5d00000|100%| O|  |TAMS 0x00000000a5d00000, 0x00000000a5c00000| Untracked 
|  93|0x00000000a5d00000, 0x00000000a5e00000, 0x00000000a5e00000|100%| O|  |TAMS 0x00000000a5e00000, 0x00000000a5d00000| Untracked 
|  94|0x00000000a5e00000, 0x00000000a5f00000, 0x00000000a5f00000|100%| O|  |TAMS 0x00000000a5f00000, 0x00000000a5e00000| Untracked 
|  95|0x00000000a5f00000, 0x00000000a6000000, 0x00000000a6000000|100%| O|  |TAMS 0x00000000a6000000, 0x00000000a5f00000| Untracked 
|  96|0x00000000a6000000, 0x00000000a6100000, 0x00000000a6100000|100%| O|  |TAMS 0x00000000a6100000, 0x00000000a6000000| Untracked 
|  97|0x00000000a6100000, 0x00000000a6200000, 0x00000000a6200000|100%| O|  |TAMS 0x00000000a6100000, 0x00000000a6100000| Untracked 
|  98|0x00000000a6200000, 0x00000000a6300000, 0x00000000a6300000|100%|HS|  |TAMS 0x00000000a6300000, 0x00000000a6200000| Complete 
|  99|0x00000000a6300000, 0x00000000a6400000, 0x00000000a6400000|100%|HS|  |TAMS 0x00000000a6400000, 0x00000000a6300000| Complete 
| 100|0x00000000a6400000, 0x00000000a6500000, 0x00000000a6500000|100%|HS|  |TAMS 0x00000000a6500000, 0x00000000a6400000| Complete 
| 101|0x00000000a6500000, 0x00000000a6600000, 0x00000000a6600000|100%|HS|  |TAMS 0x00000000a6600000, 0x00000000a6500000| Complete 
| 102|0x00000000a6600000, 0x00000000a6700000, 0x00000000a6700000|100%|HS|  |TAMS 0x00000000a6700000, 0x00000000a6600000| Complete 
| 103|0x00000000a6700000, 0x00000000a6800000, 0x00000000a6800000|100%|HC|  |TAMS 0x00000000a6800000, 0x00000000a6700000| Complete 
| 104|0x00000000a6800000, 0x00000000a6900000, 0x00000000a6900000|100%|HC|  |TAMS 0x00000000a6900000, 0x00000000a6800000| Complete 
| 105|0x00000000a6900000, 0x00000000a6a00000, 0x00000000a6a00000|100%| O|  |TAMS 0x00000000a6900000, 0x00000000a6900000| Untracked 
| 106|0x00000000a6a00000, 0x00000000a6b00000, 0x00000000a6b00000|100%| O|  |TAMS 0x00000000a6a00000, 0x00000000a6a00000| Untracked 
| 107|0x00000000a6b00000, 0x00000000a6c00000, 0x00000000a6c00000|100%| O|  |TAMS 0x00000000a6b00000, 0x00000000a6b00000| Untracked 
| 108|0x00000000a6c00000, 0x00000000a6d00000, 0x00000000a6d00000|100%| O|  |TAMS 0x00000000a6c00000, 0x00000000a6c00000| Untracked 
| 109|0x00000000a6d00000, 0x00000000a6e00000, 0x00000000a6e00000|100%| O|  |TAMS 0x00000000a6d00000, 0x00000000a6d00000| Untracked 
| 110|0x00000000a6e00000, 0x00000000a6f00000, 0x00000000a6f00000|100%| O|  |TAMS 0x00000000a6e00000, 0x00000000a6e00000| Untracked 
| 111|0x00000000a6f00000, 0x00000000a7000000, 0x00000000a7000000|100%| O|  |TAMS 0x00000000a6f00000, 0x00000000a6f00000| Untracked 
| 112|0x00000000a7000000, 0x00000000a7100000, 0x00000000a7100000|100%| O|  |TAMS 0x00000000a7000000, 0x00000000a7000000| Untracked 
| 113|0x00000000a7100000, 0x00000000a7200000, 0x00000000a7200000|100%| O|  |TAMS 0x00000000a7100000, 0x00000000a7100000| Untracked 
| 114|0x00000000a7200000, 0x00000000a7300000, 0x00000000a7300000|100%| O|  |TAMS 0x00000000a7200000, 0x00000000a7200000| Untracked 
| 115|0x00000000a7300000, 0x00000000a7400000, 0x00000000a7400000|100%| O|  |TAMS 0x00000000a7300000, 0x00000000a7300000| Untracked 
| 116|0x00000000a7400000, 0x00000000a7500000, 0x00000000a7500000|100%| O|  |TAMS 0x00000000a7400000, 0x00000000a7400000| Untracked 
| 117|0x00000000a7500000, 0x00000000a7600000, 0x00000000a7600000|100%| O|  |TAMS 0x00000000a7500000, 0x00000000a7500000| Untracked 
| 118|0x00000000a7600000, 0x00000000a7700000, 0x00000000a7700000|100%| O|  |TAMS 0x00000000a7600000, 0x00000000a7600000| Untracked 
| 119|0x00000000a7700000, 0x00000000a7800000, 0x00000000a7800000|100%| O|  |TAMS 0x00000000a7700000, 0x00000000a7700000| Untracked 
| 120|0x00000000a7800000, 0x00000000a7900000, 0x00000000a7900000|100%| O|  |TAMS 0x00000000a7800000, 0x00000000a7800000| Untracked 
| 121|0x00000000a7900000, 0x00000000a7a00000, 0x00000000a7a00000|100%| O|  |TAMS 0x00000000a7900000, 0x00000000a7900000| Untracked 
| 122|0x00000000a7a00000, 0x00000000a7b00000, 0x00000000a7b00000|100%| O|  |TAMS 0x00000000a7a00000, 0x00000000a7a00000| Untracked 
| 123|0x00000000a7b00000, 0x00000000a7c00000, 0x00000000a7c00000|100%| O|  |TAMS 0x00000000a7b00000, 0x00000000a7b00000| Untracked 
| 124|0x00000000a7c00000, 0x00000000a7d00000, 0x00000000a7d00000|100%| O|  |TAMS 0x00000000a7c00000, 0x00000000a7c00000| Untracked 
| 125|0x00000000a7d00000, 0x00000000a7e00000, 0x00000000a7e00000|100%| O|  |TAMS 0x00000000a7d00000, 0x00000000a7d00000| Untracked 
| 126|0x00000000a7e00000, 0x00000000a7f00000, 0x00000000a7f00000|100%| O|  |TAMS 0x00000000a7e00000, 0x00000000a7e00000| Untracked 
| 127|0x00000000a7f00000, 0x00000000a8000000, 0x00000000a8000000|100%| O|  |TAMS 0x00000000a7f00000, 0x00000000a7f00000| Untracked 
| 128|0x00000000a8000000, 0x00000000a8100000, 0x00000000a8100000|100%| O|  |TAMS 0x00000000a8000000, 0x00000000a8000000| Untracked 
| 129|0x00000000a8100000, 0x00000000a8200000, 0x00000000a8200000|100%| O|  |TAMS 0x00000000a8100000, 0x00000000a8100000| Untracked 
| 130|0x00000000a8200000, 0x00000000a8300000, 0x00000000a8300000|100%| O|  |TAMS 0x00000000a8200000, 0x00000000a8200000| Untracked 
| 131|0x00000000a8300000, 0x00000000a8400000, 0x00000000a8400000|100%| O|  |TAMS 0x00000000a8300000, 0x00000000a8300000| Untracked 
| 132|0x00000000a8400000, 0x00000000a8500000, 0x00000000a8500000|100%| O|  |TAMS 0x00000000a8400000, 0x00000000a8400000| Untracked 
| 133|0x00000000a8500000, 0x00000000a8600000, 0x00000000a8600000|100%| O|  |TAMS 0x00000000a8500000, 0x00000000a8500000| Untracked 
| 134|0x00000000a8600000, 0x00000000a8700000, 0x00000000a8700000|100%| O|  |TAMS 0x00000000a8600000, 0x00000000a8600000| Untracked 
| 135|0x00000000a8700000, 0x00000000a8800000, 0x00000000a8800000|100%| O|  |TAMS 0x00000000a8700000, 0x00000000a8700000| Untracked 
| 136|0x00000000a8800000, 0x00000000a8900000, 0x00000000a8900000|100%| O|  |TAMS 0x00000000a8800000, 0x00000000a8800000| Untracked 
| 137|0x00000000a8900000, 0x00000000a8a00000, 0x00000000a8a00000|100%| O|  |TAMS 0x00000000a8900000, 0x00000000a8900000| Untracked 
| 138|0x00000000a8a00000, 0x00000000a8b00000, 0x00000000a8b00000|100%| O|  |TAMS 0x00000000a8a00000, 0x00000000a8a00000| Untracked 
| 139|0x00000000a8b00000, 0x00000000a8c00000, 0x00000000a8c00000|100%| O|  |TAMS 0x00000000a8b00000, 0x00000000a8b00000| Untracked 
| 140|0x00000000a8c00000, 0x00000000a8d00000, 0x00000000a8d00000|100%| O|  |TAMS 0x00000000a8c00000, 0x00000000a8c00000| Untracked 
| 141|0x00000000a8d00000, 0x00000000a8e00000, 0x00000000a8e00000|100%| O|  |TAMS 0x00000000a8d00000, 0x00000000a8d00000| Untracked 
| 142|0x00000000a8e00000, 0x00000000a8f00000, 0x00000000a8f00000|100%| O|  |TAMS 0x00000000a8e00000, 0x00000000a8e00000| Untracked 
| 143|0x00000000a8f00000, 0x00000000a9000000, 0x00000000a9000000|100%| O|  |TAMS 0x00000000a8f00000, 0x00000000a8f00000| Untracked 
| 144|0x00000000a9000000, 0x00000000a9100000, 0x00000000a9100000|100%| O|  |TAMS 0x00000000a9000000, 0x00000000a9000000| Untracked 
| 145|0x00000000a9100000, 0x00000000a9200000, 0x00000000a9200000|100%| O|  |TAMS 0x00000000a9100000, 0x00000000a9100000| Untracked 
| 146|0x00000000a9200000, 0x00000000a9300000, 0x00000000a9300000|100%| O|  |TAMS 0x00000000a9200000, 0x00000000a9200000| Untracked 
| 147|0x00000000a9300000, 0x00000000a9350200, 0x00000000a9400000| 31%| O|  |TAMS 0x00000000a9300000, 0x00000000a9300000| Untracked 
| 148|0x00000000a9400000, 0x00000000a9400000, 0x00000000a9500000|  0%| F|  |TAMS 0x00000000a9400000, 0x00000000a9400000| Untracked 
| 149|0x00000000a9500000, 0x00000000a9500000, 0x00000000a9600000|  0%| F|  |TAMS 0x00000000a9500000, 0x00000000a9500000| Untracked 
| 150|0x00000000a9600000, 0x00000000a9600000, 0x00000000a9700000|  0%| F|  |TAMS 0x00000000a9600000, 0x00000000a9600000| Untracked 
| 151|0x00000000a9700000, 0x00000000a9700000, 0x00000000a9800000|  0%| F|  |TAMS 0x00000000a9700000, 0x00000000a9700000| Untracked 
| 152|0x00000000a9800000, 0x00000000a9800000, 0x00000000a9900000|  0%| F|  |TAMS 0x00000000a9800000, 0x00000000a9800000| Untracked 
| 153|0x00000000a9900000, 0x00000000a9900000, 0x00000000a9a00000|  0%| F|  |TAMS 0x00000000a9900000, 0x00000000a9900000| Untracked 
| 154|0x00000000a9a00000, 0x00000000a9a00000, 0x00000000a9b00000|  0%| F|  |TAMS 0x00000000a9a00000, 0x00000000a9a00000| Untracked 
| 155|0x00000000a9b00000, 0x00000000a9b00000, 0x00000000a9c00000|  0%| F|  |TAMS 0x00000000a9b00000, 0x00000000a9b00000| Untracked 
| 156|0x00000000a9c00000, 0x00000000a9c00000, 0x00000000a9d00000|  0%| F|  |TAMS 0x00000000a9c00000, 0x00000000a9c00000| Untracked 
| 157|0x00000000a9d00000, 0x00000000a9d00000, 0x00000000a9e00000|  0%| F|  |TAMS 0x00000000a9d00000, 0x00000000a9d00000| Untracked 
| 158|0x00000000a9e00000, 0x00000000a9e00000, 0x00000000a9f00000|  0%| F|  |TAMS 0x00000000a9e00000, 0x00000000a9e00000| Untracked 
| 159|0x00000000a9f00000, 0x00000000a9f00000, 0x00000000aa000000|  0%| F|  |TAMS 0x00000000a9f00000, 0x00000000a9f00000| Untracked 
| 160|0x00000000aa000000, 0x00000000aa000000, 0x00000000aa100000|  0%| F|  |TAMS 0x00000000aa000000, 0x00000000aa000000| Untracked 
| 161|0x00000000aa100000, 0x00000000aa100000, 0x00000000aa200000|  0%| F|  |TAMS 0x00000000aa100000, 0x00000000aa100000| Untracked 
| 162|0x00000000aa200000, 0x00000000aa200000, 0x00000000aa300000|  0%| F|  |TAMS 0x00000000aa200000, 0x00000000aa200000| Untracked 
| 163|0x00000000aa300000, 0x00000000aa300000, 0x00000000aa400000|  0%| F|  |TAMS 0x00000000aa300000, 0x00000000aa300000| Untracked 
| 164|0x00000000aa400000, 0x00000000aa400000, 0x00000000aa500000|  0%| F|  |TAMS 0x00000000aa400000, 0x00000000aa400000| Untracked 
| 165|0x00000000aa500000, 0x00000000aa500000, 0x00000000aa600000|  0%| F|  |TAMS 0x00000000aa500000, 0x00000000aa500000| Untracked 
| 166|0x00000000aa600000, 0x00000000aa600000, 0x00000000aa700000|  0%| F|  |TAMS 0x00000000aa600000, 0x00000000aa600000| Untracked 
| 167|0x00000000aa700000, 0x00000000aa700000, 0x00000000aa800000|  0%| F|  |TAMS 0x00000000aa700000, 0x00000000aa700000| Untracked 
| 168|0x00000000aa800000, 0x00000000aa800000, 0x00000000aa900000|  0%| F|  |TAMS 0x00000000aa800000, 0x00000000aa800000| Untracked 
| 169|0x00000000aa900000, 0x00000000aa900000, 0x00000000aaa00000|  0%| F|  |TAMS 0x00000000aa900000, 0x00000000aa900000| Untracked 
| 170|0x00000000aaa00000, 0x00000000aaa00000, 0x00000000aab00000|  0%| F|  |TAMS 0x00000000aaa00000, 0x00000000aaa00000| Untracked 
| 171|0x00000000aab00000, 0x00000000aab00000, 0x00000000aac00000|  0%| F|  |TAMS 0x00000000aab00000, 0x00000000aab00000| Untracked 
| 172|0x00000000aac00000, 0x00000000aac00000, 0x00000000aad00000|  0%| F|  |TAMS 0x00000000aac00000, 0x00000000aac00000| Untracked 
| 173|0x00000000aad00000, 0x00000000aad00000, 0x00000000aae00000|  0%| F|  |TAMS 0x00000000aad00000, 0x00000000aad00000| Untracked 
| 174|0x00000000aae00000, 0x00000000aae00000, 0x00000000aaf00000|  0%| F|  |TAMS 0x00000000aae00000, 0x00000000aae00000| Untracked 
| 175|0x00000000aaf00000, 0x00000000aaf00000, 0x00000000ab000000|  0%| F|  |TAMS 0x00000000aaf00000, 0x00000000aaf00000| Untracked 
| 176|0x00000000ab000000, 0x00000000ab000000, 0x00000000ab100000|  0%| F|  |TAMS 0x00000000ab000000, 0x00000000ab000000| Untracked 
| 177|0x00000000ab100000, 0x00000000ab100000, 0x00000000ab200000|  0%| F|  |TAMS 0x00000000ab100000, 0x00000000ab100000| Untracked 
| 178|0x00000000ab200000, 0x00000000ab200000, 0x00000000ab300000|  0%| F|  |TAMS 0x00000000ab200000, 0x00000000ab200000| Untracked 
| 179|0x00000000ab300000, 0x00000000ab300000, 0x00000000ab400000|  0%| F|  |TAMS 0x00000000ab300000, 0x00000000ab300000| Untracked 
| 180|0x00000000ab400000, 0x00000000ab400000, 0x00000000ab500000|  0%| F|  |TAMS 0x00000000ab400000, 0x00000000ab400000| Untracked 
| 181|0x00000000ab500000, 0x00000000ab540008, 0x00000000ab600000| 25%| S|CS|TAMS 0x00000000ab500000, 0x00000000ab500000| Complete 
| 182|0x00000000ab600000, 0x00000000ab700000, 0x00000000ab700000|100%| S|CS|TAMS 0x00000000ab600000, 0x00000000ab600000| Complete 
| 183|0x00000000ab700000, 0x00000000ab800000, 0x00000000ab800000|100%| S|CS|TAMS 0x00000000ab700000, 0x00000000ab700000| Complete 
| 184|0x00000000ab800000, 0x00000000ab800000, 0x00000000ab900000|  0%| F|  |TAMS 0x00000000ab800000, 0x00000000ab800000| Untracked 
| 185|0x00000000ab900000, 0x00000000ab900000, 0x00000000aba00000|  0%| F|  |TAMS 0x00000000ab900000, 0x00000000ab900000| Untracked 
| 186|0x00000000aba00000, 0x00000000aba00000, 0x00000000abb00000|  0%| F|  |TAMS 0x00000000aba00000, 0x00000000aba00000| Untracked 
| 187|0x00000000abb00000, 0x00000000abb00000, 0x00000000abc00000|  0%| F|  |TAMS 0x00000000abb00000, 0x00000000abb00000| Untracked 
| 188|0x00000000abc00000, 0x00000000abc00000, 0x00000000abd00000|  0%| F|  |TAMS 0x00000000abc00000, 0x00000000abc00000| Untracked 
| 189|0x00000000abd00000, 0x00000000abd00000, 0x00000000abe00000|  0%| F|  |TAMS 0x00000000abd00000, 0x00000000abd00000| Untracked 
| 190|0x00000000abe00000, 0x00000000abe00000, 0x00000000abf00000|  0%| F|  |TAMS 0x00000000abe00000, 0x00000000abe00000| Untracked 
| 191|0x00000000abf00000, 0x00000000abf00000, 0x00000000ac000000|  0%| F|  |TAMS 0x00000000abf00000, 0x00000000abf00000| Untracked 
| 192|0x00000000ac000000, 0x00000000ac000000, 0x00000000ac100000|  0%| F|  |TAMS 0x00000000ac000000, 0x00000000ac000000| Untracked 
| 193|0x00000000ac100000, 0x00000000ac100000, 0x00000000ac200000|  0%| F|  |TAMS 0x00000000ac100000, 0x00000000ac100000| Untracked 
| 194|0x00000000ac200000, 0x00000000ac200000, 0x00000000ac300000|  0%| F|  |TAMS 0x00000000ac200000, 0x00000000ac200000| Untracked 
| 195|0x00000000ac300000, 0x00000000ac300000, 0x00000000ac400000|  0%| F|  |TAMS 0x00000000ac300000, 0x00000000ac300000| Untracked 
| 196|0x00000000ac400000, 0x00000000ac400000, 0x00000000ac500000|  0%| F|  |TAMS 0x00000000ac400000, 0x00000000ac400000| Untracked 
| 197|0x00000000ac500000, 0x00000000ac500000, 0x00000000ac600000|  0%| F|  |TAMS 0x00000000ac500000, 0x00000000ac500000| Untracked 
| 198|0x00000000ac600000, 0x00000000ac600000, 0x00000000ac700000|  0%| F|  |TAMS 0x00000000ac600000, 0x00000000ac600000| Untracked 
| 199|0x00000000ac700000, 0x00000000ac700000, 0x00000000ac800000|  0%| F|  |TAMS 0x00000000ac700000, 0x00000000ac700000| Untracked 
| 200|0x00000000ac800000, 0x00000000ac800000, 0x00000000ac900000|  0%| F|  |TAMS 0x00000000ac800000, 0x00000000ac800000| Untracked 
| 201|0x00000000ac900000, 0x00000000ac900000, 0x00000000aca00000|  0%| F|  |TAMS 0x00000000ac900000, 0x00000000ac900000| Untracked 
| 202|0x00000000aca00000, 0x00000000aca00000, 0x00000000acb00000|  0%| F|  |TAMS 0x00000000aca00000, 0x00000000aca00000| Untracked 
| 203|0x00000000acb00000, 0x00000000acb00000, 0x00000000acc00000|  0%| F|  |TAMS 0x00000000acb00000, 0x00000000acb00000| Untracked 
| 204|0x00000000acc00000, 0x00000000acc00000, 0x00000000acd00000|  0%| F|  |TAMS 0x00000000acc00000, 0x00000000acc00000| Untracked 
| 205|0x00000000acd00000, 0x00000000acd00000, 0x00000000ace00000|  0%| F|  |TAMS 0x00000000acd00000, 0x00000000acd00000| Untracked 
| 206|0x00000000ace00000, 0x00000000ace00000, 0x00000000acf00000|  0%| F|  |TAMS 0x00000000ace00000, 0x00000000ace00000| Untracked 
| 207|0x00000000acf00000, 0x00000000acf00000, 0x00000000ad000000|  0%| F|  |TAMS 0x00000000acf00000, 0x00000000acf00000| Untracked 
| 208|0x00000000ad000000, 0x00000000ad000000, 0x00000000ad100000|  0%| F|  |TAMS 0x00000000ad000000, 0x00000000ad000000| Untracked 
| 209|0x00000000ad100000, 0x00000000ad100000, 0x00000000ad200000|  0%| F|  |TAMS 0x00000000ad100000, 0x00000000ad100000| Untracked 
| 210|0x00000000ad200000, 0x00000000ad300000, 0x00000000ad300000|100%| E|  |TAMS 0x00000000ad200000, 0x00000000ad200000| Complete 
| 211|0x00000000ad300000, 0x00000000ad400000, 0x00000000ad400000|100%| E|CS|TAMS 0x00000000ad300000, 0x00000000ad300000| Complete 

Card table byte_map: [0x00000245229e0000,0x0000024522ce0000] _byte_map_base: 0x00000245224e0000

Marking Bits (Prev, Next): (CMBitMap*) 0x0000024510262670, (CMBitMap*) 0x0000024510262630
 Prev Bits: [0x00000245247e0000, 0x0000024525fe0000)
 Next Bits: [0x0000024522fe0000, 0x00000245247e0000)

Polling page: 0x000002450e140000

Metaspace:

Usage:
  Non-class:     88.18 MB used.
      Class:     13.90 MB used.
       Both:    102.08 MB used.

Virtual space:
  Non-class space:       96.00 MB reserved,      88.75 MB ( 92%) committed,  12 nodes.
      Class space:        1.00 GB reserved,      14.38 MB (  1%) committed,  1 nodes.
             Both:        1.09 GB reserved,     103.12 MB (  9%) committed. 

Chunk freelists:
   Non-Class:  2.98 MB
       Class:  1.60 MB
        Both:  4.58 MB

MaxMetaspaceSize: unlimited
CompressedClassSpaceSize: 1.00 GB
Initial GC threshold: 21.00 MB
Current GC threshold: 153.38 MB
CDS: off
MetaspaceReclaimPolicy: balanced
 - commit_granule_bytes: 65536.
 - commit_granule_words: 8192.
 - virtual_space_node_default_size: 1048576.
 - enlarge_chunks_in_place: 1.
 - new_chunks_are_fully_committed: 0.
 - uncommit_free_chunks: 1.
 - use_allocation_guard: 0.
 - handle_deallocations: 1.


Internal statistics:

num_allocs_failed_limit: 6.
num_arena_births: 1320.
num_arena_deaths: 0.
num_vsnodes_births: 13.
num_vsnodes_deaths: 0.
num_space_committed: 1650.
num_space_uncommitted: 0.
num_chunks_returned_to_freelist: 6.
num_chunks_taken_from_freelist: 5465.
num_chunk_merges: 3.
num_chunk_splits: 3509.
num_chunks_enlarged: 2213.
num_purges: 0.
num_inconsistent_stats: 0.

CodeHeap 'non-profiled nmethods': size=120000Kb used=7886Kb max_used=7886Kb free=112113Kb
 bounds [0x000002451b1b0000, 0x000002451b970000, 0x00000245226e0000]
CodeHeap 'profiled nmethods': size=120000Kb used=24650Kb max_used=24650Kb free=95349Kb
 bounds [0x00000245136e0000, 0x0000024514f00000, 0x000002451ac10000]
CodeHeap 'non-nmethods': size=5760Kb used=2404Kb max_used=2464Kb free=3355Kb
 bounds [0x000002451ac10000, 0x000002451ae80000, 0x000002451b1b0000]
 total_blobs=13276 nmethods=12335 adapters=853
 compilation: enabled
              stopped_count=0, restarted_count=0
 full_count=0

Compilation events (20 events):
Event: 60.013 Thread 0x000002452850e680 nmethod 13836 0x0000024514eeb890 code [0x0000024514eebb60, 0x0000024514eeca58]
Event: 60.013 Thread 0x000002452850e680 13837       3       org.gradle.internal.snapshot.AbstractIncompleteFileSystemNode$2::createNodeFromChildren (35 bytes)
Event: 60.016 Thread 0x000002452850e680 nmethod 13837 0x0000024514eecf90 code [0x0000024514eed240, 0x0000024514eee0d8]
Event: 60.114 Thread 0x000002452850e680 13839       3       org.gradle.internal.snapshot.PathUtil::comparePaths (128 bytes)
Event: 60.118 Thread 0x000002452850e680 nmethod 13839 0x0000024514eee610 code [0x0000024514eee960, 0x0000024514eeff38]
Event: 60.184 Thread 0x000002452f313050 nmethod 13832 0x000002451b95c790 code [0x000002451b95cb60, 0x000002451b95f140]
Event: 60.184 Thread 0x000002452f313050 13838       4       org.gradle.internal.hash.HashCode::fromBytes (47 bytes)
Event: 60.197 Thread 0x000002452f313050 nmethod 13838 0x000002451b961090 code [0x000002451b961220, 0x000002451b961698]
Event: 60.197 Thread 0x000002452f313050 13840       4       com.google.common.base.Ticker$1::read (4 bytes)
Event: 60.198 Thread 0x000002452f313050 nmethod 13840 0x000002451b961890 code [0x000002451b961a00, 0x000002451b961a98]
Event: 60.203 Thread 0x000002452f313050 13841       4       com.google.common.collect.ImmutableCollection::toArray (67 bytes)
Event: 60.222 Thread 0x000002452f313050 nmethod 13841 0x000002451b961b90 code [0x000002451b961d40, 0x000002451b9622f8]
Event: 60.223 Thread 0x000002452f313050 13842       4       com.google.common.util.concurrent.AbstractFuture::set (32 bytes)
Event: 60.232 Thread 0x000002452f313050 nmethod 13842 0x000002451b962690 code [0x000002451b962820, 0x000002451b962b98]
Event: 60.232 Thread 0x000002452f313050 13843       4       org.gradle.api.internal.file.collections.UnpackingVisitor::visitSingleFile (26 bytes)
Event: 60.238 Thread 0x000002452f313050 nmethod 13843 0x000002451b962d90 code [0x000002451b962f20, 0x000002451b963178]
Event: 60.262 Thread 0x000002452f313050 13844       4       java.io.BufferedInputStream::fill (203 bytes)
Event: 60.265 Thread 0x000002452f313050 nmethod 13844 0x000002451b963290 code [0x000002451b963420, 0x000002451b963538]
Event: 60.296 Thread 0x000002452f313050 13845       4       org.gradle.internal.snapshot.AbstractFileSystemLocationSnapshot::asFileSystemNode (2 bytes)
Event: 60.297 Thread 0x000002452f313050 nmethod 13845 0x000002451b963690 code [0x000002451b963800, 0x000002451b963878]

GC Heap History (20 events):
Event: 40.864 GC heap before
{Heap before GC invocations=56 (full 0):
 garbage-first heap   total 135168K, used 80896K [0x00000000a0000000, 0x0000000100000000)
  region size 1024K, 6 young (6144K), 4 survivors (4096K)
 Metaspace       used 88731K, committed 89472K, reserved 1130496K
  class space    used 12153K, committed 12480K, reserved 1048576K
}
Event: 40.877 GC heap after
{Heap after GC invocations=57 (full 0):
 garbage-first heap   total 135168K, used 79390K [0x00000000a0000000, 0x0000000100000000)
  region size 1024K, 1 young (1024K), 1 survivors (1024K)
 Metaspace       used 88731K, committed 89472K, reserved 1130496K
  class space    used 12153K, committed 12480K, reserved 1048576K
}
Event: 42.803 GC heap before
{Heap before GC invocations=57 (full 0):
 garbage-first heap   total 135168K, used 109086K [0x00000000a0000000, 0x0000000100000000)
  region size 1024K, 31 young (31744K), 1 survivors (1024K)
 Metaspace       used 89898K, committed 90624K, reserved 1130496K
  class space    used 12291K, committed 12608K, reserved 1048576K
}
Event: 42.813 GC heap after
{Heap after GC invocations=58 (full 0):
 garbage-first heap   total 208896K, used 81697K [0x00000000a0000000, 0x0000000100000000)
  region size 1024K, 3 young (3072K), 3 survivors (3072K)
 Metaspace       used 89898K, committed 90624K, reserved 1130496K
  class space    used 12291K, committed 12608K, reserved 1048576K
}
Event: 47.794 GC heap before
{Heap before GC invocations=59 (full 0):
 garbage-first heap   total 208896K, used 164641K [0x00000000a0000000, 0x0000000100000000)
  region size 1024K, 81 young (82944K), 3 survivors (3072K)
 Metaspace       used 92292K, committed 93120K, reserved 1130496K
  class space    used 12637K, committed 12992K, reserved 1048576K
}
Event: 47.829 GC heap after
{Heap after GC invocations=60 (full 0):
 garbage-first heap   total 208896K, used 99258K [0x00000000a0000000, 0x0000000100000000)
  region size 1024K, 11 young (11264K), 11 survivors (11264K)
 Metaspace       used 92292K, committed 93120K, reserved 1130496K
  class space    used 12637K, committed 12992K, reserved 1048576K
}
Event: 47.862 GC heap before
{Heap before GC invocations=60 (full 0):
 garbage-first heap   total 208896K, used 100282K [0x00000000a0000000, 0x0000000100000000)
  region size 1024K, 12 young (12288K), 11 survivors (11264K)
 Metaspace       used 92292K, committed 93120K, reserved 1130496K
  class space    used 12637K, committed 12992K, reserved 1048576K
}
Event: 47.881 GC heap after
{Heap after GC invocations=61 (full 0):
 garbage-first heap   total 208896K, used 100419K [0x00000000a0000000, 0x0000000100000000)
  region size 1024K, 2 young (2048K), 2 survivors (2048K)
 Metaspace       used 92292K, committed 93120K, reserved 1130496K
  class space    used 12637K, committed 12992K, reserved 1048576K
}
Event: 51.215 GC heap before
{Heap before GC invocations=61 (full 0):
 garbage-first heap   total 208896K, used 169027K [0x00000000a0000000, 0x0000000100000000)
  region size 1024K, 61 young (62464K), 2 survivors (2048K)
 Metaspace       used 93151K, committed 94080K, reserved 1130496K
  class space    used 12754K, committed 13120K, reserved 1048576K
}
Event: 51.237 GC heap after
{Heap after GC invocations=62 (full 0):
 garbage-first heap   total 208896K, used 123324K [0x00000000a0000000, 0x0000000100000000)
  region size 1024K, 8 young (8192K), 8 survivors (8192K)
 Metaspace       used 93151K, committed 94080K, reserved 1130496K
  class space    used 12754K, committed 13120K, reserved 1048576K
}
Event: 53.626 GC heap before
{Heap before GC invocations=63 (full 0):
 garbage-first heap   total 217088K, used 165308K [0x00000000a0000000, 0x0000000100000000)
  region size 1024K, 49 young (50176K), 8 survivors (8192K)
 Metaspace       used 98065K, committed 99008K, reserved 1138688K
  class space    used 13475K, committed 13888K, reserved 1048576K
}
Event: 53.645 GC heap after
{Heap after GC invocations=64 (full 0):
 garbage-first heap   total 217088K, used 127954K [0x00000000a0000000, 0x0000000100000000)
  region size 1024K, 4 young (4096K), 4 survivors (4096K)
 Metaspace       used 98065K, committed 99008K, reserved 1138688K
  class space    used 13475K, committed 13888K, reserved 1048576K
}
Event: 53.922 GC heap before
{Heap before GC invocations=64 (full 0):
 garbage-first heap   total 217088K, used 134098K [0x00000000a0000000, 0x0000000100000000)
  region size 1024K, 10 young (10240K), 4 survivors (4096K)
 Metaspace       used 98623K, committed 99520K, reserved 1138688K
  class space    used 13558K, committed 13952K, reserved 1048576K
}
Event: 53.933 GC heap after
{Heap after GC invocations=65 (full 0):
 garbage-first heap   total 217088K, used 128418K [0x00000000a0000000, 0x0000000100000000)
  region size 1024K, 1 young (1024K), 1 survivors (1024K)
 Metaspace       used 98623K, committed 99520K, reserved 1138688K
  class space    used 13558K, committed 13952K, reserved 1048576K
}
Event: 55.987 GC heap before
{Heap before GC invocations=65 (full 0):
 garbage-first heap   total 217088K, used 173474K [0x00000000a0000000, 0x0000000100000000)
  region size 1024K, 45 young (46080K), 1 survivors (1024K)
 Metaspace       used 100783K, committed 101696K, reserved 1138688K
  class space    used 13815K, committed 14208K, reserved 1048576K
}
Event: 56.006 GC heap after
{Heap after GC invocations=66 (full 0):
 garbage-first heap   total 217088K, used 135851K [0x00000000a0000000, 0x0000000100000000)
  region size 1024K, 6 young (6144K), 6 survivors (6144K)
 Metaspace       used 100783K, committed 101696K, reserved 1138688K
  class space    used 13815K, committed 14208K, reserved 1048576K
}
Event: 57.866 GC heap before
{Heap before GC invocations=66 (full 0):
 garbage-first heap   total 217088K, used 174763K [0x00000000a0000000, 0x0000000100000000)
  region size 1024K, 45 young (46080K), 6 survivors (6144K)
 Metaspace       used 101454K, committed 102464K, reserved 1138688K
  class space    used 13895K, committed 14336K, reserved 1048576K
}
Event: 57.898 GC heap after
{Heap after GC invocations=67 (full 0):
 garbage-first heap   total 217088K, used 144249K [0x00000000a0000000, 0x0000000100000000)
  region size 1024K, 6 young (6144K), 6 survivors (6144K)
 Metaspace       used 101454K, committed 102464K, reserved 1138688K
  class space    used 13895K, committed 14336K, reserved 1048576K
}
Event: 59.132 GC heap before
{Heap before GC invocations=67 (full 0):
 garbage-first heap   total 217088K, used 175993K [0x00000000a0000000, 0x0000000100000000)
  region size 1024K, 38 young (38912K), 6 survivors (6144K)
 Metaspace       used 103308K, committed 104320K, reserved 1138688K
  class space    used 14079K, committed 14528K, reserved 1048576K
}
Event: 59.153 GC heap after
{Heap after GC invocations=68 (full 0):
 garbage-first heap   total 217088K, used 150191K [0x00000000a0000000, 0x0000000100000000)
  region size 1024K, 5 young (5120K), 5 survivors (5120K)
 Metaspace       used 103308K, committed 104320K, reserved 1138688K
  class space    used 14079K, committed 14528K, reserved 1048576K
}

Dll operation events (2 events):
Event: 0.019 Loaded shared library C:\Program Files\Android\Android Studio\jbr\bin\java.dll
Event: 1.583 Loaded shared library C:\Program Files\Android\Android Studio\jbr\bin\verify.dll

Deoptimization events (20 events):
Event: 59.640 Thread 0x000002452defa870 Uncommon trap: trap_request=0xffffffde fr.pc=0x000002451b2b8eec relative=0x000000000000136c
Event: 59.640 Thread 0x000002452defa870 Uncommon trap: reason=class_check action=maybe_recompile pc=0x000002451b2b8eec method=org.gradle.internal.snapshot.SnapshotUtil$1.handleAsDescendantOfChild(Lorg/gradle/internal/snapshot/VfsRelativePath;Ljava/lang/Object;)Ljava/lang/Object; @ 3 c2
Event: 59.640 Thread 0x000002452defa870 DEOPT PACKING pc=0x000002451b2b8eec sp=0x0000007894dfca40
Event: 59.640 Thread 0x000002452defa870 DEOPT UNPACKING pc=0x000002451ac669a3 sp=0x0000007894dfc9b0 mode 2
Event: 59.641 Thread 0x000002452defa870 Uncommon trap: trap_request=0xffffffde fr.pc=0x000002451b2b8eec relative=0x000000000000136c
Event: 59.641 Thread 0x000002452defa870 Uncommon trap: reason=class_check action=maybe_recompile pc=0x000002451b2b8eec method=org.gradle.internal.snapshot.SnapshotUtil$1.handleAsDescendantOfChild(Lorg/gradle/internal/snapshot/VfsRelativePath;Ljava/lang/Object;)Ljava/lang/Object; @ 3 c2
Event: 59.641 Thread 0x000002452defa870 DEOPT PACKING pc=0x000002451b2b8eec sp=0x0000007894dfc730
Event: 59.641 Thread 0x000002452defa870 DEOPT UNPACKING pc=0x000002451ac669a3 sp=0x0000007894dfc6a0 mode 2
Event: 59.642 Thread 0x000002452defa870 Uncommon trap: trap_request=0xffffffde fr.pc=0x000002451b2b8eec relative=0x000000000000136c
Event: 59.642 Thread 0x000002452defa870 Uncommon trap: reason=class_check action=maybe_recompile pc=0x000002451b2b8eec method=org.gradle.internal.snapshot.SnapshotUtil$1.handleAsDescendantOfChild(Lorg/gradle/internal/snapshot/VfsRelativePath;Ljava/lang/Object;)Ljava/lang/Object; @ 3 c2
Event: 59.642 Thread 0x000002452defa870 DEOPT PACKING pc=0x000002451b2b8eec sp=0x0000007894dfca40
Event: 59.642 Thread 0x000002452defa870 DEOPT UNPACKING pc=0x000002451ac669a3 sp=0x0000007894dfc9b0 mode 2
Event: 59.642 Thread 0x000002452defa870 Uncommon trap: trap_request=0xffffffde fr.pc=0x000002451b2b8eec relative=0x000000000000136c
Event: 59.642 Thread 0x000002452defa870 Uncommon trap: reason=class_check action=maybe_recompile pc=0x000002451b2b8eec method=org.gradle.internal.snapshot.SnapshotUtil$1.handleAsDescendantOfChild(Lorg/gradle/internal/snapshot/VfsRelativePath;Ljava/lang/Object;)Ljava/lang/Object; @ 3 c2
Event: 59.642 Thread 0x000002452defa870 DEOPT PACKING pc=0x000002451b2b8eec sp=0x0000007894dfc730
Event: 59.642 Thread 0x000002452defa870 DEOPT UNPACKING pc=0x000002451ac669a3 sp=0x0000007894dfc6a0 mode 2
Event: 59.644 Thread 0x000002452defa870 Uncommon trap: trap_request=0xffffff45 fr.pc=0x000002451b3f4f08 relative=0x00000000000004a8
Event: 59.644 Thread 0x000002452defa870 Uncommon trap: reason=unstable_if action=reinterpret pc=0x000002451b3f4f08 method=com.google.common.collect.Lists.equalsImpl(Ljava/util/List;Ljava/lang/Object;)Z @ 85 c2
Event: 59.644 Thread 0x000002452defa870 DEOPT PACKING pc=0x000002451b3f4f08 sp=0x0000007894dfcc80
Event: 59.644 Thread 0x000002452defa870 DEOPT UNPACKING pc=0x000002451ac669a3 sp=0x0000007894dfcbb0 mode 2

Classes unloaded (0 events):
No events

Classes redefined (0 events):
No events

Internal exceptions (20 events):
Event: 53.448 Thread 0x000002452a536a80 Exception <a 'sun/nio/fs/WindowsException'{0x00000000aae39520}> (0x00000000aae39520) 
thrown [s\src\hotspot\share\prims\jni.cpp, line 517]
Event: 53.448 Thread 0x000002452a536a80 Exception <a 'sun/nio/fs/WindowsException'{0x00000000aae3a8e8}> (0x00000000aae3a8e8) 
thrown [s\src\hotspot\share\prims\jni.cpp, line 517]
Event: 53.647 Thread 0x00000245284ec990 Implicit null exception at 0x000002451b2cb47d to 0x000002451b2cba9c
Event: 53.654 Thread 0x000002452a536a80 Implicit null exception at 0x000002451b818cda to 0x000002451b819b84
Event: 53.670 Thread 0x000002452a536a80 Implicit null exception at 0x000002451b81a50a to 0x000002451b81a5ea
Event: 53.671 Thread 0x000002452a536a80 Implicit null exception at 0x000002451b78662b to 0x000002451b786cfc
Event: 53.786 Thread 0x000002452a536a80 Implicit null exception at 0x000002451b827243 to 0x000002451b8272f7
Event: 54.552 Thread 0x000002452a536a80 Implicit null exception at 0x000002451b843bce to 0x000002451b844558
Event: 56.431 Thread 0x000002452a536a80 Exception <a 'java/lang/ClassNotFoundException'{0x00000000acd72f18}: org/gradle/api/internal/file/collections/DefaultConfigurableFileCollectionBeanInfo> (0x00000000acd72f18) 
thrown [s\src\hotspot\share\classfile\systemDictionary.cpp, line 256]
Event: 56.432 Thread 0x000002452a536a80 Exception <a 'java/lang/ClassNotFoundException'{0x00000000acd7d600}: org/gradle/api/internal/file/CompositeFileCollectionBeanInfo> (0x00000000acd7d600) 
thrown [s\src\hotspot\share\classfile\systemDictionary.cpp, line 256]
Event: 56.434 Thread 0x000002452a536a80 Exception <a 'java/lang/ClassNotFoundException'{0x00000000acd87ef0}: org/gradle/api/internal/file/CompositeFileCollectionCustomizer> (0x00000000acd87ef0) 
thrown [s\src\hotspot\share\classfile\systemDictionary.cpp, line 256]
Event: 56.438 Thread 0x000002452a536a80 Exception <a 'java/lang/ClassNotFoundException'{0x00000000acd9b150}: org/gradle/api/internal/file/collections/DefaultConfigurableFileCollectionCustomizer> (0x00000000acd9b150) 
thrown [s\src\hotspot\share\classfile\systemDictionary.cpp, line 256]
Event: 56.450 Thread 0x000002452a536a80 Exception <a 'java/lang/ClassNotFoundException'{0x00000000acc26f78}: org/gradle/api/internal/file/UnionFileCollectionBeanInfo> (0x00000000acc26f78) 
thrown [s\src\hotspot\share\classfile\systemDictionary.cpp, line 256]
Event: 56.451 Thread 0x000002452a536a80 Exception <a 'java/lang/ClassNotFoundException'{0x00000000acc30368}: org/gradle/api/internal/file/UnionFileCollectionCustomizer> (0x00000000acc30368) 
thrown [s\src\hotspot\share\classfile\systemDictionary.cpp, line 256]
Event: 58.868 Thread 0x000002452a536a80 Exception <a 'java/lang/NoSuchMethodError'{0x00000000ab8d3070}: static Lcom/android/build/gradle/internal/profile/ProjectData;.<clinit>()V> (0x00000000ab8d3070) 
thrown [s\src\hotspot\share\prims\jni.cpp, line 1108]
Event: 58.928 Thread 0x000002452a536a80 Exception <a 'java/lang/NoSuchMethodError'{0x00000000ab775610}: static Lcom/android/build/gradle/internal/profile/TaskMetadata;.<clinit>()V> (0x00000000ab775610) 
thrown [s\src\hotspot\share\prims\jni.cpp, line 1108]
Event: 59.002 Thread 0x000002452a536a80 Exception <a 'java/lang/NoSuchMethodError'{0x00000000ab6ca738}: 'void java.lang.invoke.DirectMethodHandle$Holder.invokeSpecial(java.lang.Object, java.lang.Object, java.lang.Object, int)'> (0x00000000ab6ca738) 
thrown [s\src\hotspot\share\interpreter\linkResolver.cpp, line 771]
Event: 59.223 Thread 0x000002452a536a80 Exception <a 'sun/nio/fs/WindowsException'{0x00000000ad277818}> (0x00000000ad277818) 
thrown [s\src\hotspot\share\prims\jni.cpp, line 517]
Event: 59.330 Thread 0x000002452a536a80 Implicit null exception at 0x000002451b6aa97a to 0x000002451b6ab068
Event: 59.358 Thread 0x000002452def9530 Exception <a 'java/lang/NoSuchMethodError'{0x00000000acf5f420}: 'void java.lang.invoke.DirectMethodHandle$Holder.invokeStatic(java.lang.Object, java.lang.Object, java.lang.Object, java.lang.Object, int, java.lang.Object, java.lang.Object)'> (0x00000000acf5f420) 
thrown [s\src\hotspot\share\interpreter\linkResolver.cpp, line 771]

VM Operations (20 events):
Event: 55.855 Executing VM operation: ICBufferFull
Event: 55.855 Executing VM operation: ICBufferFull done
Event: 55.987 Executing VM operation: G1CollectForAllocation
Event: 56.009 Executing VM operation: G1CollectForAllocation done
Event: 56.656 Executing VM operation: ICBufferFull
Event: 56.657 Executing VM operation: ICBufferFull done
Event: 57.421 Executing VM operation: HandshakeAllThreads
Event: 57.421 Executing VM operation: HandshakeAllThreads done
Event: 57.449 Executing VM operation: ICBufferFull
Event: 57.450 Executing VM operation: ICBufferFull done
Event: 57.866 Executing VM operation: G1CollectForAllocation
Event: 57.898 Executing VM operation: G1CollectForAllocation done
Event: 58.409 Executing VM operation: HandshakeAllThreads
Event: 58.409 Executing VM operation: HandshakeAllThreads done
Event: 58.873 Executing VM operation: HandshakeAllThreads
Event: 58.873 Executing VM operation: HandshakeAllThreads done
Event: 59.131 Executing VM operation: G1CollectForAllocation
Event: 59.156 Executing VM operation: G1CollectForAllocation done
Event: 59.646 Executing VM operation: HandshakeAllThreads
Event: 59.647 Executing VM operation: HandshakeAllThreads done

Events (20 events):
Event: 59.012 loading class jdk/internal/event/DeserializationEvent done
Event: 59.012 loading class java/io/ObjectInputStream$FieldValues
Event: 59.012 loading class java/io/ObjectInputStream$GetField
Event: 59.013 loading class java/io/ObjectInputStream$GetField done
Event: 59.013 loading class java/io/ObjectInputStream$FieldValues done
Event: 59.019 loading class java/util/HashMap$UnsafeHolder
Event: 59.019 loading class java/util/HashMap$UnsafeHolder done
Event: 59.228 Thread 0x000002453086f250 Thread added: 0x000002453086f250
Event: 59.238 Thread 0x000002453086da40 Thread added: 0x000002453086da40
Event: 59.377 Thread 0x000002453086e3e0 Thread added: 0x000002453086e3e0
Event: 59.382 loading class java/util/TreeMap$KeySpliterator
Event: 59.382 loading class java/util/TreeMap$TreeMapSpliterator
Event: 59.383 loading class java/util/TreeMap$TreeMapSpliterator done
Event: 59.383 loading class java/util/TreeMap$KeySpliterator done
Event: 59.456 loading class java/time/Clock
Event: 59.456 loading class java/time/InstantSource
Event: 59.456 loading class java/time/InstantSource done
Event: 59.456 loading class java/time/Clock done
Event: 59.457 loading class java/time/Clock$SystemClock
Event: 59.457 loading class java/time/Clock$SystemClock done


Dynamic libraries:
0x00007ff66a160000 - 0x00007ff66a16a000 	C:\Program Files\Android\Android Studio\jbr\bin\java.exe
0x00007fff459b0000 - 0x00007fff45ba7000 	C:\Windows\SYSTEM32\ntdll.dll
0x00007fff128f0000 - 0x00007fff12909000 	C:\Program Files\Avast Software\Avast\aswhook.dll
0x00007fff43aa0000 - 0x00007fff43b5d000 	C:\Windows\System32\KERNEL32.DLL
0x00007fff43500000 - 0x00007fff437f6000 	C:\Windows\System32\KERNELBASE.dll
0x00007fff43310000 - 0x00007fff43410000 	C:\Windows\System32\ucrtbase.dll
0x00007fff36060000 - 0x00007fff3607b000 	C:\Program Files\Android\Android Studio\jbr\bin\VCRUNTIME140.dll
0x00007fff363c0000 - 0x00007fff363d7000 	C:\Program Files\Android\Android Studio\jbr\bin\jli.dll
0x00007fff44850000 - 0x00007fff449ee000 	C:\Windows\System32\USER32.dll
0x00007fff439e0000 - 0x00007fff43a02000 	C:\Windows\System32\win32u.dll
0x00007fff45940000 - 0x00007fff4596c000 	C:\Windows\System32\GDI32.dll
0x00007fff296e0000 - 0x00007fff2997a000 	C:\Windows\WinSxS\amd64_microsoft.windows.common-controls_6595b64144ccf1df_6.0.19041.3570_none_60bb2a3971f3e41a\COMCTL32.dll
0x00007fff431f0000 - 0x00007fff4330a000 	C:\Windows\System32\gdi32full.dll
0x00007fff43e30000 - 0x00007fff43ece000 	C:\Windows\System32\msvcrt.dll
0x00007fff43800000 - 0x00007fff4389d000 	C:\Windows\System32\msvcp_win.dll
0x00007fff45760000 - 0x00007fff45790000 	C:\Windows\System32\IMM32.DLL
0x00007fff3ba10000 - 0x00007fff3ba1c000 	C:\Program Files\Android\Android Studio\jbr\bin\vcruntime140_1.dll
0x00007fff1db00000 - 0x00007fff1db8d000 	C:\Program Files\Android\Android Studio\jbr\bin\msvcp140.dll
0x00007ffece9e0000 - 0x00007ffecf64e000 	C:\Program Files\Android\Android Studio\jbr\bin\server\jvm.dll
0x00007fff43cb0000 - 0x00007fff43d5e000 	C:\Windows\System32\ADVAPI32.dll
0x00007fff450c0000 - 0x00007fff4515c000 	C:\Windows\System32\sechost.dll
0x00007fff449f0000 - 0x00007fff44b16000 	C:\Windows\System32\RPCRT4.dll
0x00007fff32690000 - 0x00007fff32699000 	C:\Windows\SYSTEM32\WSOCK32.dll
0x00007fff29e40000 - 0x00007fff29e67000 	C:\Windows\SYSTEM32\WINMM.dll
0x00007fff38220000 - 0x00007fff3822a000 	C:\Windows\SYSTEM32\VERSION.dll
0x00007fff43c40000 - 0x00007fff43cab000 	C:\Windows\System32\WS2_32.dll
0x00007fff41880000 - 0x00007fff41892000 	C:\Windows\SYSTEM32\kernel.appcore.dll
0x00007fff37770000 - 0x00007fff3777a000 	C:\Program Files\Android\Android Studio\jbr\bin\jimage.dll
0x00007fff40dd0000 - 0x00007fff40fb4000 	C:\Windows\SYSTEM32\DBGHELP.DLL
0x00007fff37ec0000 - 0x00007fff37ef4000 	C:\Windows\SYSTEM32\dbgcore.DLL
0x00007fff43950000 - 0x00007fff439d2000 	C:\Windows\System32\bcryptPrimitives.dll
0x00007fff20a10000 - 0x00007fff20a35000 	C:\Program Files\Android\Android Studio\jbr\bin\java.dll
0x00007fff23c00000 - 0x00007fff23c18000 	C:\Program Files\Android\Android Studio\jbr\bin\zip.dll
0x00007fff43ed0000 - 0x00007fff44614000 	C:\Windows\System32\SHELL32.dll
0x00007fff410d0000 - 0x00007fff4186b000 	C:\Windows\SYSTEM32\windows.storage.dll
0x00007fff451c0000 - 0x00007fff45514000 	C:\Windows\System32\combase.dll
0x00007fff42920000 - 0x00007fff4294d000 	C:\Windows\SYSTEM32\Wldp.dll
0x00007fff45580000 - 0x00007fff4562d000 	C:\Windows\System32\SHCORE.dll
0x00007fff45160000 - 0x00007fff451b5000 	C:\Windows\System32\shlwapi.dll
0x00007fff42fc0000 - 0x00007fff42fe5000 	C:\Windows\SYSTEM32\profapi.dll
0x00007fff1f900000 - 0x00007fff1f919000 	C:\Program Files\Android\Android Studio\jbr\bin\net.dll
0x00007fff3a940000 - 0x00007fff3aa4a000 	C:\Windows\SYSTEM32\WINHTTP.dll
0x00007fff42700000 - 0x00007fff4276a000 	C:\Windows\system32\mswsock.dll
0x00007fff1f8e0000 - 0x00007fff1f8f6000 	C:\Program Files\Android\Android Studio\jbr\bin\nio.dll
0x00007fff37640000 - 0x00007fff37650000 	C:\Program Files\Android\Android Studio\jbr\bin\verify.dll
0x00007fff1f8b0000 - 0x00007fff1f8d7000 	C:\Users\Admin\.gradle\native\e1d6ef7f7dcc3fd88c89a11ec53ec762bb8ba0a96d01ffa2cd45eb1d1d8dd5c5\windows-amd64\native-platform.dll
0x00007fff14820000 - 0x00007fff14964000 	C:\Users\Admin\.gradle\native\0d407fdbe67a94daf76414ababcb853783967236a71b16ec16e742cd7a986fd3\windows-amd64\native-platform-file-events.dll
0x00007fff36f10000 - 0x00007fff36f19000 	C:\Program Files\Android\Android Studio\jbr\bin\management.dll
0x00007fff2f190000 - 0x00007fff2f19b000 	C:\Program Files\Android\Android Studio\jbr\bin\management_ext.dll
0x00007fff45040000 - 0x00007fff45048000 	C:\Windows\System32\PSAPI.DLL
0x00007fff42960000 - 0x00007fff42978000 	C:\Windows\SYSTEM32\CRYPTSP.dll
0x00007fff42030000 - 0x00007fff42064000 	C:\Windows\system32\rsaenh.dll
0x00007fff43460000 - 0x00007fff43487000 	C:\Windows\System32\bcrypt.dll
0x00007fff42f80000 - 0x00007fff42fae000 	C:\Windows\SYSTEM32\USERENV.dll
0x00007fff42890000 - 0x00007fff4289c000 	C:\Windows\SYSTEM32\CRYPTBASE.dll
0x00007fff42410000 - 0x00007fff4244b000 	C:\Windows\SYSTEM32\IPHLPAPI.DLL
0x00007fff43a10000 - 0x00007fff43a18000 	C:\Windows\System32\NSI.dll
0x00007fff3ac90000 - 0x00007fff3aca7000 	C:\Windows\SYSTEM32\dhcpcsvc6.DLL
0x00007fff39e40000 - 0x00007fff39e5d000 	C:\Windows\SYSTEM32\dhcpcsvc.DLL
0x00007fff42450000 - 0x00007fff4251a000 	C:\Windows\SYSTEM32\DNSAPI.dll
0x00007fff2d180000 - 0x00007fff2d187000 	C:\Windows\system32\wshunix.dll

dbghelp: loaded successfully - version: 4.0.5 - missing functions: none
symbol engine: initialized successfully - sym options: 0x614 - pdb path: .;C:\Program Files\Android\Android Studio\jbr\bin;C:\Windows\SYSTEM32;C:\Program Files\Avast Software\Avast;C:\Windows\WinSxS\amd64_microsoft.windows.common-controls_6595b64144ccf1df_6.0.19041.3570_none_60bb2a3971f3e41a;C:\Program Files\Android\Android Studio\jbr\bin\server;C:\Users\Admin\.gradle\native\e1d6ef7f7dcc3fd88c89a11ec53ec762bb8ba0a96d01ffa2cd45eb1d1d8dd5c5\windows-amd64;C:\Users\Admin\.gradle\native\0d407fdbe67a94daf76414ababcb853783967236a71b16ec16e742cd7a986fd3\windows-amd64

VM Arguments:
jvm_args: --add-opens=java.base/java.util=ALL-UNNAMED --add-opens=java.base/java.lang=ALL-UNNAMED --add-opens=java.base/java.lang.invoke=ALL-UNNAMED --add-opens=java.base/java.util=ALL-UNNAMED --add-opens=java.prefs/java.util.prefs=ALL-UNNAMED --add-opens=java.prefs/java.util.prefs=ALL-UNNAMED --add-opens=java.base/java.nio.charset=ALL-UNNAMED --add-opens=java.base/java.net=ALL-UNNAMED --add-opens=java.base/java.util.concurrent.atomic=ALL-UNNAMED -Xmx1536M -Dfile.encoding=windows-1252 -Duser.country=US -Duser.language=en -Duser.variant 
java_command: org.gradle.launcher.daemon.bootstrap.GradleDaemon 7.5
java_class_path (initial): C:\Users\Admin\.gradle\wrapper\dists\gradle-7.5-all\6qsw290k5lz422uaf8jf6m7co\gradle-7.5\lib\gradle-launcher-7.5.jar
Launcher Type: SUN_STANDARD

[Global flags]
     intx CICompilerCount                          = 3                                         {product} {ergonomic}
     uint ConcGCThreads                            = 1                                         {product} {ergonomic}
     uint G1ConcRefinementThreads                  = 4                                         {product} {ergonomic}
   size_t G1HeapRegionSize                         = 1048576                                   {product} {ergonomic}
    uintx GCDrainStackTargetSize                   = 64                                        {product} {ergonomic}
   size_t InitialHeapSize                          = 134217728                                 {product} {ergonomic}
   size_t MarkStackSize                            = 4194304                                   {product} {ergonomic}
   size_t MaxHeapSize                              = 1610612736                                {product} {command line}
   size_t MaxNewSize                               = 965738496                                 {product} {ergonomic}
   size_t MinHeapDeltaBytes                        = 1048576                                   {product} {ergonomic}
   size_t MinHeapSize                              = 8388608                                   {product} {ergonomic}
    uintx NonNMethodCodeHeapSize                   = 5832780                                {pd product} {ergonomic}
    uintx NonProfiledCodeHeapSize                  = 122912730                              {pd product} {ergonomic}
    uintx ProfiledCodeHeapSize                     = 122912730                              {pd product} {ergonomic}
    uintx ReservedCodeCacheSize                    = 251658240                              {pd product} {ergonomic}
     bool SegmentedCodeCache                       = true                                      {product} {ergonomic}
   size_t SoftMaxHeapSize                          = 1610612736                             {manageable} {ergonomic}
     bool UseCompressedClassPointers               = true                           {product lp64_product} {ergonomic}
     bool UseCompressedOops                        = true                           {product lp64_product} {ergonomic}
     bool UseG1GC                                  = true                                      {product} {ergonomic}
     bool UseLargePagesIndividualAllocation        = false                                  {pd product} {ergonomic}

Logging:
Log output configuration:
 #0: stdout all=warning uptime,level,tags
 #1: stderr all=off uptime,level,tags

Environment Variables:
JAVA_HOME=C:\Program Files\Android\Android Studio\jbr
CLASSPATH=H:\my-P-flutter\instagram\android\\gradle\wrapper\gradle-wrapper.jar
PATH=C:\Program Files\Android\Android Studio\jbr\bin;C:\Program Files\Common Files\Oracle\Java\javapath;C:\Windows\system32;C:\Windows;C:\Windows\System32\Wbem;C:\Windows\System32\WindowsPowerShell\v1.0\;C:\Windows\System32\OpenSSH\;C:\Program Files\Git\cmd;C:\Program Files\Microsoft SQL Server\150\Tools\Binn\;C:\Program Files (x86)\Windows Kits\10\Windows Performance Toolkit\;C:\Program Files\Microsoft SQL Server\Client SDK\ODBC\170\Tools\Binn\;C:\Program Files\dotnet\;C:\Program Files (x86)\Incredibuild;C:\Program Files\nodejs\;C:\Users\Admin\AppData\Local\Microsoft\WindowsApps;C:\Users\Admin\AppData\Local\Programs\Microsoft VS Code\bin;C:\Users\Admin\Desktop\Devolpment Flutter\flutter\bin;C:\Users\Admin\Desktop\flutter projects;C:\Users\Admin\.dotnet\tools;C:\Users\Admin\AppData\Local\Pub\Cache\bin;C:\Users\Admin\AppData\Roaming\npm;C:\Program Files\Java\jdk-21\bin;G:\src\flutter\bin;;G:\src\flutter\bin\mingit\cmd;G:\src\flutter\bin\mingit\cmd
USERNAME=Admin
OS=Windows_NT
PROCESSOR_IDENTIFIER=Intel64 Family 6 Model 58 Stepping 9, GenuineIntel
TMP=C:\Users\Admin\AppData\Local\Temp
TEMP=C:\Users\Admin\AppData\Local\Temp


JNI global refs:
JNI global refs: 25, weak refs: 2

JNI global refs memory usage: 843, weak refs: 841


---------------  S Y S T E M  ---------------

OS:
 Windows 10 , 64 bit Build 19041 (10.0.19041.3570)
OS uptime: 0 days 2:40 hours
Hyper-V role detected

CPU: total 4 (initial active 4) (2 cores per cpu, 2 threads per core) family 6 model 58 stepping 9 microcode 0x21, cx8, cmov, fxsr, ht, mmx, sse, sse2, sse3, ssse3, sse4.1, sse4.2, popcnt, tsc, tscinvbit, avx, aes, erms, clmul, vzeroupper, clflush, hv

Memory: 4k page, system-wide physical 8077M (906M free)
TotalPageFile size 8703M (AvailPageFile size 5M)
current process WorkingSet (physical memory assigned to process): 503M, peak: 505M
current process commit charge ("private bytes"): 534M, peak: 536M

vm_info: OpenJDK 64-Bit Server VM (17.0.6+0-b2043.56-10027231) for windows-amd64 JRE (17.0.6+0-b2043.56-10027231), built on Apr 28 2023 00:43:19 by "androidbuild" with MS VC++ 16.10 / 16.11 (VS2019)

END.
