#
# There is insufficient memory for the Java Runtime Environment to continue.
# Native memory allocation (mmap) failed to map 65536 bytes for Failed to commit metaspace.
# Possible reasons:
#   The system is out of physical RAM or swap space
#   The process is running with CompressedOops enabled, and the Java Heap may be blocking the growth of the native heap
# Possible solutions:
#   Reduce memory load on the system
#   Increase physical memory or swap space
#   Check if swap backing store is full
#   Decrease Java heap size (-Xmx/-Xms)
#   Decrease number of Java threads
#   Decrease Java thread stack sizes (-Xss)
#   Set larger code cache with -XX:ReservedCodeCacheSize=
#   JVM is running with Unscaled Compressed Oops mode in which the Java heap is
#     placed in the first 4GB address space. The Java Heap base address is the
#     maximum limit for the native heap growth. Please use -XX:HeapBaseMinAddress
#     to set the Java Heap base and to place the Java Heap above 4GB virtual address.
# This output file may be truncated or incomplete.
#
#  Out of Memory Error (virtualSpaceNode.cpp:110), pid=14504, tid=14652
#
# JRE version: OpenJDK Runtime Environment (17.0.6) (build 17.0.6+0-b2043.56-10027231)
# Java VM: OpenJDK 64-Bit Server VM (17.0.6+0-b2043.56-10027231, mixed mode, tiered, compressed oops, compressed class ptrs, g1 gc, windows-amd64)
# No core dump will be written. Minidumps are not enabled by default on client versions of Windows
#

---------------  S U M M A R Y ------------

Command Line: -Dorg.gradle.appname=gradlew org.gradle.wrapper.GradleWrapperMain -q -Ptarget-platform=android-arm64 -Ptarget=H:\my-P-flutter\instagram\lib\main.dart -Pmultidex-enabled=true -Pbase-application-name=android.app.Application -Pdart-defines=RkxVVFRFUl9XRUJfQVVUT19ERVRFQ1Q9dHJ1ZQ==,RkxVVFRFUl9XRUJfQ0FOVkFTS0lUX1VSTD1odHRwczovL3d3dy5nc3RhdGljLmNvbS9mbHV0dGVyLWNhbnZhc2tpdC8wNTQ1Zjg3MDVkZjMwMTg3N2Q3ODcxMDdiYWMxYTZlOWZjOWVlMWFkLw== -Pdart-obfuscation=false -Ptrack-widget-creation=true -Ptree-shake-icons=false -Pfilesystem-scheme=org-dartlang-root assembleDebug

Host: Intel(R) Core(TM) i5-3317U CPU @ 1.70GHz, 4 cores, 7G,  Windows 10 , 64 bit Build 19041 (10.0.19041.3636)
Time: Sun Nov 19 21:20:01 2023 Pacific Standard Time elapsed time: 3.249025 seconds (0d 0h 0m 3s)

---------------  T H R E A D  ---------------

Current thread (0x000001a17cb7e5f0):  JavaThread "main" [_thread_in_vm, id=14652, stack(0x0000000c4c000000,0x0000000c4c100000)]

Stack: [0x0000000c4c000000,0x0000000c4c100000]
Native frames: (J=compiled Java code, j=interpreted, Vv=VM code, C=native code)
V  [jvm.dll+0x683c9a]
V  [jvm.dll+0x8427a4]
V  [jvm.dll+0x843f9e]
V  [jvm.dll+0x844603]
V  [jvm.dll+0x249b75]
V  [jvm.dll+0x83e7fb]
V  [jvm.dll+0x628006]
V  [jvm.dll+0x1c194e]
V  [jvm.dll+0x62a941]
V  [jvm.dll+0x6289a6]
V  [jvm.dll+0x6327d7]
V  [jvm.dll+0x1eda2b]
V  [jvm.dll+0x1edf65]
V  [jvm.dll+0x1ee884]
V  [jvm.dll+0x1e3dcc]
V  [jvm.dll+0x547fed]
V  [jvm.dll+0x7bd3d5]
V  [jvm.dll+0x7bd4ee]
V  [jvm.dll+0x41182a]
V  [jvm.dll+0x4179a9]
C  [java.dll+0x17ec]

Java frames: (J=compiled Java code, j=interpreted, Vv=VM code)
j  java.lang.ClassLoader.defineClass1(Ljava/lang/ClassLoader;Ljava/lang/String;[BIILjava/security/ProtectionDomain;Ljava/lang/String;)Ljava/lang/Class;+0 java.base@17.0.6
j  java.lang.ClassLoader.defineClass(Ljava/lang/String;[BIILjava/security/ProtectionDomain;)Ljava/lang/Class;+27 java.base@17.0.6
j  java.security.SecureClassLoader.defineClass(Ljava/lang/String;[BIILjava/security/CodeSource;)Ljava/lang/Class;+12 java.base@17.0.6
j  java.net.URLClassLoader.defineClass(Ljava/lang/String;Ljdk/internal/loader/Resource;)Ljava/lang/Class;+220 java.base@17.0.6
j  java.net.URLClassLoader$1.run()Ljava/lang/Class;+43 java.base@17.0.6
j  java.net.URLClassLoader$1.run()Ljava/lang/Object;+1 java.base@17.0.6
J 632 c1 java.security.AccessController.doPrivileged(Ljava/security/PrivilegedExceptionAction;Ljava/security/AccessControlContext;)Ljava/lang/Object; java.base@17.0.6 (26 bytes) @ 0x000001a103509b74 [0x000001a1035099a0+0x00000000000001d4]
j  java.net.URLClassLoader.findClass(Ljava/lang/String;)Ljava/lang/Class;+13 java.base@17.0.6
J 585 c1 java.lang.ClassLoader.loadClass(Ljava/lang/String;Z)Ljava/lang/Class; java.base@17.0.6 (121 bytes) @ 0x000001a1034f44dc [0x000001a1034f3f40+0x000000000000059c]
J 576 c1 java.lang.ClassLoader.loadClass(Ljava/lang/String;)Ljava/lang/Class; java.base@17.0.6 (7 bytes) @ 0x000001a1034ed03c [0x000001a1034ecf40+0x00000000000000fc]
v  ~StubRoutines::call_stub
j  org.gradle.internal.buildevents.BuildExceptionReporter.getShowStackTraceOption()Lorg/gradle/internal/buildevents/BuildExceptionReporter$ExceptionStyle;+15
j  org.gradle.internal.buildevents.BuildExceptionReporter.constructFailureDetails(Ljava/lang/String;Ljava/lang/Throwable;)Lorg/gradle/internal/buildevents/BuildExceptionReporter$FailureDetails;+6
j  org.gradle.internal.buildevents.BuildExceptionReporter.renderSingleBuildException(Ljava/lang/Throwable;)V+19
j  org.gradle.internal.buildevents.BuildExceptionReporter.execute(Ljava/lang/Throwable;)V+20
j  org.gradle.internal.buildevents.BuildExceptionReporter.execute(Ljava/lang/Object;)V+5
j  org.gradle.launcher.bootstrap.EntryPoint.run([Ljava/lang/String;)V+24
v  ~StubRoutines::call_stub
j  jdk.internal.reflect.NativeMethodAccessorImpl.invoke0(Ljava/lang/reflect/Method;Ljava/lang/Object;[Ljava/lang/Object;)Ljava/lang/Object;+0 java.base@17.0.6
j  jdk.internal.reflect.NativeMethodAccessorImpl.invoke(Ljava/lang/Object;[Ljava/lang/Object;)Ljava/lang/Object;+133 java.base@17.0.6
j  jdk.internal.reflect.DelegatingMethodAccessorImpl.invoke(Ljava/lang/Object;[Ljava/lang/Object;)Ljava/lang/Object;+6 java.base@17.0.6
j  java.lang.reflect.Method.invoke(Ljava/lang/Object;[Ljava/lang/Object;)Ljava/lang/Object;+59 java.base@17.0.6
j  org.gradle.launcher.bootstrap.ProcessBootstrap.runNoExit(Ljava/lang/String;[Ljava/lang/String;)V+159
j  org.gradle.launcher.bootstrap.ProcessBootstrap.run(Ljava/lang/String;[Ljava/lang/String;)V+2
v  ~StubRoutines::call_stub
j  jdk.internal.reflect.NativeMethodAccessorImpl.invoke0(Ljava/lang/reflect/Method;Ljava/lang/Object;[Ljava/lang/Object;)Ljava/lang/Object;+0 java.base@17.0.6
j  jdk.internal.reflect.NativeMethodAccessorImpl.invoke(Ljava/lang/Object;[Ljava/lang/Object;)Ljava/lang/Object;+133 java.base@17.0.6
j  jdk.internal.reflect.DelegatingMethodAccessorImpl.invoke(Ljava/lang/Object;[Ljava/lang/Object;)Ljava/lang/Object;+6 java.base@17.0.6
j  java.lang.reflect.Method.invoke(Ljava/lang/Object;[Ljava/lang/Object;)Ljava/lang/Object;+59 java.base@17.0.6
j  org.gradle.launcher.GradleMain.main([Ljava/lang/String;)V+100
v  ~StubRoutines::call_stub
j  jdk.internal.reflect.NativeMethodAccessorImpl.invoke0(Ljava/lang/reflect/Method;Ljava/lang/Object;[Ljava/lang/Object;)Ljava/lang/Object;+0 java.base@17.0.6
j  jdk.internal.reflect.NativeMethodAccessorImpl.invoke(Ljava/lang/Object;[Ljava/lang/Object;)Ljava/lang/Object;+133 java.base@17.0.6
j  jdk.internal.reflect.DelegatingMethodAccessorImpl.invoke(Ljava/lang/Object;[Ljava/lang/Object;)Ljava/lang/Object;+6 java.base@17.0.6
j  java.lang.reflect.Method.invoke(Ljava/lang/Object;[Ljava/lang/Object;)Ljava/lang/Object;+59 java.base@17.0.6
j  org.gradle.wrapper.BootstrapMainStarter.start([Ljava/lang/String;Ljava/io/File;)V+82
j  org.gradle.wrapper.WrapperExecutor.execute([Ljava/lang/String;Lorg/gradle/wrapper/Install;Lorg/gradle/wrapper/BootstrapMainStarter;)V+14
j  org.gradle.wrapper.GradleWrapperMain.main([Ljava/lang/String;)V+190
v  ~StubRoutines::call_stub

---------------  P R O C E S S  ---------------

Threads class SMR info:
_java_thread_list=0x000001a118e74750, length=12, elements={
0x000001a17cb7e5f0, 0x000001a17fce8610, 0x000001a17fcea490, 0x000001a17fcd5a10,
0x000001a118d236f0, 0x000001a118d260b0, 0x000001a118d26a60, 0x000001a118d277f0,
0x000001a118d29c20, 0x000001a118d99f10, 0x000001a118e8bac0, 0x000001a118eab030
}

Java Threads: ( => current thread )
=>0x000001a17cb7e5f0 JavaThread "main" [_thread_in_vm, id=14652, stack(0x0000000c4c000000,0x0000000c4c100000)]
  0x000001a17fce8610 JavaThread "Reference Handler" daemon [_thread_blocked, id=11596, stack(0x0000000c4c700000,0x0000000c4c800000)]
  0x000001a17fcea490 JavaThread "Finalizer" daemon [_thread_blocked, id=10756, stack(0x0000000c4c800000,0x0000000c4c900000)]
  0x000001a17fcd5a10 JavaThread "Signal Dispatcher" daemon [_thread_blocked, id=13500, stack(0x0000000c4c900000,0x0000000c4ca00000)]
  0x000001a118d236f0 JavaThread "Attach Listener" daemon [_thread_blocked, id=6920, stack(0x0000000c4ca00000,0x0000000c4cb00000)]
  0x000001a118d260b0 JavaThread "Service Thread" daemon [_thread_blocked, id=11484, stack(0x0000000c4cb00000,0x0000000c4cc00000)]
  0x000001a118d26a60 JavaThread "Monitor Deflation Thread" daemon [_thread_blocked, id=7808, stack(0x0000000c4cc00000,0x0000000c4cd00000)]
  0x000001a118d277f0 JavaThread "C2 CompilerThread0" daemon [_thread_blocked, id=3592, stack(0x0000000c4cd00000,0x0000000c4ce00000)]
  0x000001a118d29c20 JavaThread "C1 CompilerThread0" daemon [_thread_blocked, id=11792, stack(0x0000000c4ce00000,0x0000000c4cf00000)]
  0x000001a118d99f10 JavaThread "Sweeper thread" daemon [_thread_blocked, id=1252, stack(0x0000000c4cf00000,0x0000000c4d000000)]
  0x000001a118e8bac0 JavaThread "Notification Thread" daemon [_thread_blocked, id=12148, stack(0x0000000c4d000000,0x0000000c4d100000)]
  0x000001a118eab030 JavaThread "Common-Cleaner" daemon [_thread_blocked, id=6812, stack(0x0000000c4d200000,0x0000000c4d300000)]

Other Threads:
  0x000001a17fcc4e30 VMThread "VM Thread" [stack: 0x0000000c4c600000,0x0000000c4c700000] [id=12472]
  0x000001a118e8c3a0 WatcherThread [stack: 0x0000000c4d100000,0x0000000c4d200000] [id=2032]
  0x000001a17cc0eb20 GCTaskThread "GC Thread#0" [stack: 0x0000000c4c100000,0x0000000c4c200000] [id=14824]
  0x000001a119264cf0 GCTaskThread "GC Thread#1" [stack: 0x0000000c4d300000,0x0000000c4d400000] [id=12620]
  0x000001a1192a9900 GCTaskThread "GC Thread#2" [stack: 0x0000000c4d400000,0x0000000c4d500000] [id=512]
  0x000001a1193182d0 GCTaskThread "GC Thread#3" [stack: 0x0000000c4d500000,0x0000000c4d600000] [id=3972]
  0x000001a17cc1f6f0 ConcurrentGCThread "G1 Main Marker" [stack: 0x0000000c4c200000,0x0000000c4c300000] [id=5416]
  0x000001a17cc20100 ConcurrentGCThread "G1 Conc#0" [stack: 0x0000000c4c300000,0x0000000c4c400000] [id=13816]
  0x000001a17cc77230 ConcurrentGCThread "G1 Refine#0" [stack: 0x0000000c4c400000,0x0000000c4c500000] [id=12092]
  0x000001a17cc77c50 ConcurrentGCThread "G1 Service" [stack: 0x0000000c4c500000,0x0000000c4c600000] [id=1748]

Threads with active compile tasks:

VM state: not at safepoint (normal execution)

VM Mutex/Monitor currently owned by a thread:  ([mutex/lock_event])
[0x000001a17cab96d0] Metaspace_lock - owner thread: 0x000001a17cb7e5f0

OutOfMemory and StackOverflow Exception counts:
OutOfMemoryError java_heap_errors=2
LinkageErrors=1

Heap address: 0x0000000081c00000, size: 2020 MB, Compressed Oops mode: 32-bit

CDS archive(s) not mapped
Compressed class space mapped at: 0x0000000100000000-0x0000000140000000, reserved size: 1073741824
Narrow klass base: 0x0000000000000000, Narrow klass shift: 3, Narrow klass range: 0x140000000

GC Precious Log:
 CPUs: 4 total, 4 available
 Memory: 8077M
 Large Page Support: Disabled
 NUMA Support: Disabled
 Compressed Oops: Enabled (32-bit)
 Heap Region Size: 1M
 Heap Min Capacity: 8M
 Heap Initial Capacity: 128M
 Heap Max Capacity: 2020M
 Pre-touch: Disabled
 Parallel Workers: 4
 Concurrent Workers: 1
 Concurrent Refinement Workers: 4
 Periodic GC: Disabled

Heap:
 garbage-first heap   total 131072K, used 6691K [0x0000000081c00000, 0x0000000100000000)
  region size 1024K, 6 young (6144K), 2 survivors (2048K)
 Metaspace       used 8835K, committed 8960K, reserved 1056768K
  class space    used 800K, committed 896K, reserved 1048576K

Heap Regions: E=young(eden), S=young(survivor), O=old, HS=humongous(starts), HC=humongous(continues), CS=collection set, F=free, OA=open archive, CA=closed archive, TAMS=top-at-mark-start (previous, next)
|   0|0x0000000081c00000, 0x0000000081c00000, 0x0000000081d00000|  0%| F|  |TAMS 0x0000000081c00000, 0x0000000081c00000| Untracked 
|   1|0x0000000081d00000, 0x0000000081d00000, 0x0000000081e00000|  0%| F|  |TAMS 0x0000000081d00000, 0x0000000081d00000| Untracked 
|   2|0x0000000081e00000, 0x0000000081e00000, 0x0000000081f00000|  0%| F|  |TAMS 0x0000000081e00000, 0x0000000081e00000| Untracked 
|   3|0x0000000081f00000, 0x0000000082000000, 0x0000000082000000|100%| O|  |TAMS 0x0000000081f00000, 0x0000000081f00000| Untracked 
|   4|0x0000000082000000, 0x0000000082088c00, 0x0000000082100000| 53%| O|  |TAMS 0x0000000082000000, 0x0000000082000000| Untracked 
|   5|0x0000000082100000, 0x0000000082100000, 0x0000000082200000|  0%| F|  |TAMS 0x0000000082100000, 0x0000000082100000| Untracked 
|   6|0x0000000082200000, 0x0000000082200000, 0x0000000082300000|  0%| F|  |TAMS 0x0000000082200000, 0x0000000082200000| Untracked 
|   7|0x0000000082300000, 0x0000000082300000, 0x0000000082400000|  0%| F|  |TAMS 0x0000000082300000, 0x0000000082300000| Untracked 
|   8|0x0000000082400000, 0x0000000082400000, 0x0000000082500000|  0%| F|  |TAMS 0x0000000082400000, 0x0000000082400000| Untracked 
|   9|0x0000000082500000, 0x0000000082500000, 0x0000000082600000|  0%| F|  |TAMS 0x0000000082500000, 0x0000000082500000| Untracked 
|  10|0x0000000082600000, 0x0000000082600000, 0x0000000082700000|  0%| F|  |TAMS 0x0000000082600000, 0x0000000082600000| Untracked 
|  11|0x0000000082700000, 0x0000000082700000, 0x0000000082800000|  0%| F|  |TAMS 0x0000000082700000, 0x0000000082700000| Untracked 
|  12|0x0000000082800000, 0x0000000082800000, 0x0000000082900000|  0%| F|  |TAMS 0x0000000082800000, 0x0000000082800000| Untracked 
|  13|0x0000000082900000, 0x0000000082900000, 0x0000000082a00000|  0%| F|  |TAMS 0x0000000082900000, 0x0000000082900000| Untracked 
|  14|0x0000000082a00000, 0x0000000082a00000, 0x0000000082b00000|  0%| F|  |TAMS 0x0000000082a00000, 0x0000000082a00000| Untracked 
|  15|0x0000000082b00000, 0x0000000082b00000, 0x0000000082c00000|  0%| F|  |TAMS 0x0000000082b00000, 0x0000000082b00000| Untracked 
|  16|0x0000000082c00000, 0x0000000082c00000, 0x0000000082d00000|  0%| F|  |TAMS 0x0000000082c00000, 0x0000000082c00000| Untracked 
|  17|0x0000000082d00000, 0x0000000082d00000, 0x0000000082e00000|  0%| F|  |TAMS 0x0000000082d00000, 0x0000000082d00000| Untracked 
|  18|0x0000000082e00000, 0x0000000082e00000, 0x0000000082f00000|  0%| F|  |TAMS 0x0000000082e00000, 0x0000000082e00000| Untracked 
|  19|0x0000000082f00000, 0x0000000082f00000, 0x0000000083000000|  0%| F|  |TAMS 0x0000000082f00000, 0x0000000082f00000| Untracked 
|  20|0x0000000083000000, 0x0000000083000000, 0x0000000083100000|  0%| F|  |TAMS 0x0000000083000000, 0x0000000083000000| Untracked 
|  21|0x0000000083100000, 0x0000000083100000, 0x0000000083200000|  0%| F|  |TAMS 0x0000000083100000, 0x0000000083100000| Untracked 
|  22|0x0000000083200000, 0x0000000083200000, 0x0000000083300000|  0%| F|  |TAMS 0x0000000083200000, 0x0000000083200000| Untracked 
|  23|0x0000000083300000, 0x0000000083300000, 0x0000000083400000|  0%| F|  |TAMS 0x0000000083300000, 0x0000000083300000| Untracked 
|  24|0x0000000083400000, 0x0000000083400000, 0x0000000083500000|  0%| F|  |TAMS 0x0000000083400000, 0x0000000083400000| Untracked 
|  25|0x0000000083500000, 0x0000000083500000, 0x0000000083600000|  0%| F|  |TAMS 0x0000000083500000, 0x0000000083500000| Untracked 
|  26|0x0000000083600000, 0x0000000083600000, 0x0000000083700000|  0%| F|  |TAMS 0x0000000083600000, 0x0000000083600000| Untracked 
|  27|0x0000000083700000, 0x0000000083700000, 0x0000000083800000|  0%| F|  |TAMS 0x0000000083700000, 0x0000000083700000| Untracked 
|  28|0x0000000083800000, 0x0000000083800000, 0x0000000083900000|  0%| F|  |TAMS 0x0000000083800000, 0x0000000083800000| Untracked 
|  29|0x0000000083900000, 0x0000000083900000, 0x0000000083a00000|  0%| F|  |TAMS 0x0000000083900000, 0x0000000083900000| Untracked 
|  30|0x0000000083a00000, 0x0000000083a00000, 0x0000000083b00000|  0%| F|  |TAMS 0x0000000083a00000, 0x0000000083a00000| Untracked 
|  31|0x0000000083b00000, 0x0000000083b00000, 0x0000000083c00000|  0%| F|  |TAMS 0x0000000083b00000, 0x0000000083b00000| Untracked 
|  32|0x0000000083c00000, 0x0000000083c00000, 0x0000000083d00000|  0%| F|  |TAMS 0x0000000083c00000, 0x0000000083c00000| Untracked 
|  33|0x0000000083d00000, 0x0000000083d00000, 0x0000000083e00000|  0%| F|  |TAMS 0x0000000083d00000, 0x0000000083d00000| Untracked 
|  34|0x0000000083e00000, 0x0000000083e00000, 0x0000000083f00000|  0%| F|  |TAMS 0x0000000083e00000, 0x0000000083e00000| Untracked 
|  35|0x0000000083f00000, 0x0000000083f00000, 0x0000000084000000|  0%| F|  |TAMS 0x0000000083f00000, 0x0000000083f00000| Untracked 
|  36|0x0000000084000000, 0x0000000084000000, 0x0000000084100000|  0%| F|  |TAMS 0x0000000084000000, 0x0000000084000000| Untracked 
|  37|0x0000000084100000, 0x0000000084100000, 0x0000000084200000|  0%| F|  |TAMS 0x0000000084100000, 0x0000000084100000| Untracked 
|  38|0x0000000084200000, 0x0000000084200000, 0x0000000084300000|  0%| F|  |TAMS 0x0000000084200000, 0x0000000084200000| Untracked 
|  39|0x0000000084300000, 0x0000000084300000, 0x0000000084400000|  0%| F|  |TAMS 0x0000000084300000, 0x0000000084300000| Untracked 
|  40|0x0000000084400000, 0x0000000084400000, 0x0000000084500000|  0%| F|  |TAMS 0x0000000084400000, 0x0000000084400000| Untracked 
|  41|0x0000000084500000, 0x0000000084500000, 0x0000000084600000|  0%| F|  |TAMS 0x0000000084500000, 0x0000000084500000| Untracked 
|  42|0x0000000084600000, 0x0000000084600000, 0x0000000084700000|  0%| F|  |TAMS 0x0000000084600000, 0x0000000084600000| Untracked 
|  43|0x0000000084700000, 0x0000000084700000, 0x0000000084800000|  0%| F|  |TAMS 0x0000000084700000, 0x0000000084700000| Untracked 
|  44|0x0000000084800000, 0x0000000084800000, 0x0000000084900000|  0%| F|  |TAMS 0x0000000084800000, 0x0000000084800000| Untracked 
|  45|0x0000000084900000, 0x0000000084900000, 0x0000000084a00000|  0%| F|  |TAMS 0x0000000084900000, 0x0000000084900000| Untracked 
|  46|0x0000000084a00000, 0x0000000084a00000, 0x0000000084b00000|  0%| F|  |TAMS 0x0000000084a00000, 0x0000000084a00000| Untracked 
|  47|0x0000000084b00000, 0x0000000084b00000, 0x0000000084c00000|  0%| F|  |TAMS 0x0000000084b00000, 0x0000000084b00000| Untracked 
|  48|0x0000000084c00000, 0x0000000084c00000, 0x0000000084d00000|  0%| F|  |TAMS 0x0000000084c00000, 0x0000000084c00000| Untracked 
|  49|0x0000000084d00000, 0x0000000084d00000, 0x0000000084e00000|  0%| F|  |TAMS 0x0000000084d00000, 0x0000000084d00000| Untracked 
|  50|0x0000000084e00000, 0x0000000084e00000, 0x0000000084f00000|  0%| F|  |TAMS 0x0000000084e00000, 0x0000000084e00000| Untracked 
|  51|0x0000000084f00000, 0x0000000084f00000, 0x0000000085000000|  0%| F|  |TAMS 0x0000000084f00000, 0x0000000084f00000| Untracked 
|  52|0x0000000085000000, 0x0000000085000000, 0x0000000085100000|  0%| F|  |TAMS 0x0000000085000000, 0x0000000085000000| Untracked 
|  53|0x0000000085100000, 0x0000000085100000, 0x0000000085200000|  0%| F|  |TAMS 0x0000000085100000, 0x0000000085100000| Untracked 
|  54|0x0000000085200000, 0x0000000085200000, 0x0000000085300000|  0%| F|  |TAMS 0x0000000085200000, 0x0000000085200000| Untracked 
|  55|0x0000000085300000, 0x0000000085300000, 0x0000000085400000|  0%| F|  |TAMS 0x0000000085300000, 0x0000000085300000| Untracked 
|  56|0x0000000085400000, 0x0000000085400000, 0x0000000085500000|  0%| F|  |TAMS 0x0000000085400000, 0x0000000085400000| Untracked 
|  57|0x0000000085500000, 0x0000000085500000, 0x0000000085600000|  0%| F|  |TAMS 0x0000000085500000, 0x0000000085500000| Untracked 
|  58|0x0000000085600000, 0x0000000085600000, 0x0000000085700000|  0%| F|  |TAMS 0x0000000085600000, 0x0000000085600000| Untracked 
|  59|0x0000000085700000, 0x0000000085700000, 0x0000000085800000|  0%| F|  |TAMS 0x0000000085700000, 0x0000000085700000| Untracked 
|  60|0x0000000085800000, 0x0000000085800000, 0x0000000085900000|  0%| F|  |TAMS 0x0000000085800000, 0x0000000085800000| Untracked 
|  61|0x0000000085900000, 0x0000000085900000, 0x0000000085a00000|  0%| F|  |TAMS 0x0000000085900000, 0x0000000085900000| Untracked 
|  62|0x0000000085a00000, 0x0000000085a00000, 0x0000000085b00000|  0%| F|  |TAMS 0x0000000085a00000, 0x0000000085a00000| Untracked 
|  63|0x0000000085b00000, 0x0000000085b00000, 0x0000000085c00000|  0%| F|  |TAMS 0x0000000085b00000, 0x0000000085b00000| Untracked 
|  64|0x0000000085c00000, 0x0000000085c00000, 0x0000000085d00000|  0%| F|  |TAMS 0x0000000085c00000, 0x0000000085c00000| Untracked 
|  65|0x0000000085d00000, 0x0000000085d00000, 0x0000000085e00000|  0%| F|  |TAMS 0x0000000085d00000, 0x0000000085d00000| Untracked 
|  66|0x0000000085e00000, 0x0000000085e00000, 0x0000000085f00000|  0%| F|  |TAMS 0x0000000085e00000, 0x0000000085e00000| Untracked 
|  67|0x0000000085f00000, 0x0000000085f00000, 0x0000000086000000|  0%| F|  |TAMS 0x0000000085f00000, 0x0000000085f00000| Untracked 
|  68|0x0000000086000000, 0x0000000086000000, 0x0000000086100000|  0%| F|  |TAMS 0x0000000086000000, 0x0000000086000000| Untracked 
|  69|0x0000000086100000, 0x0000000086100000, 0x0000000086200000|  0%| F|  |TAMS 0x0000000086100000, 0x0000000086100000| Untracked 
|  70|0x0000000086200000, 0x0000000086200000, 0x0000000086300000|  0%| F|  |TAMS 0x0000000086200000, 0x0000000086200000| Untracked 
|  71|0x0000000086300000, 0x0000000086300000, 0x0000000086400000|  0%| F|  |TAMS 0x0000000086300000, 0x0000000086300000| Untracked 
|  72|0x0000000086400000, 0x0000000086400000, 0x0000000086500000|  0%| F|  |TAMS 0x0000000086400000, 0x0000000086400000| Untracked 
|  73|0x0000000086500000, 0x0000000086500000, 0x0000000086600000|  0%| F|  |TAMS 0x0000000086500000, 0x0000000086500000| Untracked 
|  74|0x0000000086600000, 0x0000000086600000, 0x0000000086700000|  0%| F|  |TAMS 0x0000000086600000, 0x0000000086600000| Untracked 
|  75|0x0000000086700000, 0x0000000086700000, 0x0000000086800000|  0%| F|  |TAMS 0x0000000086700000, 0x0000000086700000| Untracked 
|  76|0x0000000086800000, 0x0000000086800000, 0x0000000086900000|  0%| F|  |TAMS 0x0000000086800000, 0x0000000086800000| Untracked 
|  77|0x0000000086900000, 0x0000000086900000, 0x0000000086a00000|  0%| F|  |TAMS 0x0000000086900000, 0x0000000086900000| Untracked 
|  78|0x0000000086a00000, 0x0000000086a00000, 0x0000000086b00000|  0%| F|  |TAMS 0x0000000086a00000, 0x0000000086a00000| Untracked 
|  79|0x0000000086b00000, 0x0000000086b00000, 0x0000000086c00000|  0%| F|  |TAMS 0x0000000086b00000, 0x0000000086b00000| Untracked 
|  80|0x0000000086c00000, 0x0000000086c00000, 0x0000000086d00000|  0%| F|  |TAMS 0x0000000086c00000, 0x0000000086c00000| Untracked 
|  81|0x0000000086d00000, 0x0000000086d00000, 0x0000000086e00000|  0%| F|  |TAMS 0x0000000086d00000, 0x0000000086d00000| Untracked 
|  82|0x0000000086e00000, 0x0000000086e00000, 0x0000000086f00000|  0%| F|  |TAMS 0x0000000086e00000, 0x0000000086e00000| Untracked 
|  83|0x0000000086f00000, 0x0000000086f00000, 0x0000000087000000|  0%| F|  |TAMS 0x0000000086f00000, 0x0000000086f00000| Untracked 
|  84|0x0000000087000000, 0x0000000087000000, 0x0000000087100000|  0%| F|  |TAMS 0x0000000087000000, 0x0000000087000000| Untracked 
|  85|0x0000000087100000, 0x0000000087100000, 0x0000000087200000|  0%| F|  |TAMS 0x0000000087100000, 0x0000000087100000| Untracked 
|  86|0x0000000087200000, 0x0000000087200000, 0x0000000087300000|  0%| F|  |TAMS 0x0000000087200000, 0x0000000087200000| Untracked 
|  87|0x0000000087300000, 0x0000000087300000, 0x0000000087400000|  0%| F|  |TAMS 0x0000000087300000, 0x0000000087300000| Untracked 
|  88|0x0000000087400000, 0x0000000087400000, 0x0000000087500000|  0%| F|  |TAMS 0x0000000087400000, 0x0000000087400000| Untracked 
|  89|0x0000000087500000, 0x0000000087500000, 0x0000000087600000|  0%| F|  |TAMS 0x0000000087500000, 0x0000000087500000| Untracked 
|  90|0x0000000087600000, 0x0000000087600000, 0x0000000087700000|  0%| F|  |TAMS 0x0000000087600000, 0x0000000087600000| Untracked 
|  91|0x0000000087700000, 0x0000000087700000, 0x0000000087800000|  0%| F|  |TAMS 0x0000000087700000, 0x0000000087700000| Untracked 
|  92|0x0000000087800000, 0x0000000087800000, 0x0000000087900000|  0%| F|  |TAMS 0x0000000087800000, 0x0000000087800000| Untracked 
|  93|0x0000000087900000, 0x0000000087900000, 0x0000000087a00000|  0%| F|  |TAMS 0x0000000087900000, 0x0000000087900000| Untracked 
|  94|0x0000000087a00000, 0x0000000087a00000, 0x0000000087b00000|  0%| F|  |TAMS 0x0000000087a00000, 0x0000000087a00000| Untracked 
|  95|0x0000000087b00000, 0x0000000087b00000, 0x0000000087c00000|  0%| F|  |TAMS 0x0000000087b00000, 0x0000000087b00000| Untracked 
|  96|0x0000000087c00000, 0x0000000087c00000, 0x0000000087d00000|  0%| F|  |TAMS 0x0000000087c00000, 0x0000000087c00000| Untracked 
|  97|0x0000000087d00000, 0x0000000087d00000, 0x0000000087e00000|  0%| F|  |TAMS 0x0000000087d00000, 0x0000000087d00000| Untracked 
|  98|0x0000000087e00000, 0x0000000087e00000, 0x0000000087f00000|  0%| F|  |TAMS 0x0000000087e00000, 0x0000000087e00000| Untracked 
|  99|0x0000000087f00000, 0x0000000087f00000, 0x0000000088000000|  0%| F|  |TAMS 0x0000000087f00000, 0x0000000087f00000| Untracked 
| 100|0x0000000088000000, 0x0000000088000000, 0x0000000088100000|  0%| F|  |TAMS 0x0000000088000000, 0x0000000088000000| Untracked 
| 101|0x0000000088100000, 0x0000000088100000, 0x0000000088200000|  0%| F|  |TAMS 0x0000000088100000, 0x0000000088100000| Untracked 
| 102|0x0000000088200000, 0x0000000088200000, 0x0000000088300000|  0%| F|  |TAMS 0x0000000088200000, 0x0000000088200000| Untracked 
| 103|0x0000000088300000, 0x0000000088300000, 0x0000000088400000|  0%| F|  |TAMS 0x0000000088300000, 0x0000000088300000| Untracked 
| 104|0x0000000088400000, 0x0000000088400000, 0x0000000088500000|  0%| F|  |TAMS 0x0000000088400000, 0x0000000088400000| Untracked 
| 105|0x0000000088500000, 0x0000000088500000, 0x0000000088600000|  0%| F|  |TAMS 0x0000000088500000, 0x0000000088500000| Untracked 
| 106|0x0000000088600000, 0x0000000088600000, 0x0000000088700000|  0%| F|  |TAMS 0x0000000088600000, 0x0000000088600000| Untracked 
| 107|0x0000000088700000, 0x0000000088700000, 0x0000000088800000|  0%| F|  |TAMS 0x0000000088700000, 0x0000000088700000| Untracked 
| 108|0x0000000088800000, 0x0000000088800000, 0x0000000088900000|  0%| F|  |TAMS 0x0000000088800000, 0x0000000088800000| Untracked 
| 109|0x0000000088900000, 0x0000000088900000, 0x0000000088a00000|  0%| F|  |TAMS 0x0000000088900000, 0x0000000088900000| Untracked 
| 110|0x0000000088a00000, 0x0000000088a00000, 0x0000000088b00000|  0%| F|  |TAMS 0x0000000088a00000, 0x0000000088a00000| Untracked 
| 111|0x0000000088b00000, 0x0000000088b00000, 0x0000000088c00000|  0%| F|  |TAMS 0x0000000088b00000, 0x0000000088b00000| Untracked 
| 112|0x0000000088c00000, 0x0000000088c00000, 0x0000000088d00000|  0%| F|  |TAMS 0x0000000088c00000, 0x0000000088c00000| Untracked 
| 113|0x0000000088d00000, 0x0000000088e00000, 0x0000000088e00000|100%| S|CS|TAMS 0x0000000088d00000, 0x0000000088d00000| Complete 
| 114|0x0000000088e00000, 0x0000000088f00000, 0x0000000088f00000|100%| S|CS|TAMS 0x0000000088e00000, 0x0000000088e00000| Complete 
| 115|0x0000000088f00000, 0x0000000088f00000, 0x0000000089000000|  0%| F|  |TAMS 0x0000000088f00000, 0x0000000088f00000| Untracked 
| 116|0x0000000089000000, 0x0000000089000000, 0x0000000089100000|  0%| F|  |TAMS 0x0000000089000000, 0x0000000089000000| Untracked 
| 117|0x0000000089100000, 0x0000000089100000, 0x0000000089200000|  0%| F|  |TAMS 0x0000000089100000, 0x0000000089100000| Untracked 
| 118|0x0000000089200000, 0x0000000089200000, 0x0000000089300000|  0%| F|  |TAMS 0x0000000089200000, 0x0000000089200000| Untracked 
| 119|0x0000000089300000, 0x0000000089300000, 0x0000000089400000|  0%| F|  |TAMS 0x0000000089300000, 0x0000000089300000| Untracked 
| 120|0x0000000089400000, 0x0000000089400000, 0x0000000089500000|  0%| F|  |TAMS 0x0000000089400000, 0x0000000089400000| Untracked 
| 121|0x0000000089500000, 0x0000000089500000, 0x0000000089600000|  0%| F|  |TAMS 0x0000000089500000, 0x0000000089500000| Untracked 
| 122|0x0000000089600000, 0x0000000089600000, 0x0000000089700000|  0%| F|  |TAMS 0x0000000089600000, 0x0000000089600000| Untracked 
| 123|0x0000000089700000, 0x0000000089700000, 0x0000000089800000|  0%| F|  |TAMS 0x0000000089700000, 0x0000000089700000| Untracked 
| 124|0x0000000089800000, 0x00000000898528c0, 0x0000000089900000| 32%| E|  |TAMS 0x0000000089800000, 0x0000000089800000| Complete 
| 125|0x0000000089900000, 0x0000000089a00000, 0x0000000089a00000|100%| E|CS|TAMS 0x0000000089900000, 0x0000000089900000| Complete 
| 126|0x0000000089a00000, 0x0000000089b00000, 0x0000000089b00000|100%| E|CS|TAMS 0x0000000089a00000, 0x0000000089a00000| Complete 
| 127|0x0000000089b00000, 0x0000000089c00000, 0x0000000089c00000|100%| E|CS|TAMS 0x0000000089b00000, 0x0000000089b00000| Complete 

Card table byte_map: [0x000001a17ee70000,0x000001a17f270000] _byte_map_base: 0x000001a17ea62000

Marking Bits (Prev, Next): (CMBitMap*) 0x000001a17cc0f140, (CMBitMap*) 0x000001a17cc0f180
 Prev Bits: [0x000001a112400000, 0x000001a114390000)
 Next Bits: [0x000001a114390000, 0x000001a116320000)

Polling page: 0x000001a17ca20000

Metaspace:

Usage:
  Non-class:      7.85 MB used.
      Class:    800.40 KB used.
       Both:      8.63 MB used.

Virtual space:
  Non-class space:        8.00 MB reserved,       7.88 MB ( 98%) committed,  1 nodes.
      Class space:        1.00 GB reserved,     896.00 KB ( <1%) committed,  1 nodes.
             Both:        1.01 GB reserved,       8.75 MB ( <1%) committed. 

Chunk freelists:
   Non-Class:  112.00 KB
       Class:  3.14 MB
        Both:  3.25 MB

MaxMetaspaceSize: unlimited
CompressedClassSpaceSize: 1.00 GB
Initial GC threshold: 21.00 MB
Current GC threshold: 21.00 MB
CDS: off
MetaspaceReclaimPolicy: balanced
 - commit_granule_bytes: 65536.
 - commit_granule_words: 8192.
 - virtual_space_node_default_size: 1048576.
 - enlarge_chunks_in_place: 1.
 - new_chunks_are_fully_committed: 0.
 - uncommit_free_chunks: 1.
 - use_allocation_guard: 0.
 - handle_deallocations: 1.


Internal statistics:

num_allocs_failed_limit: 0.
num_arena_births: 14.
num_arena_deaths: 0.
num_vsnodes_births: 2.
num_vsnodes_deaths: 0.
num_space_committed: 140.
num_space_uncommitted: 0.
num_chunks_returned_to_freelist: 0.
num_chunks_taken_from_freelist: 66.
num_chunk_merges: 0.
num_chunk_splits: 35.
num_chunks_enlarged: 29.
num_purges: 0.
num_inconsistent_stats: 0.

CodeHeap 'non-profiled nmethods': size=120000Kb used=216Kb max_used=216Kb free=119783Kb
 bounds [0x000001a10aed0000, 0x000001a10b140000, 0x000001a112400000]
CodeHeap 'profiled nmethods': size=120000Kb used=1115Kb max_used=1115Kb free=118884Kb
 bounds [0x000001a103400000, 0x000001a103670000, 0x000001a10a930000]
CodeHeap 'non-nmethods': size=5760Kb used=1124Kb max_used=1142Kb free=4636Kb
 bounds [0x000001a10a930000, 0x000001a10aba0000, 0x000001a10aed0000]
 total_blobs=1057 nmethods=649 adapters=321
 compilation: enabled
              stopped_count=0, restarted_count=0
 full_count=0

Compilation events (20 events):
Event: 3.198 Thread 0x000001a118d277f0 nmethod 638 0x000001a10af05c10 code [0x000001a10af05da0, 0x000001a10af05f38]
Event: 3.198 Thread 0x000001a118d29c20 nmethod 640 0x000001a10350e790 code [0x000001a10350e940, 0x000001a10350eb08]
Event: 3.200 Thread 0x000001a118d29c20  641       3       sun.net.www.protocol.jar.Handler::checkNestedProtocol (18 bytes)
Event: 3.200 Thread 0x000001a118d29c20 nmethod 641 0x000001a10350ec10 code [0x000001a10350edc0, 0x000001a10350efa8]
Event: 3.214 Thread 0x000001a118d29c20  642       3       jdk.internal.util.jar.JarIndex::get (49 bytes)
Event: 3.215 Thread 0x000001a118d29c20 nmethod 642 0x000001a10350f090 code [0x000001a10350f2c0, 0x000001a10350fb88]
Event: 3.215 Thread 0x000001a118d29c20  643       3       java.lang.StringConcatHelper::initialCoder (14 bytes)
Event: 3.215 Thread 0x000001a118d29c20 nmethod 643 0x000001a10350fe90 code [0x000001a103510020, 0x000001a103510138]
Event: 3.216 Thread 0x000001a118d29c20  644       3       java.lang.String::concat (15 bytes)
Event: 3.218 Thread 0x000001a118d29c20 nmethod 644 0x000001a103510190 code [0x000001a1035104e0, 0x000001a103511a28]
Event: 3.218 Thread 0x000001a118d29c20  645       3       java.lang.StringConcatHelper::simpleConcat (94 bytes)
Event: 3.222 Thread 0x000001a118d29c20 nmethod 645 0x000001a103512190 code [0x000001a1035124e0, 0x000001a1035139c8]
Event: 3.222 Thread 0x000001a118d29c20  646       3       java.lang.StringConcatHelper::newString (67 bytes)
Event: 3.223 Thread 0x000001a118d29c20 nmethod 646 0x000001a103514110 code [0x000001a103514380, 0x000001a103514dc8]
Event: 3.223 Thread 0x000001a118d29c20  647       3       jdk.internal.access.SharedSecrets::javaUtilJarAccess (19 bytes)
Event: 3.224 Thread 0x000001a118d29c20 nmethod 647 0x000001a103515190 code [0x000001a103515380, 0x000001a103515728]
Event: 3.224 Thread 0x000001a118d29c20  648       3       java.lang.Class::getPackageName (81 bytes)
Event: 3.226 Thread 0x000001a118d29c20 nmethod 648 0x000001a103515910 code [0x000001a103515ba0, 0x000001a103516648]
Event: 3.239 Thread 0x000001a118d29c20  649       3       jdk.internal.perf.PerfCounter::addElapsedTimeFrom (10 bytes)
Event: 3.240 Thread 0x000001a118d29c20 nmethod 649 0x000001a103516a10 code [0x000001a103516bc0, 0x000001a103516d28]

GC Heap History (2 events):
Event: 2.937 GC heap before
{Heap before GC invocations=0 (full 0):
 garbage-first heap   total 131072K, used 15360K [0x0000000081c00000, 0x0000000100000000)
  region size 1024K, 13 young (13312K), 0 survivors (0K)
 Metaspace       used 8379K, committed 8512K, reserved 1056768K
  class space    used 735K, committed 768K, reserved 1048576K
}
Event: 2.964 GC heap after
{Heap after GC invocations=1 (full 0):
 garbage-first heap   total 131072K, used 3619K [0x0000000081c00000, 0x0000000100000000)
  region size 1024K, 2 young (2048K), 2 survivors (2048K)
 Metaspace       used 8379K, committed 8512K, reserved 1056768K
  class space    used 735K, committed 768K, reserved 1048576K
}

Dll operation events (2 events):
Event: 0.024 Loaded shared library C:\Program Files\Android\Android Studio\jbr\bin\java.dll
Event: 0.648 Loaded shared library C:\Program Files\Android\Android Studio\jbr\bin\verify.dll

Deoptimization events (20 events):
Event: 2.775 Thread 0x000001a17cb7e5f0 DEOPT PACKING pc=0x000001a10aef4134 sp=0x0000000c4c0fcbe0
Event: 2.775 Thread 0x000001a17cb7e5f0 DEOPT UNPACKING pc=0x000001a10a9869a3 sp=0x0000000c4c0fcb58 mode 2
Event: 2.850 Thread 0x000001a17cb7e5f0 Uncommon trap: trap_request=0xffffffde fr.pc=0x000001a10aef6f34 relative=0x0000000000000e34
Event: 2.850 Thread 0x000001a17cb7e5f0 Uncommon trap: reason=class_check action=maybe_recompile pc=0x000001a10aef6f34 method=java.util.HashMap.putVal(ILjava/lang/Object;Ljava/lang/Object;ZZ)Ljava/lang/Object; @ 91 c2
Event: 2.850 Thread 0x000001a17cb7e5f0 DEOPT PACKING pc=0x000001a10aef6f34 sp=0x0000000c4c0f93e0
Event: 2.850 Thread 0x000001a17cb7e5f0 DEOPT UNPACKING pc=0x000001a10a9869a3 sp=0x0000000c4c0f9370 mode 2
Event: 2.862 Thread 0x000001a17cb7e5f0 DEOPT PACKING pc=0x000001a103442598 sp=0x0000000c4c0f8d30
Event: 2.862 Thread 0x000001a17cb7e5f0 DEOPT UNPACKING pc=0x000001a10a987143 sp=0x0000000c4c0f81f0 mode 0
Event: 2.903 Thread 0x000001a17cb7e5f0 Uncommon trap: trap_request=0xffffffde fr.pc=0x000001a10aef6f34 relative=0x0000000000000e34
Event: 2.903 Thread 0x000001a17cb7e5f0 Uncommon trap: reason=class_check action=maybe_recompile pc=0x000001a10aef6f34 method=java.util.HashMap.putVal(ILjava/lang/Object;Ljava/lang/Object;ZZ)Ljava/lang/Object; @ 91 c2
Event: 2.903 Thread 0x000001a17cb7e5f0 DEOPT PACKING pc=0x000001a10aef6f34 sp=0x0000000c4c0f93e0
Event: 2.903 Thread 0x000001a17cb7e5f0 DEOPT UNPACKING pc=0x000001a10a9869a3 sp=0x0000000c4c0f9370 mode 2
Event: 2.906 Thread 0x000001a17cb7e5f0 Uncommon trap: trap_request=0xffffffde fr.pc=0x000001a10aef6f9c relative=0x0000000000000e9c
Event: 2.906 Thread 0x000001a17cb7e5f0 Uncommon trap: reason=class_check action=maybe_recompile pc=0x000001a10aef6f9c method=java.util.HashMap.putVal(ILjava/lang/Object;Ljava/lang/Object;ZZ)Ljava/lang/Object; @ 203 c2
Event: 2.906 Thread 0x000001a17cb7e5f0 DEOPT PACKING pc=0x000001a10aef6f9c sp=0x0000000c4c0f93e0
Event: 2.906 Thread 0x000001a17cb7e5f0 DEOPT UNPACKING pc=0x000001a10a9869a3 sp=0x0000000c4c0f9370 mode 2
Event: 3.045 Thread 0x000001a17cb7e5f0 Uncommon trap: trap_request=0xffffffde fr.pc=0x000001a10aef6f34 relative=0x0000000000000e34
Event: 3.045 Thread 0x000001a17cb7e5f0 Uncommon trap: reason=class_check action=maybe_recompile pc=0x000001a10aef6f34 method=java.util.HashMap.putVal(ILjava/lang/Object;Ljava/lang/Object;ZZ)Ljava/lang/Object; @ 91 c2
Event: 3.045 Thread 0x000001a17cb7e5f0 DEOPT PACKING pc=0x000001a10aef6f34 sp=0x0000000c4c0fb960
Event: 3.045 Thread 0x000001a17cb7e5f0 DEOPT UNPACKING pc=0x000001a10a9869a3 sp=0x0000000c4c0fb8f0 mode 2

Classes unloaded (0 events):
No events

Classes redefined (0 events):
No events

Internal exceptions (3 events):
Event: 1.152 Thread 0x000001a17cb7e5f0 Exception <a 'java/lang/NoSuchMethodError'{0x00000000898171a8}: 'int java.lang.invoke.DirectMethodHandle$Holder.invokeStaticInit(java.lang.Object, java.lang.Object)'> (0x00000000898171a8) 
thrown [s\src\hotspot\share\interpreter\linkResolver.cpp, line 771]
Event: 3.209 Thread 0x000001a17cb7e5f0 Exception <a 'java/lang/OutOfMemoryError'{0x00000000899cec20}> (0x00000000899cec20) 
thrown [s\src\hotspot\share\prims\jni.cpp, line 536]
Event: 3.211 Thread 0x000001a17cb7e5f0 Exception <a 'java/lang/OutOfMemoryError'{0x00000000899cec20}> (0x00000000899cec20) 
thrown [s\src\hotspot\share\oops\instanceKlass.cpp, line 1181]

VM Operations (8 events):
Event: 0.622 Executing VM operation: HandshakeAllThreads
Event: 0.622 Executing VM operation: HandshakeAllThreads done
Event: 1.623 Executing VM operation: Cleanup
Event: 1.623 Executing VM operation: Cleanup done
Event: 2.625 Executing VM operation: Cleanup
Event: 2.642 Executing VM operation: Cleanup done
Event: 2.937 Executing VM operation: G1CollectForAllocation
Event: 2.964 Executing VM operation: G1CollectForAllocation done

Events (20 events):
Event: 3.023 loading class java/net/URLClassLoader$3$1
Event: 3.024 loading class java/net/URLClassLoader$3$1 done
Event: 3.179 loading class java/util/TreeSet
Event: 3.180 loading class java/util/NavigableSet
Event: 3.180 loading class java/util/SortedSet
Event: 3.180 loading class java/util/SortedSet done
Event: 3.180 loading class java/util/NavigableSet done
Event: 3.181 loading class java/util/TreeSet done
Event: 3.181 loading class java/util/TreeMap$KeySet
Event: 3.182 loading class java/util/TreeMap$KeySet done
Event: 3.182 loading class java/util/TreeMap$KeyIterator
Event: 3.182 loading class java/util/TreeMap$PrivateEntryIterator
Event: 3.182 loading class java/util/TreeMap$PrivateEntryIterator done
Event: 3.182 loading class java/util/TreeMap$KeyIterator done
Event: 3.209 loading class java/util/zip/DataFormatException
Event: 3.209 loading class java/util/zip/DataFormatException done
Event: 3.210 loading class java/security/PrivilegedActionException
Event: 3.210 loading class java/security/PrivilegedActionException done
Event: 3.238 loading class java/io/StringWriter
Event: 3.239 loading class java/io/StringWriter done


Dynamic libraries:
0x00007ff781d60000 - 0x00007ff781d6a000 	C:\Program Files\Android\Android Studio\jbr\bin\java.exe
0x00007ffa88590000 - 0x00007ffa88788000 	C:\Windows\SYSTEM32\ntdll.dll
0x00007ffa80f80000 - 0x00007ffa80f99000 	C:\Program Files\Avast Software\Avast\aswhook.dll
0x00007ffa86a90000 - 0x00007ffa86b4d000 	C:\Windows\System32\KERNEL32.DLL
0x00007ffa85ec0000 - 0x00007ffa861b6000 	C:\Windows\System32\KERNELBASE.dll
0x00007ffa861c0000 - 0x00007ffa862c0000 	C:\Windows\System32\ucrtbase.dll
0x00007ffa4d780000 - 0x00007ffa4d797000 	C:\Program Files\Android\Android Studio\jbr\bin\jli.dll
0x00007ffa87610000 - 0x00007ffa877ae000 	C:\Windows\System32\USER32.dll
0x00007ffa85e20000 - 0x00007ffa85e42000 	C:\Windows\System32\win32u.dll
0x00007ffa87d10000 - 0x00007ffa87d3c000 	C:\Windows\System32\GDI32.dll
0x00007ffa85d00000 - 0x00007ffa85e1a000 	C:\Windows\System32\gdi32full.dll
0x00007ffa862f0000 - 0x00007ffa8638d000 	C:\Windows\System32\msvcp_win.dll
0x00007ffa4d760000 - 0x00007ffa4d77b000 	C:\Program Files\Android\Android Studio\jbr\bin\VCRUNTIME140.dll
0x00007ffa6c050000 - 0x00007ffa6c2ea000 	C:\Windows\WinSxS\amd64_microsoft.windows.common-controls_6595b64144ccf1df_6.0.19041.3636_none_60b6a03d71f818d5\COMCTL32.dll
0x00007ffa87570000 - 0x00007ffa8760e000 	C:\Windows\System32\msvcrt.dll
0x00007ffa865f0000 - 0x00007ffa86620000 	C:\Windows\System32\IMM32.DLL
0x00007ffa6d3d0000 - 0x00007ffa6d3dc000 	C:\Program Files\Android\Android Studio\jbr\bin\vcruntime140_1.dll
0x00007ffa3f9c0000 - 0x00007ffa3fa4d000 	C:\Program Files\Android\Android Studio\jbr\bin\msvcp140.dll
0x00007ffa1a740000 - 0x00007ffa1b3ae000 	C:\Program Files\Android\Android Studio\jbr\bin\server\jvm.dll
0x00007ffa88290000 - 0x00007ffa8833f000 	C:\Windows\System32\ADVAPI32.dll
0x00007ffa87da0000 - 0x00007ffa87e3c000 	C:\Windows\System32\sechost.dll
0x00007ffa877b0000 - 0x00007ffa878d6000 	C:\Windows\System32\RPCRT4.dll
0x00007ffa74e40000 - 0x00007ffa74e49000 	C:\Windows\SYSTEM32\WSOCK32.dll
0x00007ffa87c40000 - 0x00007ffa87cab000 	C:\Windows\System32\WS2_32.dll
0x00007ffa6c2f0000 - 0x00007ffa6c317000 	C:\Windows\SYSTEM32\WINMM.dll
0x00007ffa7ada0000 - 0x00007ffa7adaa000 	C:\Windows\SYSTEM32\VERSION.dll
0x00007ffa84480000 - 0x00007ffa84492000 	C:\Windows\SYSTEM32\kernel.appcore.dll
0x00007ffa6cbd0000 - 0x00007ffa6cbda000 	C:\Program Files\Android\Android Studio\jbr\bin\jimage.dll
0x00007ffa84170000 - 0x00007ffa84354000 	C:\Windows\SYSTEM32\DBGHELP.DLL
0x00007ffa7a9a0000 - 0x00007ffa7a9d4000 	C:\Windows\SYSTEM32\dbgcore.DLL
0x00007ffa85c70000 - 0x00007ffa85cf2000 	C:\Windows\System32\bcryptPrimitives.dll
0x00007ffa433e0000 - 0x00007ffa43405000 	C:\Program Files\Android\Android Studio\jbr\bin\java.dll
0x00007ffa4d740000 - 0x00007ffa4d758000 	C:\Program Files\Android\Android Studio\jbr\bin\zip.dll
0x00007ffa86d60000 - 0x00007ffa874a4000 	C:\Windows\System32\SHELL32.dll
0x00007ffa839d0000 - 0x00007ffa8416b000 	C:\Windows\SYSTEM32\windows.storage.dll
0x00007ffa87e60000 - 0x00007ffa881b4000 	C:\Windows\System32\combase.dll
0x00007ffa85500000 - 0x00007ffa8552d000 	C:\Windows\SYSTEM32\Wldp.dll
0x00007ffa881e0000 - 0x00007ffa8828d000 	C:\Windows\System32\SHCORE.dll
0x00007ffa883d0000 - 0x00007ffa88425000 	C:\Windows\System32\shlwapi.dll
0x00007ffa85ba0000 - 0x00007ffa85bc5000 	C:\Windows\SYSTEM32\profapi.dll
0x00007ffa48290000 - 0x00007ffa482a9000 	C:\Program Files\Android\Android Studio\jbr\bin\net.dll
0x00007ffa7d020000 - 0x00007ffa7d12a000 	C:\Windows\SYSTEM32\WINHTTP.dll
0x00007ffa852e0000 - 0x00007ffa8534a000 	C:\Windows\system32\mswsock.dll
0x00007ffa418c0000 - 0x00007ffa418d6000 	C:\Program Files\Android\Android Studio\jbr\bin\nio.dll
0x00007ffa4d710000 - 0x00007ffa4d720000 	C:\Program Files\Android\Android Studio\jbr\bin\verify.dll

dbghelp: loaded successfully - version: 4.0.5 - missing functions: none
symbol engine: initialized successfully - sym options: 0x614 - pdb path: .;C:\Program Files\Android\Android Studio\jbr\bin;C:\Windows\SYSTEM32;C:\Program Files\Avast Software\Avast;C:\Windows\WinSxS\amd64_microsoft.windows.common-controls_6595b64144ccf1df_6.0.19041.3636_none_60b6a03d71f818d5;C:\Program Files\Android\Android Studio\jbr\bin\server

VM Arguments:
jvm_args: -Dorg.gradle.appname=gradlew 
java_command: org.gradle.wrapper.GradleWrapperMain -q -Ptarget-platform=android-arm64 -Ptarget=H:\my-P-flutter\instagram\lib\main.dart -Pmultidex-enabled=true -Pbase-application-name=android.app.Application -Pdart-defines=RkxVVFRFUl9XRUJfQVVUT19ERVRFQ1Q9dHJ1ZQ==,RkxVVFRFUl9XRUJfQ0FOVkFTS0lUX1VSTD1odHRwczovL3d3dy5nc3RhdGljLmNvbS9mbHV0dGVyLWNhbnZhc2tpdC8wNTQ1Zjg3MDVkZjMwMTg3N2Q3ODcxMDdiYWMxYTZlOWZjOWVlMWFkLw== -Pdart-obfuscation=false -Ptrack-widget-creation=true -Ptree-shake-icons=false -Pfilesystem-scheme=org-dartlang-root assembleDebug
java_class_path (initial): H:\my-P-flutter\instagram\android\\gradle\wrapper\gradle-wrapper.jar
Launcher Type: SUN_STANDARD

[Global flags]
     intx CICompilerCount                          = 3                                         {product} {ergonomic}
     uint ConcGCThreads                            = 1                                         {product} {ergonomic}
     uint G1ConcRefinementThreads                  = 4                                         {product} {ergonomic}
   size_t G1HeapRegionSize                         = 1048576                                   {product} {ergonomic}
    uintx GCDrainStackTargetSize                   = 64                                        {product} {ergonomic}
   size_t InitialHeapSize                          = 134217728                                 {product} {ergonomic}
   size_t MarkStackSize                            = 4194304                                   {product} {ergonomic}
   size_t MaxHeapSize                              = 2118123520                                {product} {ergonomic}
   size_t MaxNewSize                               = 1270874112                                {product} {ergonomic}
   size_t MinHeapDeltaBytes                        = 1048576                                   {product} {ergonomic}
   size_t MinHeapSize                              = 8388608                                   {product} {ergonomic}
    uintx NonNMethodCodeHeapSize                   = 5832780                                {pd product} {ergonomic}
    uintx NonProfiledCodeHeapSize                  = 122912730                              {pd product} {ergonomic}
    uintx ProfiledCodeHeapSize                     = 122912730                              {pd product} {ergonomic}
    uintx ReservedCodeCacheSize                    = 251658240                              {pd product} {ergonomic}
     bool SegmentedCodeCache                       = true                                      {product} {ergonomic}
   size_t SoftMaxHeapSize                          = 2118123520                             {manageable} {ergonomic}
     bool UseCompressedClassPointers               = true                           {product lp64_product} {ergonomic}
     bool UseCompressedOops                        = true                           {product lp64_product} {ergonomic}
     bool UseG1GC                                  = true                                      {product} {ergonomic}
     bool UseLargePagesIndividualAllocation        = false                                  {pd product} {ergonomic}

Logging:
Log output configuration:
 #0: stdout all=warning uptime,level,tags
 #1: stderr all=off uptime,level,tags

Environment Variables:
JAVA_HOME=C:\Program Files\Android\Android Studio\jbr
CLASSPATH=H:\my-P-flutter\instagram\android\\gradle\wrapper\gradle-wrapper.jar
PATH=C:\Program Files\Android\Android Studio\jbr\bin;C:\Program Files\Common Files\Oracle\Java\javapath;C:\Windows\system32;C:\Windows;C:\Windows\System32\Wbem;C:\Windows\System32\WindowsPowerShell\v1.0\;C:\Windows\System32\OpenSSH\;C:\Program Files\Git\cmd;C:\Program Files\Microsoft SQL Server\150\Tools\Binn\;C:\Program Files (x86)\Windows Kits\10\Windows Performance Toolkit\;C:\Program Files\Microsoft SQL Server\Client SDK\ODBC\170\Tools\Binn\;C:\Program Files\dotnet\;C:\Program Files (x86)\Incredibuild;C:\Program Files\nodejs\;C:\Users\Admin\AppData\Local\Microsoft\WindowsApps;C:\Users\Admin\AppData\Local\Programs\Microsoft VS Code\bin;C:\Users\Admin\Desktop\Devolpment Flutter\flutter\bin;C:\Users\Admin\Desktop\flutter projects;C:\Users\Admin\.dotnet\tools;C:\Users\Admin\AppData\Local\Pub\Cache\bin;C:\Users\Admin\AppData\Roaming\npm;C:\Program Files\Java\jdk-21\bin;G:\src\flutter\bin;;G:\src\flutter\bin\mingit\cmd;G:\src\flutter\bin\mingit\cmd
USERNAME=Admin
OS=Windows_NT
PROCESSOR_IDENTIFIER=Intel64 Family 6 Model 58 Stepping 9, GenuineIntel
TMP=C:\Users\Admin\AppData\Local\Temp
TEMP=C:\Users\Admin\AppData\Local\Temp


JNI global refs:
JNI global refs: 7, weak refs: 0

JNI global refs memory usage: 843, weak refs: 841


---------------  S Y S T E M  ---------------

OS:
 Windows 10 , 64 bit Build 19041 (10.0.19041.3636)
OS uptime: 0 days 0:39 hours
Hyper-V role detected

CPU: total 4 (initial active 4) (2 cores per cpu, 2 threads per core) family 6 model 58 stepping 9 microcode 0x21, cx8, cmov, fxsr, ht, mmx, sse, sse2, sse3, ssse3, sse4.1, sse4.2, popcnt, tsc, tscinvbit, avx, aes, erms, clmul, vzeroupper, clflush, hv

Memory: 4k page, system-wide physical 8077M (709M free)
TotalPageFile size 9076M (AvailPageFile size 0M)
current process WorkingSet (physical memory assigned to process): 63M, peak: 63M
current process commit charge ("private bytes"): 207M, peak: 207M

vm_info: OpenJDK 64-Bit Server VM (17.0.6+0-b2043.56-10027231) for windows-amd64 JRE (17.0.6+0-b2043.56-10027231), built on Apr 28 2023 00:43:19 by "androidbuild" with MS VC++ 16.10 / 16.11 (VS2019)

END.
