#
# There is insufficient memory for the Java Runtime Environment to continue.
# Native memory allocation (malloc) failed to allocate 2855216 bytes for Chunk::new
# Possible reasons:
#   The system is out of physical RAM or swap space
#   The process is running with CompressedOops enabled, and the Java Heap may be blocking the growth of the native heap
# Possible solutions:
#   Reduce memory load on the system
#   Increase physical memory or swap space
#   Check if swap backing store is full
#   Decrease Java heap size (-Xmx/-Xms)
#   Decrease number of Java threads
#   Decrease Java thread stack sizes (-Xss)
#   Set larger code cache with -XX:ReservedCodeCacheSize=
#   JVM is running with Unscaled Compressed Oops mode in which the Java heap is
#     placed in the first 4GB address space. The Java Heap base address is the
#     maximum limit for the native heap growth. Please use -XX:HeapBaseMinAddress
#     to set the Java Heap base and to place the Java Heap above 4GB virtual address.
# This output file may be truncated or incomplete.
#
#  Out of Memory Error (arena.cpp:189), pid=17208, tid=14068
#
# JRE version: OpenJDK Runtime Environment (17.0.6) (build 17.0.6+0-b2043.56-10027231)
# Java VM: OpenJDK 64-Bit Server VM (17.0.6+0-b2043.56-10027231, mixed mode, tiered, compressed oops, compressed class ptrs, g1 gc, windows-amd64)
# No core dump will be written. Minidumps are not enabled by default on client versions of Windows
#

---------------  S U M M A R Y ------------

Command Line: --add-opens=java.base/java.util=ALL-UNNAMED --add-opens=java.base/java.lang=ALL-UNNAMED --add-opens=java.base/java.lang.invoke=ALL-UNNAMED --add-opens=java.base/java.util=ALL-UNNAMED --add-opens=java.prefs/java.util.prefs=ALL-UNNAMED --add-opens=java.prefs/java.util.prefs=ALL-UNNAMED --add-opens=java.base/java.nio.charset=ALL-UNNAMED --add-opens=java.base/java.net=ALL-UNNAMED --add-opens=java.base/java.util.concurrent.atomic=ALL-UNNAMED -Xmx1536M -Dfile.encoding=windows-1252 -Duser.country=US -Duser.language=en -Duser.variant org.gradle.launcher.daemon.bootstrap.GradleDaemon 7.5

Host: Intel(R) Core(TM) i5-3317U CPU @ 1.70GHz, 4 cores, 7G,  Windows 10 , 64 bit Build 19041 (10.0.19041.3570)
Time: Sun Nov 19 20:26:23 2023 Pacific Standard Time elapsed time: 83.288714 seconds (0d 0h 1m 23s)

---------------  T H R E A D  ---------------

Current thread (0x0000023a70d4b2f0):  JavaThread "C2 CompilerThread0" daemon [_thread_in_native, id=14068, stack(0x000000db9c100000,0x000000db9c200000)]


Current CompileTask:
C2:  83289 9215       4       java.beans.MethodRef::set (58 bytes)

Stack: [0x000000db9c100000,0x000000db9c200000]
Native frames: (J=compiled Java code, j=interpreted, Vv=VM code, C=native code)
V  [jvm.dll+0x683c9a]
V  [jvm.dll+0x8427a4]
V  [jvm.dll+0x843f9e]
V  [jvm.dll+0x844603]
V  [jvm.dll+0x249b75]
V  [jvm.dll+0xabcac]
V  [jvm.dll+0xac27c]
V  [jvm.dll+0x368802]
V  [jvm.dll+0x332f31]
V  [jvm.dll+0x3323da]
V  [jvm.dll+0x21c201]
V  [jvm.dll+0x21b621]
V  [jvm.dll+0x1a4fdd]
V  [jvm.dll+0x22b098]
V  [jvm.dll+0x229159]
V  [jvm.dll+0x7f81ec]
V  [jvm.dll+0x7f274a]
V  [jvm.dll+0x682ad5]
C  [ucrtbase.dll+0x21bb2]
C  [KERNEL32.DLL+0x17344]
C  [ntdll.dll+0x526b1]


---------------  P R O C E S S  ---------------

Threads class SMR info:
_java_thread_list=0x0000023a7ac71da0, length=88, elements={
0x0000023a58a54090, 0x0000023a70ce84f0, 0x0000023a70ce9270, 0x0000023a70d42540,
0x0000023a70d46080, 0x0000023a70d46940, 0x0000023a70d47200, 0x0000023a70d4b2f0,
0x0000023a70d4bca0, 0x0000023a70d4e9a0, 0x0000023a71992030, 0x0000023a71994d80,
0x0000023a72ff09b0, 0x0000023a73df4cb0, 0x0000023a7210d030, 0x0000023a741de460,
0x0000023a741de930, 0x0000023a74451420, 0x0000023a72a7a030, 0x0000023a72516ef0,
0x0000023a72516a20, 0x0000023a725156e0, 0x0000023a72516550, 0x0000023a72516080,
0x0000023a72aaed60, 0x0000023a72aaaa00, 0x0000023a72ab0570, 0x0000023a72aaaed0,
0x0000023a72aacbb0, 0x0000023a72aae3c0, 0x0000023a72aab3a0, 0x0000023a72aaa530,
0x0000023a72aac6e0, 0x0000023a72ab13e0, 0x0000023a72ab0a40, 0x0000023a72aac210,
0x0000023a72ab0f10, 0x0000023a72ab18b0, 0x0000023a72aae890, 0x0000023a72aad550,
0x0000023a72aaa060, 0x0000023a72aada20, 0x0000023a72aadef0, 0x0000023a72aaf700,
0x0000023a731994b0, 0x0000023a73194c80, 0x0000023a7319b660, 0x0000023a73197ca0,
0x0000023a7319bb30, 0x0000023a731977d0, 0x0000023a73198640, 0x0000023a73195620,
0x0000023a73198b10, 0x0000023a73195af0, 0x0000023a73195fc0, 0x0000023a73196490,
0x0000023a73198170, 0x0000023a731947b0, 0x0000023a73196e30, 0x0000023a73198fe0,
0x0000023a7319c000, 0x0000023a7319acc0, 0x0000023a73199980, 0x0000023a73197300,
0x0000023a73199e50, 0x0000023a7319a320, 0x0000023a7319a7f0, 0x0000023a7319b190,
0x0000023a73195150, 0x0000023a73196960, 0x0000023a77ab53a0, 0x0000023a77ab5870,
0x0000023a77ab7ef0, 0x0000023a77ab1040, 0x0000023a77ab5d40, 0x0000023a77ab2380,
0x0000023a77ab6210, 0x0000023a77ab7080, 0x0000023a77ab66e0, 0x0000023a77ab7a20,
0x0000023a77ab1510, 0x0000023a77ab6bb0, 0x0000023a77ab8890, 0x0000023a77ab2850,
0x0000023a77ab2d20, 0x0000023a77ab4ed0, 0x0000023a77ab31f0, 0x0000023a75f5cab0
}

Java Threads: ( => current thread )
  0x0000023a58a54090 JavaThread "main" [_thread_blocked, id=13320, stack(0x000000db9b400000,0x000000db9b500000)]
  0x0000023a70ce84f0 JavaThread "Reference Handler" daemon [_thread_blocked, id=17092, stack(0x000000db9bb00000,0x000000db9bc00000)]
  0x0000023a70ce9270 JavaThread "Finalizer" daemon [_thread_blocked, id=15968, stack(0x000000db9bc00000,0x000000db9bd00000)]
  0x0000023a70d42540 JavaThread "Signal Dispatcher" daemon [_thread_blocked, id=13220, stack(0x000000db9bd00000,0x000000db9be00000)]
  0x0000023a70d46080 JavaThread "Attach Listener" daemon [_thread_blocked, id=8256, stack(0x000000db9be00000,0x000000db9bf00000)]
  0x0000023a70d46940 JavaThread "Service Thread" daemon [_thread_blocked, id=15536, stack(0x000000db9bf00000,0x000000db9c000000)]
  0x0000023a70d47200 JavaThread "Monitor Deflation Thread" daemon [_thread_blocked, id=14884, stack(0x000000db9c000000,0x000000db9c100000)]
=>0x0000023a70d4b2f0 JavaThread "C2 CompilerThread0" daemon [_thread_in_native, id=14068, stack(0x000000db9c100000,0x000000db9c200000)]
  0x0000023a70d4bca0 JavaThread "C1 CompilerThread0" daemon [_thread_blocked, id=8012, stack(0x000000db9c200000,0x000000db9c300000)]
  0x0000023a70d4e9a0 JavaThread "Sweeper thread" daemon [_thread_blocked, id=1168, stack(0x000000db9c300000,0x000000db9c400000)]
  0x0000023a71992030 JavaThread "Common-Cleaner" daemon [_thread_blocked, id=14780, stack(0x000000db9c400000,0x000000db9c500000)]
  0x0000023a71994d80 JavaThread "Notification Thread" daemon [_thread_blocked, id=13560, stack(0x000000db9c500000,0x000000db9c600000)]
  0x0000023a72ff09b0 JavaThread "Daemon health stats" [_thread_blocked, id=11864, stack(0x000000db9c700000,0x000000db9c800000)]
  0x0000023a73df4cb0 JavaThread "Incoming local TCP Connector on port 54486" [_thread_in_native, id=7788, stack(0x000000db9b200000,0x000000db9b300000)]
  0x0000023a7210d030 JavaThread "Daemon periodic checks" [_thread_blocked, id=14124, stack(0x000000db9cb00000,0x000000db9cc00000)]
  0x0000023a741de460 JavaThread "Daemon" [_thread_blocked, id=9696, stack(0x000000db9cd00000,0x000000db9ce00000)]
  0x0000023a741de930 JavaThread "Handler for socket connection from /127.0.0.1:54486 to /127.0.0.1:54487" [_thread_in_native, id=13084, stack(0x000000db9ce00000,0x000000db9cf00000)]
  0x0000023a74451420 JavaThread "Cancel handler" [_thread_blocked, id=11928, stack(0x000000db9cf00000,0x000000db9d000000)]
  0x0000023a72a7a030 JavaThread "Daemon worker" [_thread_in_vm, id=8764, stack(0x000000db9d000000,0x000000db9d100000)]
  0x0000023a72516ef0 JavaThread "Asynchronous log dispatcher for DefaultDaemonConnection: socket connection from /127.0.0.1:54486 to /127.0.0.1:54487" [_thread_blocked, id=3876, stack(0x000000db9cc00000,0x000000db9cd00000)]
  0x0000023a72516a20 JavaThread "Stdin handler" [_thread_blocked, id=13216, stack(0x000000db9d100000,0x000000db9d200000)]
  0x0000023a725156e0 JavaThread "Daemon client event forwarder" [_thread_blocked, id=16152, stack(0x000000db9d200000,0x000000db9d300000)]
  0x0000023a72516550 JavaThread "Cache worker for journal cache (C:\Users\Admin\.gradle\caches\journal-1)" [_thread_blocked, id=12324, stack(0x000000db9d300000,0x000000db9d400000)]
  0x0000023a72516080 JavaThread "File lock request listener" [_thread_in_native, id=11888, stack(0x000000db9d400000,0x000000db9d500000)]
  0x0000023a72aaed60 JavaThread "Cache worker for file hash cache (C:\Users\Admin\.gradle\caches\7.5\fileHashes)" [_thread_blocked, id=13556, stack(0x000000db9d500000,0x000000db9d600000)]
  0x0000023a72aaaa00 JavaThread "File watcher server" daemon [_thread_in_native, id=8464, stack(0x000000db9d700000,0x000000db9d800000)]
  0x0000023a72ab0570 JavaThread "File watcher consumer" daemon [_thread_blocked, id=2400, stack(0x000000db9d800000,0x000000db9d900000)]
  0x0000023a72aaaed0 JavaThread "Cache worker for checksums cache (H:\my-P-flutter\instagram\android\.gradle\7.5\checksums)" [_thread_blocked, id=6704, stack(0x000000db9d900000,0x000000db9da00000)]
  0x0000023a72aacbb0 JavaThread "Cache worker for cache directory md-rule (C:\Users\Admin\.gradle\caches\7.5\md-rule)" [_thread_blocked, id=13852, stack(0x000000db9da00000,0x000000db9db00000)]
  0x0000023a72aae3c0 JavaThread "Cache worker for file content cache (C:\Users\Admin\.gradle\caches\7.5\fileContent)" [_thread_blocked, id=1080, stack(0x000000db9db00000,0x000000db9dc00000)]
  0x0000023a72aab3a0 JavaThread "Cache worker for file hash cache (H:\my-P-flutter\instagram\android\.gradle\7.5\fileHashes)" [_thread_blocked, id=15656, stack(0x000000db9dc00000,0x000000db9dd00000)]
  0x0000023a72aaa530 JavaThread "Cache worker for cache directory md-supplier (C:\Users\Admin\.gradle\caches\7.5\md-supplier)" [_thread_blocked, id=17224, stack(0x000000db9dd00000,0x000000db9de00000)]
  0x0000023a72aac6e0 JavaThread "Cache worker for execution history cache (C:\Users\Admin\.gradle\caches\7.5\executionHistory)" [_thread_blocked, id=12332, stack(0x000000db9de00000,0x000000db9df00000)]
  0x0000023a72ab13e0 JavaThread "jar transforms" [_thread_blocked, id=10944, stack(0x000000db9e000000,0x000000db9e100000)]
  0x0000023a72ab0a40 JavaThread "jar transforms Thread 2" [_thread_blocked, id=11436, stack(0x000000db9e100000,0x000000db9e200000)]
  0x0000023a72aac210 JavaThread "jar transforms Thread 3" [_thread_blocked, id=8640, stack(0x000000db9e200000,0x000000db9e300000)]
  0x0000023a72ab0f10 JavaThread "jar transforms Thread 4" [_thread_blocked, id=9752, stack(0x000000db9e300000,0x000000db9e400000)]
  0x0000023a72ab18b0 JavaThread "Cache worker for dependencies-accessors (H:\my-P-flutter\instagram\android\.gradle\7.5\dependencies-accessors)" [_thread_blocked, id=14768, stack(0x000000db9e400000,0x000000db9e500000)]
  0x0000023a72aae890 JavaThread "Cache worker for Build Output Cleanup Cache (H:\my-P-flutter\instagram\android\.gradle\buildOutputCleanup)" [_thread_blocked, id=14208, stack(0x000000db9d600000,0x000000db9d700000)]
  0x0000023a72aad550 JavaThread "Unconstrained build operations" [_thread_blocked, id=6516, stack(0x000000db9e500000,0x000000db9e600000)]
  0x0000023a72aaa060 JavaThread "Unconstrained build operations Thread 2" [_thread_blocked, id=5200, stack(0x000000db9e600000,0x000000db9e700000)]
  0x0000023a72aada20 JavaThread "Unconstrained build operations Thread 3" [_thread_blocked, id=4988, stack(0x000000db9e700000,0x000000db9e800000)]
  0x0000023a72aadef0 JavaThread "Unconstrained build operations Thread 4" [_thread_blocked, id=13836, stack(0x000000db9e800000,0x000000db9e900000)]
  0x0000023a72aaf700 JavaThread "Unconstrained build operations Thread 5" [_thread_blocked, id=4200, stack(0x000000db9e900000,0x000000db9ea00000)]
  0x0000023a731994b0 JavaThread "Unconstrained build operations Thread 6" [_thread_blocked, id=2120, stack(0x000000db9ea00000,0x000000db9eb00000)]
  0x0000023a73194c80 JavaThread "Unconstrained build operations Thread 7" [_thread_blocked, id=10696, stack(0x000000db9eb00000,0x000000db9ec00000)]
  0x0000023a7319b660 JavaThread "Unconstrained build operations Thread 8" [_thread_blocked, id=15180, stack(0x000000db9ec00000,0x000000db9ed00000)]
  0x0000023a73197ca0 JavaThread "Unconstrained build operations Thread 9" [_thread_blocked, id=10576, stack(0x000000db9ed00000,0x000000db9ee00000)]
  0x0000023a7319bb30 JavaThread "Unconstrained build operations Thread 10" [_thread_blocked, id=11664, stack(0x000000db9ee00000,0x000000db9ef00000)]
  0x0000023a731977d0 JavaThread "Unconstrained build operations Thread 11" [_thread_blocked, id=2468, stack(0x000000db9ef00000,0x000000db9f000000)]
  0x0000023a73198640 JavaThread "Unconstrained build operations Thread 12" [_thread_blocked, id=14556, stack(0x000000db9f000000,0x000000db9f100000)]
  0x0000023a73195620 JavaThread "Unconstrained build operations Thread 13" [_thread_blocked, id=15996, stack(0x000000db9f100000,0x000000db9f200000)]
  0x0000023a73198b10 JavaThread "Unconstrained build operations Thread 14" [_thread_blocked, id=17168, stack(0x000000db9f200000,0x000000db9f300000)]
  0x0000023a73195af0 JavaThread "Unconstrained build operations Thread 15" [_thread_blocked, id=16232, stack(0x000000db9f300000,0x000000db9f400000)]
  0x0000023a73195fc0 JavaThread "Unconstrained build operations Thread 16" [_thread_blocked, id=14520, stack(0x000000db9f400000,0x000000db9f500000)]
  0x0000023a73196490 JavaThread "Unconstrained build operations Thread 17" [_thread_blocked, id=7404, stack(0x000000db9f500000,0x000000db9f600000)]
  0x0000023a73198170 JavaThread "Unconstrained build operations Thread 18" [_thread_blocked, id=15388, stack(0x000000db9f600000,0x000000db9f700000)]
  0x0000023a731947b0 JavaThread "Unconstrained build operations Thread 19" [_thread_blocked, id=8872, stack(0x000000db9f700000,0x000000db9f800000)]
  0x0000023a73196e30 JavaThread "Unconstrained build operations Thread 20" [_thread_blocked, id=15836, stack(0x000000db9f800000,0x000000db9f900000)]
  0x0000023a73198fe0 JavaThread "Unconstrained build operations Thread 21" [_thread_blocked, id=14500, stack(0x000000db9f900000,0x000000db9fa00000)]
  0x0000023a7319c000 JavaThread "Unconstrained build operations Thread 22" [_thread_blocked, id=16852, stack(0x000000db9fa00000,0x000000db9fb00000)]
  0x0000023a7319acc0 JavaThread "Unconstrained build operations Thread 23" [_thread_blocked, id=9648, stack(0x000000db9fb00000,0x000000db9fc00000)]
  0x0000023a73199980 JavaThread "Unconstrained build operations Thread 24" [_thread_blocked, id=10996, stack(0x000000db9fc00000,0x000000db9fd00000)]
  0x0000023a73197300 JavaThread "Unconstrained build operations Thread 25" [_thread_blocked, id=6008, stack(0x000000db9fd00000,0x000000db9fe00000)]
  0x0000023a73199e50 JavaThread "Unconstrained build operations Thread 26" [_thread_blocked, id=13548, stack(0x000000db9fe00000,0x000000db9ff00000)]
  0x0000023a7319a320 JavaThread "Unconstrained build operations Thread 27" [_thread_blocked, id=6644, stack(0x000000db9ff00000,0x000000dba0000000)]
  0x0000023a7319a7f0 JavaThread "Unconstrained build operations Thread 28" [_thread_blocked, id=9228, stack(0x000000dba0000000,0x000000dba0100000)]
  0x0000023a7319b190 JavaThread "Unconstrained build operations Thread 29" [_thread_blocked, id=3040, stack(0x000000dba0100000,0x000000dba0200000)]
  0x0000023a73195150 JavaThread "Unconstrained build operations Thread 30" [_thread_blocked, id=3412, stack(0x000000dba0200000,0x000000dba0300000)]
  0x0000023a73196960 JavaThread "Unconstrained build operations Thread 31" [_thread_blocked, id=7840, stack(0x000000dba0300000,0x000000dba0400000)]
  0x0000023a77ab53a0 JavaThread "Unconstrained build operations Thread 32" [_thread_blocked, id=16508, stack(0x000000dba0400000,0x000000dba0500000)]
  0x0000023a77ab5870 JavaThread "Unconstrained build operations Thread 33" [_thread_blocked, id=16528, stack(0x000000dba0500000,0x000000dba0600000)]
  0x0000023a77ab7ef0 JavaThread "Unconstrained build operations Thread 34" [_thread_blocked, id=13328, stack(0x000000dba0600000,0x000000dba0700000)]
  0x0000023a77ab1040 JavaThread "Unconstrained build operations Thread 35" [_thread_blocked, id=1320, stack(0x000000dba0700000,0x000000dba0800000)]
  0x0000023a77ab5d40 JavaThread "Unconstrained build operations Thread 36" [_thread_blocked, id=9864, stack(0x000000dba0800000,0x000000dba0900000)]
  0x0000023a77ab2380 JavaThread "Unconstrained build operations Thread 37" [_thread_blocked, id=11420, stack(0x000000dba0900000,0x000000dba0a00000)]
  0x0000023a77ab6210 JavaThread "Unconstrained build operations Thread 38" [_thread_blocked, id=3792, stack(0x000000dba0a00000,0x000000dba0b00000)]
  0x0000023a77ab7080 JavaThread "Unconstrained build operations Thread 39" [_thread_blocked, id=14440, stack(0x000000dba0b00000,0x000000dba0c00000)]
  0x0000023a77ab66e0 JavaThread "Unconstrained build operations Thread 40" [_thread_blocked, id=9496, stack(0x000000dba0c00000,0x000000dba0d00000)]
  0x0000023a77ab7a20 JavaThread "Cache worker for kotlin-dsl (C:\Users\Admin\.gradle\caches\7.5\kotlin-dsl)" [_thread_blocked, id=11752, stack(0x000000db9b300000,0x000000db9b400000)]
  0x0000023a77ab1510 JavaThread "Cache worker for Build Output Cleanup Cache (G:\src\flutter\packages\flutter_tools\gradle\.gradle\buildOutputCleanup)" [_thread_blocked, id=1960, stack(0x000000dba0e00000,0x000000dba0f00000)]
  0x0000023a77ab6bb0 JavaThread "Memory manager" [_thread_blocked, id=4948, stack(0x000000dba1000000,0x000000dba1100000)]
  0x0000023a77ab8890 JavaThread "included builds" [_thread_blocked, id=14160, stack(0x000000dba1100000,0x000000dba1200000)]
  0x0000023a77ab2850 JavaThread "Execution worker" [_thread_blocked, id=6720, stack(0x000000dba1200000,0x000000dba1300000)]
  0x0000023a77ab2d20 JavaThread "Execution worker Thread 2" [_thread_blocked, id=11144, stack(0x000000dba1300000,0x000000dba1400000)]
  0x0000023a77ab4ed0 JavaThread "Execution worker Thread 3" [_thread_blocked, id=17384, stack(0x000000dba1400000,0x000000dba1500000)]
  0x0000023a77ab31f0 JavaThread "Cache worker for execution history cache (G:\src\flutter\packages\flutter_tools\gradle\.gradle\7.5\executionHistory)" [_thread_blocked, id=676, stack(0x000000dba1500000,0x000000dba1600000)]
  0x0000023a75f5cab0 JavaThread "C2 CompilerThread1" daemon [_thread_in_native, id=15196, stack(0x000000dba0f00000,0x000000dba1000000)]

Other Threads:
  0x0000023a70ce69e0 VMThread "VM Thread" [stack: 0x000000db9ba00000,0x000000db9bb00000] [id=564]
  0x0000023a58ac1b50 WatcherThread [stack: 0x000000db9c600000,0x000000db9c700000] [id=16768]
  0x0000023a58a9f230 GCTaskThread "GC Thread#0" [stack: 0x000000db9b500000,0x000000db9b600000] [id=16736]
  0x0000023a721892e0 GCTaskThread "GC Thread#1" [stack: 0x000000db9c800000,0x000000db9c900000] [id=10468]
  0x0000023a71aba6f0 GCTaskThread "GC Thread#2" [stack: 0x000000db9c900000,0x000000db9ca00000] [id=16980]
  0x0000023a71f8f9b0 GCTaskThread "GC Thread#3" [stack: 0x000000db9ca00000,0x000000db9cb00000] [id=1752]
  0x0000023a58aac240 ConcurrentGCThread "G1 Main Marker" [stack: 0x000000db9b600000,0x000000db9b700000] [id=5452]
  0x0000023a58aad3f0 ConcurrentGCThread "G1 Conc#0" [stack: 0x000000db9b700000,0x000000db9b800000] [id=8260]
  0x0000023a58b1e2a0 ConcurrentGCThread "G1 Refine#0" [stack: 0x000000db9b800000,0x000000db9b900000] [id=1896]
  0x0000023a761a6040 ConcurrentGCThread "G1 Refine#1" [stack: 0x000000db9df00000,0x000000db9e000000] [id=1852]
  0x0000023a58b1ebd0 ConcurrentGCThread "G1 Service" [stack: 0x000000db9b900000,0x000000db9ba00000] [id=7512]

Threads with active compile tasks:
C2 CompilerThread0    83421 9215       4       java.beans.MethodRef::set (58 bytes)
C2 CompilerThread1    83421 9212   !   4       java.lang.reflect.Executable::sharedToGenericString (255 bytes)

VM state: not at safepoint (normal execution)

VM Mutex/Monitor currently owned by a thread: None

Heap address: 0x00000000a0000000, size: 1536 MB, Compressed Oops mode: 32-bit

CDS archive(s) not mapped
Compressed class space mapped at: 0x0000000100000000-0x0000000140000000, reserved size: 1073741824
Narrow klass base: 0x0000000000000000, Narrow klass shift: 3, Narrow klass range: 0x140000000

GC Precious Log:
 CPUs: 4 total, 4 available
 Memory: 8077M
 Large Page Support: Disabled
 NUMA Support: Disabled
 Compressed Oops: Enabled (32-bit)
 Heap Region Size: 1M
 Heap Min Capacity: 8M
 Heap Initial Capacity: 128M
 Heap Max Capacity: 1536M
 Pre-touch: Disabled
 Parallel Workers: 4
 Concurrent Workers: 1
 Concurrent Refinement Workers: 4
 Periodic GC: Disabled

Heap:
 garbage-first heap   total 164864K, used 110736K [0x00000000a0000000, 0x0000000100000000)
  region size 1024K, 43 young (44032K), 8 survivors (8192K)
 Metaspace       used 88832K, committed 89536K, reserved 1130496K
  class space    used 12164K, committed 12480K, reserved 1048576K

Heap Regions: E=young(eden), S=young(survivor), O=old, HS=humongous(starts), HC=humongous(continues), CS=collection set, F=free, OA=open archive, CA=closed archive, TAMS=top-at-mark-start (previous, next)
|   0|0x00000000a0000000, 0x00000000a0100000, 0x00000000a0100000|100%|HS|  |TAMS 0x00000000a0100000, 0x00000000a0000000| Complete 
|   1|0x00000000a0100000, 0x00000000a0200000, 0x00000000a0200000|100%|HC|  |TAMS 0x00000000a0200000, 0x00000000a0100000| Complete 
|   2|0x00000000a0200000, 0x00000000a0300000, 0x00000000a0300000|100%|HC|  |TAMS 0x00000000a0300000, 0x00000000a0200000| Complete 
|   3|0x00000000a0300000, 0x00000000a0400000, 0x00000000a0400000|100%| O|  |TAMS 0x00000000a0400000, 0x00000000a0300000| Untracked 
|   4|0x00000000a0400000, 0x00000000a0500000, 0x00000000a0500000|100%| O|  |TAMS 0x00000000a0500000, 0x00000000a0400000| Untracked 
|   5|0x00000000a0500000, 0x00000000a0600000, 0x00000000a0600000|100%| O|  |TAMS 0x00000000a0600000, 0x00000000a0500000| Untracked 
|   6|0x00000000a0600000, 0x00000000a0700000, 0x00000000a0700000|100%| O|  |TAMS 0x00000000a0700000, 0x00000000a0600000| Untracked 
|   7|0x00000000a0700000, 0x00000000a0800000, 0x00000000a0800000|100%| O|  |TAMS 0x00000000a0800000, 0x00000000a0700000| Untracked 
|   8|0x00000000a0800000, 0x00000000a0900000, 0x00000000a0900000|100%| O|  |TAMS 0x00000000a0900000, 0x00000000a0800000| Untracked 
|   9|0x00000000a0900000, 0x00000000a0a00000, 0x00000000a0a00000|100%| O|  |TAMS 0x00000000a0a00000, 0x00000000a0900000| Untracked 
|  10|0x00000000a0a00000, 0x00000000a0b00000, 0x00000000a0b00000|100%|HS|  |TAMS 0x00000000a0b00000, 0x00000000a0a00000| Complete 
|  11|0x00000000a0b00000, 0x00000000a0c00000, 0x00000000a0c00000|100%| O|  |TAMS 0x00000000a0c00000, 0x00000000a0b00000| Untracked 
|  12|0x00000000a0c00000, 0x00000000a0d00000, 0x00000000a0d00000|100%| O|  |TAMS 0x00000000a0d00000, 0x00000000a0c00000| Untracked 
|  13|0x00000000a0d00000, 0x00000000a0e00000, 0x00000000a0e00000|100%| O|  |TAMS 0x00000000a0e00000, 0x00000000a0d00000| Untracked 
|  14|0x00000000a0e00000, 0x00000000a0f00000, 0x00000000a0f00000|100%| O|  |TAMS 0x00000000a0f00000, 0x00000000a0e00000| Untracked 
|  15|0x00000000a0f00000, 0x00000000a1000000, 0x00000000a1000000|100%| O|  |TAMS 0x00000000a1000000, 0x00000000a0f00000| Untracked 
|  16|0x00000000a1000000, 0x00000000a1100000, 0x00000000a1100000|100%| O|  |TAMS 0x00000000a1100000, 0x00000000a1000000| Untracked 
|  17|0x00000000a1100000, 0x00000000a1200000, 0x00000000a1200000|100%| O|  |TAMS 0x00000000a1200000, 0x00000000a1100000| Untracked 
|  18|0x00000000a1200000, 0x00000000a1300000, 0x00000000a1300000|100%| O|  |TAMS 0x00000000a1300000, 0x00000000a1200000| Untracked 
|  19|0x00000000a1300000, 0x00000000a1400000, 0x00000000a1400000|100%| O|  |TAMS 0x00000000a1400000, 0x00000000a1300000| Untracked 
|  20|0x00000000a1400000, 0x00000000a1500000, 0x00000000a1500000|100%| O|  |TAMS 0x00000000a1500000, 0x00000000a1400000| Untracked 
|  21|0x00000000a1500000, 0x00000000a1600000, 0x00000000a1600000|100%| O|  |TAMS 0x00000000a1600000, 0x00000000a1500000| Untracked 
|  22|0x00000000a1600000, 0x00000000a1700000, 0x00000000a1700000|100%| O|  |TAMS 0x00000000a1700000, 0x00000000a1600000| Untracked 
|  23|0x00000000a1700000, 0x00000000a1800000, 0x00000000a1800000|100%| O|  |TAMS 0x00000000a1800000, 0x00000000a1700000| Untracked 
|  24|0x00000000a1800000, 0x00000000a1900000, 0x00000000a1900000|100%| O|  |TAMS 0x00000000a1900000, 0x00000000a1800000| Untracked 
|  25|0x00000000a1900000, 0x00000000a1a00000, 0x00000000a1a00000|100%| O|  |TAMS 0x00000000a1a00000, 0x00000000a1900000| Untracked 
|  26|0x00000000a1a00000, 0x00000000a1b00000, 0x00000000a1b00000|100%| O|  |TAMS 0x00000000a1b00000, 0x00000000a1a00000| Untracked 
|  27|0x00000000a1b00000, 0x00000000a1c00000, 0x00000000a1c00000|100%| O|  |TAMS 0x00000000a1c00000, 0x00000000a1b00000| Untracked 
|  28|0x00000000a1c00000, 0x00000000a1d00000, 0x00000000a1d00000|100%| O|  |TAMS 0x00000000a1c3d200, 0x00000000a1c00000| Untracked 
|  29|0x00000000a1d00000, 0x00000000a1e00000, 0x00000000a1e00000|100%| O|  |TAMS 0x00000000a1e00000, 0x00000000a1d00000| Untracked 
|  30|0x00000000a1e00000, 0x00000000a1f00000, 0x00000000a1f00000|100%| O|  |TAMS 0x00000000a1e00000, 0x00000000a1e00000| Untracked 
|  31|0x00000000a1f00000, 0x00000000a2000000, 0x00000000a2000000|100%| O|  |TAMS 0x00000000a2000000, 0x00000000a1f00000| Untracked 
|  32|0x00000000a2000000, 0x00000000a2100000, 0x00000000a2100000|100%| O|  |TAMS 0x00000000a2100000, 0x00000000a2000000| Untracked 
|  33|0x00000000a2100000, 0x00000000a2200000, 0x00000000a2200000|100%| O|  |TAMS 0x00000000a2200000, 0x00000000a2100000| Untracked 
|  34|0x00000000a2200000, 0x00000000a2300000, 0x00000000a2300000|100%| O|  |TAMS 0x00000000a2200000, 0x00000000a2200000| Untracked 
|  35|0x00000000a2300000, 0x00000000a2400000, 0x00000000a2400000|100%|HS|  |TAMS 0x00000000a2400000, 0x00000000a2300000| Complete 
|  36|0x00000000a2400000, 0x00000000a2500000, 0x00000000a2500000|100%|HS|  |TAMS 0x00000000a2500000, 0x00000000a2400000| Complete 
|  37|0x00000000a2500000, 0x00000000a2600000, 0x00000000a2600000|100%|HS|  |TAMS 0x00000000a2600000, 0x00000000a2500000| Complete 
|  38|0x00000000a2600000, 0x00000000a2700000, 0x00000000a2700000|100%|HC|  |TAMS 0x00000000a2700000, 0x00000000a2600000| Complete 
|  39|0x00000000a2700000, 0x00000000a2800000, 0x00000000a2800000|100%|HC|  |TAMS 0x00000000a2800000, 0x00000000a2700000| Complete 
|  40|0x00000000a2800000, 0x00000000a2900000, 0x00000000a2900000|100%| O|  |TAMS 0x00000000a2900000, 0x00000000a2800000| Untracked 
|  41|0x00000000a2900000, 0x00000000a2a00000, 0x00000000a2a00000|100%|HS|  |TAMS 0x00000000a2a00000, 0x00000000a2900000| Complete 
|  42|0x00000000a2a00000, 0x00000000a2b00000, 0x00000000a2b00000|100%|HC|  |TAMS 0x00000000a2b00000, 0x00000000a2a00000| Complete 
|  43|0x00000000a2b00000, 0x00000000a2c00000, 0x00000000a2c00000|100%| O|  |TAMS 0x00000000a2c00000, 0x00000000a2b00000| Untracked 
|  44|0x00000000a2c00000, 0x00000000a2d00000, 0x00000000a2d00000|100%| O|  |TAMS 0x00000000a2d00000, 0x00000000a2c00000| Untracked 
|  45|0x00000000a2d00000, 0x00000000a2e00000, 0x00000000a2e00000|100%| O|  |TAMS 0x00000000a2e00000, 0x00000000a2d00000| Untracked 
|  46|0x00000000a2e00000, 0x00000000a2f00000, 0x00000000a2f00000|100%| O|  |TAMS 0x00000000a2e00000, 0x00000000a2e00000| Untracked 
|  47|0x00000000a2f00000, 0x00000000a3000000, 0x00000000a3000000|100%| O|  |TAMS 0x00000000a2f00000, 0x00000000a2f00000| Untracked 
|  48|0x00000000a3000000, 0x00000000a3100000, 0x00000000a3100000|100%| O|  |TAMS 0x00000000a3000000, 0x00000000a3000000| Untracked 
|  49|0x00000000a3100000, 0x00000000a3200000, 0x00000000a3200000|100%| O|  |TAMS 0x00000000a3200000, 0x00000000a3100000| Untracked 
|  50|0x00000000a3200000, 0x00000000a3300000, 0x00000000a3300000|100%| O|  |TAMS 0x00000000a3200000, 0x00000000a3200000| Untracked 
|  51|0x00000000a3300000, 0x00000000a3400000, 0x00000000a3400000|100%| O|  |TAMS 0x00000000a3300000, 0x00000000a3300000| Untracked 
|  52|0x00000000a3400000, 0x00000000a3500000, 0x00000000a3500000|100%| O|  |TAMS 0x00000000a3400000, 0x00000000a3400000| Untracked 
|  53|0x00000000a3500000, 0x00000000a3600000, 0x00000000a3600000|100%| O|  |TAMS 0x00000000a3500000, 0x00000000a3500000| Untracked 
|  54|0x00000000a3600000, 0x00000000a3700000, 0x00000000a3700000|100%| O|  |TAMS 0x00000000a3600000, 0x00000000a3600000| Untracked 
|  55|0x00000000a3700000, 0x00000000a3800000, 0x00000000a3800000|100%| O|  |TAMS 0x00000000a3700000, 0x00000000a3700000| Untracked 
|  56|0x00000000a3800000, 0x00000000a3900000, 0x00000000a3900000|100%| O|  |TAMS 0x00000000a3800000, 0x00000000a3800000| Untracked 
|  57|0x00000000a3900000, 0x00000000a3a00000, 0x00000000a3a00000|100%| O|  |TAMS 0x00000000a3900000, 0x00000000a3900000| Untracked 
|  58|0x00000000a3a00000, 0x00000000a3b00000, 0x00000000a3b00000|100%| O|  |TAMS 0x00000000a3a00000, 0x00000000a3a00000| Untracked 
|  59|0x00000000a3b00000, 0x00000000a3c00000, 0x00000000a3c00000|100%| O|  |TAMS 0x00000000a3b00000, 0x00000000a3b00000| Untracked 
|  60|0x00000000a3c00000, 0x00000000a3d00000, 0x00000000a3d00000|100%| O|  |TAMS 0x00000000a3c00000, 0x00000000a3c00000| Untracked 
|  61|0x00000000a3d00000, 0x00000000a3e00000, 0x00000000a3e00000|100%| O|  |TAMS 0x00000000a3d00000, 0x00000000a3d00000| Untracked 
|  62|0x00000000a3e00000, 0x00000000a3e55000, 0x00000000a3f00000| 33%| O|  |TAMS 0x00000000a3e00000, 0x00000000a3e00000| Untracked 
|  63|0x00000000a3f00000, 0x00000000a3f00000, 0x00000000a4000000|  0%| F|  |TAMS 0x00000000a3f00000, 0x00000000a3f00000| Untracked 
|  64|0x00000000a4000000, 0x00000000a4000000, 0x00000000a4100000|  0%| F|  |TAMS 0x00000000a4000000, 0x00000000a4000000| Untracked 
|  65|0x00000000a4100000, 0x00000000a4100000, 0x00000000a4200000|  0%| F|  |TAMS 0x00000000a4100000, 0x00000000a4100000| Untracked 
|  66|0x00000000a4200000, 0x00000000a4200000, 0x00000000a4300000|  0%| F|  |TAMS 0x00000000a4200000, 0x00000000a4200000| Untracked 
|  67|0x00000000a4300000, 0x00000000a4300000, 0x00000000a4400000|  0%| F|  |TAMS 0x00000000a4300000, 0x00000000a4300000| Untracked 
|  68|0x00000000a4400000, 0x00000000a4400000, 0x00000000a4500000|  0%| F|  |TAMS 0x00000000a4400000, 0x00000000a4400000| Untracked 
|  69|0x00000000a4500000, 0x00000000a4500000, 0x00000000a4600000|  0%| F|  |TAMS 0x00000000a4500000, 0x00000000a4500000| Untracked 
|  70|0x00000000a4600000, 0x00000000a4600000, 0x00000000a4700000|  0%| F|  |TAMS 0x00000000a4600000, 0x00000000a4600000| Untracked 
|  71|0x00000000a4700000, 0x00000000a4700000, 0x00000000a4800000|  0%| F|  |TAMS 0x00000000a4700000, 0x00000000a4700000| Untracked 
|  72|0x00000000a4800000, 0x00000000a4800000, 0x00000000a4900000|  0%| F|  |TAMS 0x00000000a4800000, 0x00000000a4800000| Untracked 
|  73|0x00000000a4900000, 0x00000000a4900000, 0x00000000a4a00000|  0%| F|  |TAMS 0x00000000a4900000, 0x00000000a4900000| Untracked 
|  74|0x00000000a4a00000, 0x00000000a4a00000, 0x00000000a4b00000|  0%| F|  |TAMS 0x00000000a4a00000, 0x00000000a4a00000| Untracked 
|  75|0x00000000a4b00000, 0x00000000a4b00000, 0x00000000a4c00000|  0%| F|  |TAMS 0x00000000a4b00000, 0x00000000a4b00000| Untracked 
|  76|0x00000000a4c00000, 0x00000000a4c00000, 0x00000000a4d00000|  0%| F|  |TAMS 0x00000000a4c00000, 0x00000000a4c00000| Untracked 
|  77|0x00000000a4d00000, 0x00000000a4d00000, 0x00000000a4e00000|  0%| F|  |TAMS 0x00000000a4d00000, 0x00000000a4d00000| Untracked 
|  78|0x00000000a4e00000, 0x00000000a4e00000, 0x00000000a4f00000|  0%| F|  |TAMS 0x00000000a4e00000, 0x00000000a4e00000| Untracked 
|  79|0x00000000a4f00000, 0x00000000a4f00000, 0x00000000a5000000|  0%| F|  |TAMS 0x00000000a4f00000, 0x00000000a4f00000| Untracked 
|  80|0x00000000a5000000, 0x00000000a5000000, 0x00000000a5100000|  0%| F|  |TAMS 0x00000000a5000000, 0x00000000a5000000| Untracked 
|  81|0x00000000a5100000, 0x00000000a5100000, 0x00000000a5200000|  0%| F|  |TAMS 0x00000000a5100000, 0x00000000a5100000| Untracked 
|  82|0x00000000a5200000, 0x00000000a5200000, 0x00000000a5300000|  0%| F|  |TAMS 0x00000000a5200000, 0x00000000a5200000| Untracked 
|  83|0x00000000a5300000, 0x00000000a5300000, 0x00000000a5400000|  0%| F|  |TAMS 0x00000000a5300000, 0x00000000a5300000| Untracked 
|  84|0x00000000a5400000, 0x00000000a5400000, 0x00000000a5500000|  0%| F|  |TAMS 0x00000000a5400000, 0x00000000a5400000| Untracked 
|  85|0x00000000a5500000, 0x00000000a55cf200, 0x00000000a5600000| 80%| S|CS|TAMS 0x00000000a5500000, 0x00000000a5500000| Complete 
|  86|0x00000000a5600000, 0x00000000a5700000, 0x00000000a5700000|100%| S|CS|TAMS 0x00000000a5600000, 0x00000000a5600000| Complete 
|  87|0x00000000a5700000, 0x00000000a5800000, 0x00000000a5800000|100%| S|CS|TAMS 0x00000000a5700000, 0x00000000a5700000| Complete 
|  88|0x00000000a5800000, 0x00000000a5900000, 0x00000000a5900000|100%| S|CS|TAMS 0x00000000a5800000, 0x00000000a5800000| Complete 
|  89|0x00000000a5900000, 0x00000000a5900000, 0x00000000a5a00000|  0%| F|  |TAMS 0x00000000a5900000, 0x00000000a5900000| Untracked 
|  90|0x00000000a5a00000, 0x00000000a5a00000, 0x00000000a5b00000|  0%| F|  |TAMS 0x00000000a5a00000, 0x00000000a5a00000| Untracked 
|  91|0x00000000a5b00000, 0x00000000a5b00000, 0x00000000a5c00000|  0%| F|  |TAMS 0x00000000a5b00000, 0x00000000a5b00000| Untracked 
|  92|0x00000000a5c00000, 0x00000000a5c00000, 0x00000000a5d00000|  0%| F|  |TAMS 0x00000000a5c00000, 0x00000000a5c00000| Untracked 
|  93|0x00000000a5d00000, 0x00000000a5e00000, 0x00000000a5e00000|100%| S|CS|TAMS 0x00000000a5d00000, 0x00000000a5d00000| Complete 
|  94|0x00000000a5e00000, 0x00000000a5f00000, 0x00000000a5f00000|100%| S|CS|TAMS 0x00000000a5e00000, 0x00000000a5e00000| Complete 
|  95|0x00000000a5f00000, 0x00000000a6000000, 0x00000000a6000000|100%| S|CS|TAMS 0x00000000a5f00000, 0x00000000a5f00000| Complete 
|  96|0x00000000a6000000, 0x00000000a6100000, 0x00000000a6100000|100%| S|CS|TAMS 0x00000000a6000000, 0x00000000a6000000| Complete 
|  97|0x00000000a6100000, 0x00000000a6100000, 0x00000000a6200000|  0%| F|  |TAMS 0x00000000a6100000, 0x00000000a6100000| Untracked 
|  98|0x00000000a6200000, 0x00000000a6200000, 0x00000000a6300000|  0%| F|  |TAMS 0x00000000a6200000, 0x00000000a6200000| Untracked 
|  99|0x00000000a6300000, 0x00000000a6300000, 0x00000000a6400000|  0%| F|  |TAMS 0x00000000a6300000, 0x00000000a6300000| Untracked 
| 100|0x00000000a6400000, 0x00000000a6400000, 0x00000000a6500000|  0%| F|  |TAMS 0x00000000a6400000, 0x00000000a6400000| Untracked 
| 101|0x00000000a6500000, 0x00000000a6500000, 0x00000000a6600000|  0%| F|  |TAMS 0x00000000a6500000, 0x00000000a6500000| Untracked 
| 102|0x00000000a6600000, 0x00000000a6600000, 0x00000000a6700000|  0%| F|  |TAMS 0x00000000a6600000, 0x00000000a6600000| Untracked 
| 103|0x00000000a6700000, 0x00000000a6700000, 0x00000000a6800000|  0%| F|  |TAMS 0x00000000a6700000, 0x00000000a6700000| Untracked 
| 104|0x00000000a6800000, 0x00000000a6800000, 0x00000000a6900000|  0%| F|  |TAMS 0x00000000a6800000, 0x00000000a6800000| Untracked 
| 105|0x00000000a6900000, 0x00000000a6900000, 0x00000000a6a00000|  0%| F|  |TAMS 0x00000000a6900000, 0x00000000a6900000| Untracked 
| 106|0x00000000a6a00000, 0x00000000a6a00000, 0x00000000a6b00000|  0%| F|  |TAMS 0x00000000a6a00000, 0x00000000a6a00000| Untracked 
| 107|0x00000000a6b00000, 0x00000000a6b00000, 0x00000000a6c00000|  0%| F|  |TAMS 0x00000000a6b00000, 0x00000000a6b00000| Untracked 
| 108|0x00000000a6c00000, 0x00000000a6c00000, 0x00000000a6d00000|  0%| F|  |TAMS 0x00000000a6c00000, 0x00000000a6c00000| Untracked 
| 109|0x00000000a6d00000, 0x00000000a6d00000, 0x00000000a6e00000|  0%| F|  |TAMS 0x00000000a6d00000, 0x00000000a6d00000| Untracked 
| 110|0x00000000a6e00000, 0x00000000a6e00000, 0x00000000a6f00000|  0%| F|  |TAMS 0x00000000a6e00000, 0x00000000a6e00000| Untracked 
| 111|0x00000000a6f00000, 0x00000000a6f00000, 0x00000000a7000000|  0%| F|  |TAMS 0x00000000a6f00000, 0x00000000a6f00000| Untracked 
| 112|0x00000000a7000000, 0x00000000a7000000, 0x00000000a7100000|  0%| F|  |TAMS 0x00000000a7000000, 0x00000000a7000000| Untracked 
| 113|0x00000000a7100000, 0x00000000a7100000, 0x00000000a7200000|  0%| F|  |TAMS 0x00000000a7100000, 0x00000000a7100000| Untracked 
| 114|0x00000000a7200000, 0x00000000a7200000, 0x00000000a7300000|  0%| F|  |TAMS 0x00000000a7200000, 0x00000000a7200000| Untracked 
| 115|0x00000000a7300000, 0x00000000a7300000, 0x00000000a7400000|  0%| F|  |TAMS 0x00000000a7300000, 0x00000000a7300000| Untracked 
| 116|0x00000000a7400000, 0x00000000a7400000, 0x00000000a7500000|  0%| F|  |TAMS 0x00000000a7400000, 0x00000000a7400000| Untracked 
| 117|0x00000000a7500000, 0x00000000a7500000, 0x00000000a7600000|  0%| F|  |TAMS 0x00000000a7500000, 0x00000000a7500000| Untracked 
| 118|0x00000000a7600000, 0x00000000a7600000, 0x00000000a7700000|  0%| F|  |TAMS 0x00000000a7600000, 0x00000000a7600000| Untracked 
| 119|0x00000000a7700000, 0x00000000a7700000, 0x00000000a7800000|  0%| F|  |TAMS 0x00000000a7700000, 0x00000000a7700000| Untracked 
| 120|0x00000000a7800000, 0x00000000a7800000, 0x00000000a7900000|  0%| F|  |TAMS 0x00000000a7800000, 0x00000000a7800000| Untracked 
| 121|0x00000000a7900000, 0x00000000a7900000, 0x00000000a7a00000|  0%| F|  |TAMS 0x00000000a7900000, 0x00000000a7900000| Untracked 
| 122|0x00000000a7a00000, 0x00000000a7b00000, 0x00000000a7b00000|100%| E|  |TAMS 0x00000000a7a00000, 0x00000000a7a00000| Complete 
| 123|0x00000000a7b00000, 0x00000000a7c00000, 0x00000000a7c00000|100%| E|CS|TAMS 0x00000000a7b00000, 0x00000000a7b00000| Complete 
| 124|0x00000000a7c00000, 0x00000000a7d00000, 0x00000000a7d00000|100%| E|CS|TAMS 0x00000000a7c00000, 0x00000000a7c00000| Complete 
| 125|0x00000000a7d00000, 0x00000000a7e00000, 0x00000000a7e00000|100%| E|CS|TAMS 0x00000000a7d00000, 0x00000000a7d00000| Complete 
| 126|0x00000000a7e00000, 0x00000000a7f00000, 0x00000000a7f00000|100%| E|CS|TAMS 0x00000000a7e00000, 0x00000000a7e00000| Complete 
| 127|0x00000000a7f00000, 0x00000000a8000000, 0x00000000a8000000|100%| E|CS|TAMS 0x00000000a7f00000, 0x00000000a7f00000| Complete 
| 128|0x00000000a8000000, 0x00000000a8100000, 0x00000000a8100000|100%| E|CS|TAMS 0x00000000a8000000, 0x00000000a8000000| Complete 
| 129|0x00000000a8100000, 0x00000000a8200000, 0x00000000a8200000|100%| E|CS|TAMS 0x00000000a8100000, 0x00000000a8100000| Complete 
| 130|0x00000000a8200000, 0x00000000a8300000, 0x00000000a8300000|100%| E|CS|TAMS 0x00000000a8200000, 0x00000000a8200000| Complete 
| 131|0x00000000a8300000, 0x00000000a8400000, 0x00000000a8400000|100%| E|CS|TAMS 0x00000000a8300000, 0x00000000a8300000| Complete 
| 132|0x00000000a8400000, 0x00000000a8500000, 0x00000000a8500000|100%| E|CS|TAMS 0x00000000a8400000, 0x00000000a8400000| Complete 
| 133|0x00000000a8500000, 0x00000000a8600000, 0x00000000a8600000|100%| E|CS|TAMS 0x00000000a8500000, 0x00000000a8500000| Complete 
| 134|0x00000000a8600000, 0x00000000a8700000, 0x00000000a8700000|100%| E|CS|TAMS 0x00000000a8600000, 0x00000000a8600000| Complete 
| 135|0x00000000a8700000, 0x00000000a8800000, 0x00000000a8800000|100%| E|CS|TAMS 0x00000000a8700000, 0x00000000a8700000| Complete 
| 136|0x00000000a8800000, 0x00000000a8900000, 0x00000000a8900000|100%| E|CS|TAMS 0x00000000a8800000, 0x00000000a8800000| Complete 
| 137|0x00000000a8900000, 0x00000000a8a00000, 0x00000000a8a00000|100%| E|CS|TAMS 0x00000000a8900000, 0x00000000a8900000| Complete 
| 138|0x00000000a8a00000, 0x00000000a8b00000, 0x00000000a8b00000|100%| E|CS|TAMS 0x00000000a8a00000, 0x00000000a8a00000| Complete 
| 139|0x00000000a8b00000, 0x00000000a8c00000, 0x00000000a8c00000|100%| E|CS|TAMS 0x00000000a8b00000, 0x00000000a8b00000| Complete 
| 140|0x00000000a8c00000, 0x00000000a8d00000, 0x00000000a8d00000|100%| E|CS|TAMS 0x00000000a8c00000, 0x00000000a8c00000| Complete 
| 141|0x00000000a8d00000, 0x00000000a8e00000, 0x00000000a8e00000|100%| E|CS|TAMS 0x00000000a8d00000, 0x00000000a8d00000| Complete 
| 142|0x00000000a8e00000, 0x00000000a8f00000, 0x00000000a8f00000|100%| E|CS|TAMS 0x00000000a8e00000, 0x00000000a8e00000| Complete 
| 143|0x00000000a8f00000, 0x00000000a9000000, 0x00000000a9000000|100%| E|CS|TAMS 0x00000000a8f00000, 0x00000000a8f00000| Complete 
| 144|0x00000000a9000000, 0x00000000a9100000, 0x00000000a9100000|100%| E|CS|TAMS 0x00000000a9000000, 0x00000000a9000000| Complete 
| 145|0x00000000a9100000, 0x00000000a9200000, 0x00000000a9200000|100%| E|CS|TAMS 0x00000000a9100000, 0x00000000a9100000| Complete 
| 146|0x00000000a9200000, 0x00000000a9300000, 0x00000000a9300000|100%| E|CS|TAMS 0x00000000a9200000, 0x00000000a9200000| Complete 
| 147|0x00000000a9300000, 0x00000000a9400000, 0x00000000a9400000|100%| E|CS|TAMS 0x00000000a9300000, 0x00000000a9300000| Complete 
| 148|0x00000000a9400000, 0x00000000a9500000, 0x00000000a9500000|100%| E|CS|TAMS 0x00000000a9400000, 0x00000000a9400000| Complete 
| 149|0x00000000a9500000, 0x00000000a9600000, 0x00000000a9600000|100%| E|CS|TAMS 0x00000000a9500000, 0x00000000a9500000| Complete 
| 150|0x00000000a9600000, 0x00000000a9700000, 0x00000000a9700000|100%| E|CS|TAMS 0x00000000a9600000, 0x00000000a9600000| Complete 
| 151|0x00000000a9700000, 0x00000000a9800000, 0x00000000a9800000|100%| E|CS|TAMS 0x00000000a9700000, 0x00000000a9700000| Complete 
| 152|0x00000000a9800000, 0x00000000a9900000, 0x00000000a9900000|100%| E|CS|TAMS 0x00000000a9800000, 0x00000000a9800000| Complete 
| 153|0x00000000a9900000, 0x00000000a9a00000, 0x00000000a9a00000|100%| E|CS|TAMS 0x00000000a9900000, 0x00000000a9900000| Complete 
| 154|0x00000000a9a00000, 0x00000000a9b00000, 0x00000000a9b00000|100%| E|CS|TAMS 0x00000000a9a00000, 0x00000000a9a00000| Complete 
| 155|0x00000000a9b00000, 0x00000000a9c00000, 0x00000000a9c00000|100%| E|CS|TAMS 0x00000000a9b00000, 0x00000000a9b00000| Complete 
| 156|0x00000000a9c00000, 0x00000000a9d00000, 0x00000000a9d00000|100%| E|CS|TAMS 0x00000000a9c00000, 0x00000000a9c00000| Complete 
|1532|0x00000000ffc00000, 0x00000000ffd00000, 0x00000000ffd00000|100%| O|  |TAMS 0x00000000ffd00000, 0x00000000ffc00000| Untracked 
|1533|0x00000000ffd00000, 0x00000000ffe00000, 0x00000000ffe00000|100%| O|  |TAMS 0x00000000ffe00000, 0x00000000ffd00000| Untracked 
|1534|0x00000000ffe00000, 0x00000000fff00000, 0x00000000fff00000|100%| O|  |TAMS 0x00000000fff00000, 0x00000000ffe00000| Untracked 
|1535|0x00000000fff00000, 0x0000000100000000, 0x0000000100000000|100%| O|  |TAMS 0x0000000100000000, 0x00000000fff00000| Untracked 

Card table byte_map: [0x0000023a6b220000,0x0000023a6b520000] _byte_map_base: 0x0000023a6ad20000

Marking Bits (Prev, Next): (CMBitMap*) 0x0000023a58a9f880, (CMBitMap*) 0x0000023a58a9f840
 Prev Bits: [0x0000023a6d020000, 0x0000023a6e820000)
 Next Bits: [0x0000023a6b820000, 0x0000023a6d020000)

Polling page: 0x0000023a58220000

Metaspace:

Usage:
  Non-class:     74.91 MB used.
      Class:     11.88 MB used.
       Both:     86.79 MB used.

Virtual space:
  Non-class space:       80.00 MB reserved,      75.31 MB ( 94%) committed,  10 nodes.
      Class space:        1.00 GB reserved,      12.19 MB (  1%) committed,  1 nodes.
             Both:        1.08 GB reserved,      87.50 MB (  8%) committed. 

Chunk freelists:
   Non-Class:  545.00 KB
       Class:  3.85 MB
        Both:  4.38 MB

MaxMetaspaceSize: unlimited
CompressedClassSpaceSize: 1.00 GB
Initial GC threshold: 21.00 MB
Current GC threshold: 89.81 MB
CDS: off
MetaspaceReclaimPolicy: balanced
 - commit_granule_bytes: 65536.
 - commit_granule_words: 8192.
 - virtual_space_node_default_size: 1048576.
 - enlarge_chunks_in_place: 1.
 - new_chunks_are_fully_committed: 0.
 - uncommit_free_chunks: 1.
 - use_allocation_guard: 0.
 - handle_deallocations: 1.


Internal statistics:

num_allocs_failed_limit: 9.
num_arena_births: 818.
num_arena_deaths: 0.
num_vsnodes_births: 11.
num_vsnodes_deaths: 0.
num_space_committed: 1400.
num_space_uncommitted: 0.
num_chunks_returned_to_freelist: 9.
num_chunks_taken_from_freelist: 4011.
num_chunk_merges: 3.
num_chunk_splits: 2711.
num_chunks_enlarged: 1875.
num_purges: 0.
num_inconsistent_stats: 0.

CodeHeap 'non-profiled nmethods': size=120000Kb used=5254Kb max_used=5254Kb free=114745Kb
 bounds [0x0000023a639f0000, 0x0000023a63f20000, 0x0000023a6af20000]
CodeHeap 'profiled nmethods': size=120000Kb used=16922Kb max_used=16922Kb free=103077Kb
 bounds [0x0000023a5bf20000, 0x0000023a5cfb0000, 0x0000023a63450000]
CodeHeap 'non-nmethods': size=5760Kb used=2390Kb max_used=2435Kb free=3369Kb
 bounds [0x0000023a63450000, 0x0000023a636c0000, 0x0000023a639f0000]
 total_blobs=9339 nmethods=8414 adapters=836
 compilation: enabled
              stopped_count=0, restarted_count=0
 full_count=0

Compilation events (20 events):
Event: 83.179 Thread 0x0000023a70d4bca0 9263 %     3       org.apache.commons.io.FilenameUtils::doNormalize @ 202 (541 bytes)
Event: 83.183 Thread 0x0000023a70d4bca0 nmethod 9263% 0x0000023a5cf99c10 code [0x0000023a5cf99f80, 0x0000023a5cf9bb08]
Event: 83.191 Thread 0x0000023a70d4bca0 9264       3       org.codehaus.groovy.runtime.callsite.PogoMetaClassSite::checkCall (29 bytes)
Event: 83.192 Thread 0x0000023a70d4bca0 nmethod 9264 0x0000023a5cf9c310 code [0x0000023a5cf9c4c0, 0x0000023a5cf9c948]
Event: 83.199 Thread 0x0000023a70d4bca0 9265       3       org.gradle.internal.instantiation.generator.AbstractClassGenerator::visitFields (44 bytes)
Event: 83.200 Thread 0x0000023a70d4bca0 nmethod 9265 0x0000023a5cf9ca10 code [0x0000023a5cf9cc00, 0x0000023a5cf9d208]
Event: 83.209 Thread 0x0000023a70d4bca0 9266       3       java.beans.Introspector::getBeanInfo (58 bytes)
Event: 83.211 Thread 0x0000023a70d4bca0 nmethod 9266 0x0000023a5cf9d410 code [0x0000023a5cf9d700, 0x0000023a5cf9e768]
Event: 83.211 Thread 0x0000023a70d4bca0 9267  s    3       java.beans.ThreadGroupContext::getBeanInfo (25 bytes)
Event: 83.211 Thread 0x0000023a70d4bca0 nmethod 9267 0x0000023a5cf9ec90 code [0x0000023a5cf9ee40, 0x0000023a5cf9f208]
Event: 83.256 Thread 0x0000023a70d4bca0 9268       3       org.codehaus.groovy.reflection.ClassLoaderForClassArtifacts::loadClass (38 bytes)
Event: 83.256 Thread 0x0000023a70d4bca0 nmethod 9268 0x0000023a5cf9f310 code [0x0000023a5cf9f4e0, 0x0000023a5cf9f8a8]
Event: 83.256 Thread 0x0000023a70d4bca0 9269  s!   3       org.codehaus.groovy.runtime.callsite.CallSiteClassLoader::loadClass (44 bytes)
Event: 83.261 Thread 0x0000023a70d4bca0 nmethod 9269 0x0000023a5cf9fa10 code [0x0000023a5cf9fd60, 0x0000023a5cfa1658]
Event: 83.261 Thread 0x0000023a70d4bca0 9271       3       org.gradle.internal.metaobject.BeanDynamicObject::tryGetProperty (9 bytes)
Event: 83.262 Thread 0x0000023a70d4bca0 nmethod 9271 0x0000023a5cfa1e10 code [0x0000023a5cfa1fc0, 0x0000023a5cfa2188]
Event: 83.262 Thread 0x0000023a70d4bca0 9270       3       org.codehaus.groovy.runtime.callsite.PojoMetaMethodSite::call (23 bytes)
Event: 83.262 Thread 0x0000023a70d4bca0 nmethod 9270 0x0000023a5cfa2290 code [0x0000023a5cfa2480, 0x0000023a5cfa2878]
Event: 83.268 Thread 0x0000023a70d4bca0 9272       3       java.util.LinkedHashMap::transferLinks (58 bytes)
Event: 83.268 Thread 0x0000023a70d4bca0 nmethod 9272 0x0000023a5cfa2a10 code [0x0000023a5cfa2be0, 0x0000023a5cfa2ff8]

GC Heap History (20 events):
Event: 65.125 GC heap before
{Heap before GC invocations=25 (full 0):
 garbage-first heap   total 92160K, used 54333K [0x00000000a0000000, 0x0000000100000000)
  region size 1024K, 4 young (4096K), 1 survivors (1024K)
 Metaspace       used 51902K, committed 52352K, reserved 1097728K
  class space    used 6886K, committed 7104K, reserved 1048576K
}
Event: 65.129 GC heap after
{Heap after GC invocations=26 (full 0):
 garbage-first heap   total 92160K, used 50946K [0x00000000a0000000, 0x0000000100000000)
  region size 1024K, 1 young (1024K), 1 survivors (1024K)
 Metaspace       used 51902K, committed 52352K, reserved 1097728K
  class space    used 6886K, committed 7104K, reserved 1048576K
}
Event: 66.057 GC heap before
{Heap before GC invocations=26 (full 0):
 garbage-first heap   total 92160K, used 73474K [0x00000000a0000000, 0x0000000100000000)
  region size 1024K, 23 young (23552K), 1 survivors (1024K)
 Metaspace       used 54521K, committed 55040K, reserved 1097728K
  class space    used 7274K, committed 7552K, reserved 1048576K
}
Event: 66.063 GC heap after
{Heap after GC invocations=27 (full 0):
 garbage-first heap   total 92160K, used 51934K [0x00000000a0000000, 0x0000000100000000)
  region size 1024K, 2 young (2048K), 2 survivors (2048K)
 Metaspace       used 54521K, committed 55040K, reserved 1097728K
  class space    used 7274K, committed 7552K, reserved 1048576K
}
Event: 67.308 GC heap before
{Heap before GC invocations=28 (full 0):
 garbage-first heap   total 92160K, used 74462K [0x00000000a0000000, 0x0000000100000000)
  region size 1024K, 24 young (24576K), 2 survivors (2048K)
 Metaspace       used 56705K, committed 57280K, reserved 1105920K
  class space    used 7614K, committed 7872K, reserved 1048576K
}
Event: 67.317 GC heap after
{Heap after GC invocations=29 (full 0):
 garbage-first heap   total 92160K, used 52913K [0x00000000a0000000, 0x0000000100000000)
  region size 1024K, 3 young (3072K), 3 survivors (3072K)
 Metaspace       used 56705K, committed 57280K, reserved 1105920K
  class space    used 7614K, committed 7872K, reserved 1048576K
}
Event: 67.387 GC heap before
{Heap before GC invocations=29 (full 0):
 garbage-first heap   total 92160K, used 53937K [0x00000000a0000000, 0x0000000100000000)
  region size 1024K, 4 young (4096K), 3 survivors (3072K)
 Metaspace       used 56803K, committed 57344K, reserved 1105920K
  class space    used 7632K, committed 7872K, reserved 1048576K
}
Event: 67.394 GC heap after
{Heap after GC invocations=30 (full 0):
 garbage-first heap   total 92160K, used 52964K [0x00000000a0000000, 0x0000000100000000)
  region size 1024K, 1 young (1024K), 1 survivors (1024K)
 Metaspace       used 56803K, committed 57344K, reserved 1105920K
  class space    used 7632K, committed 7872K, reserved 1048576K
}
Event: 68.359 GC heap before
{Heap before GC invocations=30 (full 0):
 garbage-first heap   total 92160K, used 75492K [0x00000000a0000000, 0x0000000100000000)
  region size 1024K, 23 young (23552K), 1 survivors (1024K)
 Metaspace       used 59373K, committed 59904K, reserved 1105920K
  class space    used 7993K, committed 8256K, reserved 1048576K
}
Event: 68.366 GC heap after
{Heap after GC invocations=31 (full 0):
 garbage-first heap   total 164864K, used 53084K [0x00000000a0000000, 0x0000000100000000)
  region size 1024K, 1 young (1024K), 1 survivors (1024K)
 Metaspace       used 59373K, committed 59904K, reserved 1105920K
  class space    used 7993K, committed 8256K, reserved 1048576K
}
Event: 72.196 GC heap before
{Heap before GC invocations=31 (full 0):
 garbage-first heap   total 164864K, used 132956K [0x00000000a0000000, 0x0000000100000000)
  region size 1024K, 80 young (81920K), 1 survivors (1024K)
 Metaspace       used 67052K, committed 67648K, reserved 1114112K
  class space    used 9202K, committed 9472K, reserved 1048576K
}
Event: 72.206 GC heap after
{Heap after GC invocations=32 (full 0):
 garbage-first heap   total 164864K, used 56905K [0x00000000a0000000, 0x0000000100000000)
  region size 1024K, 5 young (5120K), 5 survivors (5120K)
 Metaspace       used 67052K, committed 67648K, reserved 1114112K
  class space    used 9202K, committed 9472K, reserved 1048576K
}
Event: 75.297 GC heap before
{Heap before GC invocations=32 (full 0):
 garbage-first heap   total 164864K, used 137801K [0x00000000a0000000, 0x0000000100000000)
  region size 1024K, 78 young (79872K), 5 survivors (5120K)
 Metaspace       used 76129K, committed 76800K, reserved 1122304K
  class space    used 10260K, committed 10560K, reserved 1048576K
}
Event: 75.313 GC heap after
{Heap after GC invocations=33 (full 0):
 garbage-first heap   total 164864K, used 62418K [0x00000000a0000000, 0x0000000100000000)
  region size 1024K, 10 young (10240K), 10 survivors (10240K)
 Metaspace       used 76129K, committed 76800K, reserved 1122304K
  class space    used 10260K, committed 10560K, reserved 1048576K
}
Event: 78.075 GC heap before
{Heap before GC invocations=33 (full 0):
 garbage-first heap   total 164864K, used 133074K [0x00000000a0000000, 0x0000000100000000)
  region size 1024K, 78 young (79872K), 10 survivors (10240K)
 Metaspace       used 80873K, committed 81472K, reserved 1122304K
  class space    used 10865K, committed 11136K, reserved 1048576K
}
Event: 78.099 GC heap after
{Heap after GC invocations=34 (full 0):
 garbage-first heap   total 164864K, used 67948K [0x00000000a0000000, 0x0000000100000000)
  region size 1024K, 6 young (6144K), 6 survivors (6144K)
 Metaspace       used 80873K, committed 81472K, reserved 1122304K
  class space    used 10865K, committed 11136K, reserved 1048576K
}
Event: 79.664 GC heap before
{Heap before GC invocations=34 (full 0):
 garbage-first heap   total 164864K, used 133484K [0x00000000a0000000, 0x0000000100000000)
  region size 1024K, 70 young (71680K), 6 survivors (6144K)
 Metaspace       used 81481K, committed 82176K, reserved 1122304K
  class space    used 10968K, committed 11264K, reserved 1048576K
}
Event: 79.679 GC heap after
{Heap after GC invocations=35 (full 0):
 garbage-first heap   total 164864K, used 72301K [0x00000000a0000000, 0x0000000100000000)
  region size 1024K, 5 young (5120K), 5 survivors (5120K)
 Metaspace       used 81481K, committed 82176K, reserved 1122304K
  class space    used 10968K, committed 11264K, reserved 1048576K
}
Event: 82.173 GC heap before
{Heap before GC invocations=35 (full 0):
 garbage-first heap   total 164864K, used 133741K [0x00000000a0000000, 0x0000000100000000)
  region size 1024K, 65 young (66560K), 5 survivors (5120K)
 Metaspace       used 87492K, committed 88192K, reserved 1130496K
  class space    used 11972K, committed 12288K, reserved 1048576K
}
Event: 82.193 GC heap after
{Heap after GC invocations=36 (full 0):
 garbage-first heap   total 164864K, used 75920K [0x00000000a0000000, 0x0000000100000000)
  region size 1024K, 8 young (8192K), 8 survivors (8192K)
 Metaspace       used 87492K, committed 88192K, reserved 1130496K
  class space    used 11972K, committed 12288K, reserved 1048576K
}

Dll operation events (2 events):
Event: 0.016 Loaded shared library C:\Program Files\Android\Android Studio\jbr\bin\java.dll
Event: 1.549 Loaded shared library C:\Program Files\Android\Android Studio\jbr\bin\verify.dll

Deoptimization events (20 events):
Event: 82.918 Thread 0x0000023a72a7a030 DEOPT PACKING pc=0x0000023a63a9e3ec sp=0x000000db9d0f0610
Event: 82.918 Thread 0x0000023a72a7a030 DEOPT UNPACKING pc=0x0000023a634a69a3 sp=0x000000db9d0f0538 mode 2
Event: 82.918 Thread 0x0000023a72a7a030 Uncommon trap: trap_request=0xffffffc6 fr.pc=0x0000023a63a9e3ec relative=0x000000000000076c
Event: 82.918 Thread 0x0000023a72a7a030 Uncommon trap: reason=bimorphic_or_optimized_type_check action=maybe_recompile pc=0x0000023a63a9e3ec method=java.util.Arrays.binarySearch0([Ljava/lang/Object;IILjava/lang/Object;Ljava/util/Comparator;)I @ 48 c2
Event: 82.918 Thread 0x0000023a72a7a030 DEOPT PACKING pc=0x0000023a63a9e3ec sp=0x000000db9d0f0610
Event: 82.918 Thread 0x0000023a72a7a030 DEOPT UNPACKING pc=0x0000023a634a69a3 sp=0x000000db9d0f0538 mode 2
Event: 82.918 Thread 0x0000023a72a7a030 Uncommon trap: trap_request=0xffffffc6 fr.pc=0x0000023a63a9e3ec relative=0x000000000000076c
Event: 82.918 Thread 0x0000023a72a7a030 Uncommon trap: reason=bimorphic_or_optimized_type_check action=maybe_recompile pc=0x0000023a63a9e3ec method=java.util.Arrays.binarySearch0([Ljava/lang/Object;IILjava/lang/Object;Ljava/util/Comparator;)I @ 48 c2
Event: 82.918 Thread 0x0000023a72a7a030 DEOPT PACKING pc=0x0000023a63a9e3ec sp=0x000000db9d0f0610
Event: 82.919 Thread 0x0000023a72a7a030 DEOPT UNPACKING pc=0x0000023a634a69a3 sp=0x000000db9d0f0538 mode 2
Event: 82.919 Thread 0x0000023a72a7a030 Uncommon trap: trap_request=0xffffffc6 fr.pc=0x0000023a63ac9848 relative=0x00000000000007c8
Event: 82.919 Thread 0x0000023a72a7a030 Uncommon trap: reason=bimorphic_or_optimized_type_check action=maybe_recompile pc=0x0000023a63ac9848 method=java.util.Arrays.binarySearch0([Ljava/lang/Object;IILjava/lang/Object;Ljava/util/Comparator;)I @ 48 c2
Event: 82.919 Thread 0x0000023a72a7a030 DEOPT PACKING pc=0x0000023a63ac9848 sp=0x000000db9d0f0590
Event: 82.919 Thread 0x0000023a72a7a030 DEOPT UNPACKING pc=0x0000023a634a69a3 sp=0x000000db9d0f0538 mode 2
Event: 82.973 Thread 0x0000023a72a7a030 Uncommon trap: trap_request=0xffffff45 fr.pc=0x0000023a63e56c24 relative=0x0000000000000724
Event: 82.973 Thread 0x0000023a72a7a030 Uncommon trap: reason=unstable_if action=reinterpret pc=0x0000023a63e56c24 method=org.apache.commons.io.FilenameUtils.doNormalize(Ljava/lang/String;CZ)Ljava/lang/String; @ 226 c2
Event: 82.973 Thread 0x0000023a72a7a030 DEOPT PACKING pc=0x0000023a63e56c24 sp=0x000000db9d0ef1d0
Event: 82.973 Thread 0x0000023a72a7a030 DEOPT UNPACKING pc=0x0000023a634a69a3 sp=0x000000db9d0ef168 mode 2
Event: 83.025 Thread 0x0000023a72a7a030 DEOPT PACKING pc=0x0000023a5ca7564e sp=0x000000db9d0f0050
Event: 83.025 Thread 0x0000023a72a7a030 DEOPT UNPACKING pc=0x0000023a634a7143 sp=0x000000db9d0ef4b0 mode 0

Classes unloaded (0 events):
No events

Classes redefined (0 events):
No events

Internal exceptions (20 events):
Event: 82.944 Thread 0x0000023a72a7a030 Exception <a 'java/lang/ClassNotFoundException'{0x00000000a86e9ed0}: FlutterTaskCustomizer> (0x00000000a86e9ed0) 
thrown [s\src\hotspot\share\classfile\systemDictionary.cpp, line 256]
Event: 82.948 Thread 0x0000023a72a7a030 Exception <a 'java/lang/ClassNotFoundException'{0x00000000a8514c80}: FlutterTask_DecoratedCustomizer> (0x00000000a8514c80) 
thrown [s\src\hotspot\share\classfile\systemDictionary.cpp, line 256]
Event: 83.040 Thread 0x0000023a72a7a030 Exception <a 'java/lang/ClassNotFoundException'{0x00000000a8373ec0}: org/gradle/api/tasks/bundling/Jar_DecoratedBeanInfo> (0x00000000a8373ec0) 
thrown [s\src\hotspot\share\classfile\systemDictionary.cpp, line 256]
Event: 83.042 Thread 0x0000023a72a7a030 Exception <a 'java/lang/ClassNotFoundException'{0x00000000a8396658}: org/gradle/api/tasks/bundling/JarBeanInfo> (0x00000000a8396658) 
thrown [s\src\hotspot\share\classfile\systemDictionary.cpp, line 256]
Event: 83.045 Thread 0x0000023a72a7a030 Exception <a 'java/lang/ClassNotFoundException'{0x00000000a83b8e08}: org/gradle/jvm/tasks/JarBeanInfo> (0x00000000a83b8e08) 
thrown [s\src\hotspot\share\classfile\systemDictionary.cpp, line 256]
Event: 83.047 Thread 0x0000023a72a7a030 Exception <a 'java/lang/ClassNotFoundException'{0x00000000a83d8728}: org/gradle/api/tasks/bundling/ZipBeanInfo> (0x00000000a83d8728) 
thrown [s\src\hotspot\share\classfile\systemDictionary.cpp, line 256]
Event: 83.050 Thread 0x0000023a72a7a030 Exception <a 'java/lang/ClassNotFoundException'{0x00000000a83f8610}: org/gradle/api/tasks/bundling/AbstractArchiveTaskBeanInfo> (0x00000000a83f8610) 
thrown [s\src\hotspot\share\classfile\systemDictionary.cpp, line 256]
Event: 83.052 Thread 0x0000023a72a7a030 Exception <a 'java/lang/ClassNotFoundException'{0x00000000a8218490}: org/gradle/api/tasks/AbstractCopyTaskBeanInfo> (0x00000000a8218490) 
thrown [s\src\hotspot\share\classfile\systemDictionary.cpp, line 256]
Event: 83.059 Thread 0x0000023a72a7a030 Exception <a 'java/lang/ClassNotFoundException'{0x00000000a8237e80}: org/gradle/api/internal/ConventionTaskBeanInfo> (0x00000000a8237e80) 
thrown [s\src\hotspot\share\classfile\systemDictionary.cpp, line 256]
Event: 83.062 Thread 0x0000023a72a7a030 Exception <a 'java/lang/ClassNotFoundException'{0x00000000a8257920}: org/gradle/api/internal/ConventionTaskCustomizer> (0x00000000a8257920) 
thrown [s\src\hotspot\share\classfile\systemDictionary.cpp, line 256]
Event: 83.070 Thread 0x0000023a72a7a030 Exception <a 'java/lang/ClassNotFoundException'{0x00000000a82874c0}: org/gradle/api/tasks/AbstractCopyTaskCustomizer> (0x00000000a82874c0) 
thrown [s\src\hotspot\share\classfile\systemDictionary.cpp, line 256]
Event: 83.105 Thread 0x0000023a72a7a030 Exception <a 'java/lang/ClassNotFoundException'{0x00000000a8118db0}: org/gradle/api/tasks/bundling/AbstractArchiveTaskCustomizer> (0x00000000a8118db0) 
thrown [s\src\hotspot\share\classfile\systemDictionary.cpp, line 256]
Event: 83.120 Thread 0x0000023a72a7a030 Exception <a 'java/lang/ClassNotFoundException'{0x00000000a8177388}: org/gradle/api/tasks/bundling/ZipCustomizer> (0x00000000a8177388) 
thrown [s\src\hotspot\share\classfile\systemDictionary.cpp, line 256]
Event: 83.127 Thread 0x0000023a72a7a030 Exception <a 'java/lang/ClassNotFoundException'{0x00000000a81b7cf8}: org/gradle/jvm/tasks/JarCustomizer> (0x00000000a81b7cf8) 
thrown [s\src\hotspot\share\classfile\systemDictionary.cpp, line 256]
Event: 83.137 Thread 0x0000023a72a7a030 Exception <a 'java/lang/ClassNotFoundException'{0x00000000a81fe3f0}: org/gradle/api/tasks/bundling/JarCustomizer> (0x00000000a81fe3f0) 
thrown [s\src\hotspot\share\classfile\systemDictionary.cpp, line 256]
Event: 83.146 Thread 0x0000023a72a7a030 Exception <a 'java/lang/ClassNotFoundException'{0x00000000a803e428}: org/gradle/api/tasks/bundling/Jar_DecoratedCustomizer> (0x00000000a803e428) 
thrown [s\src\hotspot\share\classfile\systemDictionary.cpp, line 256]
Event: 83.209 Thread 0x0000023a72a7a030 Exception <a 'java/lang/ClassNotFoundException'{0x00000000a7fc0cf0}: org/gradle/api/internal/file/copy/CopySpecWrapper_DecoratedBeanInfo> (0x00000000a7fc0cf0) 
thrown [s\src\hotspot\share\classfile\systemDictionary.cpp, line 256]
Event: 83.214 Thread 0x0000023a72a7a030 Exception <a 'java/lang/ClassNotFoundException'{0x00000000a7fe2e00}: org/gradle/api/internal/file/copy/CopySpecWrapperBeanInfo> (0x00000000a7fe2e00) 
thrown [s\src\hotspot\share\classfile\systemDictionary.cpp, line 256]
Event: 83.218 Thread 0x0000023a72a7a030 Exception <a 'java/lang/ClassNotFoundException'{0x00000000a7e054b0}: org/gradle/api/internal/file/copy/CopySpecWrapperCustomizer> (0x00000000a7e054b0) 
thrown [s\src\hotspot\share\classfile\systemDictionary.cpp, line 256]
Event: 83.239 Thread 0x0000023a72a7a030 Exception <a 'java/lang/ClassNotFoundException'{0x00000000a7e6e680}: org/gradle/api/internal/file/copy/CopySpecWrapper_DecoratedCustomizer> (0x00000000a7e6e680) 
thrown [s\src\hotspot\share\classfile\systemDictionary.cpp, line 256]

VM Operations (20 events):
Event: 76.533 Executing VM operation: HandshakeAllThreads
Event: 76.533 Executing VM operation: HandshakeAllThreads done
Event: 77.538 Executing VM operation: Cleanup
Event: 77.538 Executing VM operation: Cleanup done
Event: 78.074 Executing VM operation: G1CollectForAllocation
Event: 78.099 Executing VM operation: G1CollectForAllocation done
Event: 79.103 Executing VM operation: Cleanup
Event: 79.104 Executing VM operation: Cleanup done
Event: 79.664 Executing VM operation: G1CollectForAllocation
Event: 79.679 Executing VM operation: G1CollectForAllocation done
Event: 79.997 Executing VM operation: HandshakeAllThreads
Event: 79.997 Executing VM operation: HandshakeAllThreads done
Event: 81.004 Executing VM operation: Cleanup
Event: 81.004 Executing VM operation: Cleanup done
Event: 82.019 Executing VM operation: Cleanup
Event: 82.021 Executing VM operation: Cleanup done
Event: 82.173 Executing VM operation: G1CollectForAllocation
Event: 82.193 Executing VM operation: G1CollectForAllocation done
Event: 82.571 Executing VM operation: HandshakeAllThreads
Event: 82.571 Executing VM operation: HandshakeAllThreads done

Events (20 events):
Event: 78.416 loading class jdk/internal/loader/URLClassPath$JarLoader$3
Event: 78.417 loading class jdk/internal/loader/URLClassPath$JarLoader$3 done
Event: 78.740 loading class java/beans/IntrospectionException
Event: 78.741 loading class java/beans/IntrospectionException done
Event: 79.305 loading class java/util/AbstractList$ListItr
Event: 79.306 loading class java/util/AbstractList$ListItr done
Event: 79.661 loading class java/lang/EnumBeanInfo
Event: 79.661 loading class java/lang/EnumBeanInfo done
Event: 79.662 loading class java/lang/EnumBeanInfo
Event: 79.662 loading class java/lang/EnumBeanInfo done
Event: 79.662 loading class java/lang/EnumCustomizer
Event: 79.662 loading class java/lang/EnumCustomizer done
Event: 79.663 loading class java/lang/EnumCustomizer
Event: 79.663 loading class java/lang/EnumCustomizer done
Event: 81.468 Thread 0x0000023a75f59810 Thread exited: 0x0000023a75f59810
Event: 81.913 Thread 0x0000023a75f5c5a0 Thread added: 0x0000023a75f5c5a0
Event: 82.426 Thread 0x0000023a75f5c5a0 Thread exited: 0x0000023a75f5c5a0
Event: 82.612 Thread 0x0000023a75f5cab0 Thread added: 0x0000023a75f5cab0
Event: 83.094 loading class java/io/FilterReader
Event: 83.095 loading class java/io/FilterReader done


Dynamic libraries:
0x00007ff66a160000 - 0x00007ff66a16a000 	C:\Program Files\Android\Android Studio\jbr\bin\java.exe
0x00007fff459b0000 - 0x00007fff45ba7000 	C:\Windows\SYSTEM32\ntdll.dll
0x00007fff128f0000 - 0x00007fff12909000 	C:\Program Files\Avast Software\Avast\aswhook.dll
0x00007fff43aa0000 - 0x00007fff43b5d000 	C:\Windows\System32\KERNEL32.DLL
0x00007fff43500000 - 0x00007fff437f6000 	C:\Windows\System32\KERNELBASE.dll
0x00007fff43310000 - 0x00007fff43410000 	C:\Windows\System32\ucrtbase.dll
0x00007fff36060000 - 0x00007fff3607b000 	C:\Program Files\Android\Android Studio\jbr\bin\VCRUNTIME140.dll
0x00007fff363c0000 - 0x00007fff363d7000 	C:\Program Files\Android\Android Studio\jbr\bin\jli.dll
0x00007fff44850000 - 0x00007fff449ee000 	C:\Windows\System32\USER32.dll
0x00007fff439e0000 - 0x00007fff43a02000 	C:\Windows\System32\win32u.dll
0x00007fff45940000 - 0x00007fff4596c000 	C:\Windows\System32\GDI32.dll
0x00007fff296e0000 - 0x00007fff2997a000 	C:\Windows\WinSxS\amd64_microsoft.windows.common-controls_6595b64144ccf1df_6.0.19041.3570_none_60bb2a3971f3e41a\COMCTL32.dll
0x00007fff431f0000 - 0x00007fff4330a000 	C:\Windows\System32\gdi32full.dll
0x00007fff43e30000 - 0x00007fff43ece000 	C:\Windows\System32\msvcrt.dll
0x00007fff43800000 - 0x00007fff4389d000 	C:\Windows\System32\msvcp_win.dll
0x00007fff45760000 - 0x00007fff45790000 	C:\Windows\System32\IMM32.DLL
0x00007fff3ba10000 - 0x00007fff3ba1c000 	C:\Program Files\Android\Android Studio\jbr\bin\vcruntime140_1.dll
0x00007fff13d20000 - 0x00007fff13dad000 	C:\Program Files\Android\Android Studio\jbr\bin\msvcp140.dll
0x00007ffece9e0000 - 0x00007ffecf64e000 	C:\Program Files\Android\Android Studio\jbr\bin\server\jvm.dll
0x00007fff43cb0000 - 0x00007fff43d5e000 	C:\Windows\System32\ADVAPI32.dll
0x00007fff450c0000 - 0x00007fff4515c000 	C:\Windows\System32\sechost.dll
0x00007fff449f0000 - 0x00007fff44b16000 	C:\Windows\System32\RPCRT4.dll
0x00007fff32690000 - 0x00007fff32699000 	C:\Windows\SYSTEM32\WSOCK32.dll
0x00007fff29e40000 - 0x00007fff29e67000 	C:\Windows\SYSTEM32\WINMM.dll
0x00007fff38220000 - 0x00007fff3822a000 	C:\Windows\SYSTEM32\VERSION.dll
0x00007fff43c40000 - 0x00007fff43cab000 	C:\Windows\System32\WS2_32.dll
0x00007fff41880000 - 0x00007fff41892000 	C:\Windows\SYSTEM32\kernel.appcore.dll
0x00007fff37770000 - 0x00007fff3777a000 	C:\Program Files\Android\Android Studio\jbr\bin\jimage.dll
0x00007fff40dd0000 - 0x00007fff40fb4000 	C:\Windows\SYSTEM32\DBGHELP.DLL
0x00007fff37ec0000 - 0x00007fff37ef4000 	C:\Windows\SYSTEM32\dbgcore.DLL
0x00007fff43950000 - 0x00007fff439d2000 	C:\Windows\System32\bcryptPrimitives.dll
0x00007fff17440000 - 0x00007fff17465000 	C:\Program Files\Android\Android Studio\jbr\bin\java.dll
0x00007fff23c00000 - 0x00007fff23c18000 	C:\Program Files\Android\Android Studio\jbr\bin\zip.dll
0x00007fff43ed0000 - 0x00007fff44614000 	C:\Windows\System32\SHELL32.dll
0x00007fff410d0000 - 0x00007fff4186b000 	C:\Windows\SYSTEM32\windows.storage.dll
0x00007fff451c0000 - 0x00007fff45514000 	C:\Windows\System32\combase.dll
0x00007fff42920000 - 0x00007fff4294d000 	C:\Windows\SYSTEM32\Wldp.dll
0x00007fff45580000 - 0x00007fff4562d000 	C:\Windows\System32\SHCORE.dll
0x00007fff45160000 - 0x00007fff451b5000 	C:\Windows\System32\shlwapi.dll
0x00007fff42fc0000 - 0x00007fff42fe5000 	C:\Windows\SYSTEM32\profapi.dll
0x00007fff1f760000 - 0x00007fff1f779000 	C:\Program Files\Android\Android Studio\jbr\bin\net.dll
0x00007fff3a940000 - 0x00007fff3aa4a000 	C:\Windows\SYSTEM32\WINHTTP.dll
0x00007fff42700000 - 0x00007fff4276a000 	C:\Windows\system32\mswsock.dll
0x00007fff1f1a0000 - 0x00007fff1f1b6000 	C:\Program Files\Android\Android Studio\jbr\bin\nio.dll
0x00007fff37640000 - 0x00007fff37650000 	C:\Program Files\Android\Android Studio\jbr\bin\verify.dll
0x00007fff14870000 - 0x00007fff14897000 	C:\Users\Admin\.gradle\native\e1d6ef7f7dcc3fd88c89a11ec53ec762bb8ba0a96d01ffa2cd45eb1d1d8dd5c5\windows-amd64\native-platform.dll
0x00007fff11460000 - 0x00007fff115a4000 	C:\Users\Admin\.gradle\native\0d407fdbe67a94daf76414ababcb853783967236a71b16ec16e742cd7a986fd3\windows-amd64\native-platform-file-events.dll
0x00007fff36f10000 - 0x00007fff36f19000 	C:\Program Files\Android\Android Studio\jbr\bin\management.dll
0x00007fff2f190000 - 0x00007fff2f19b000 	C:\Program Files\Android\Android Studio\jbr\bin\management_ext.dll
0x00007fff45040000 - 0x00007fff45048000 	C:\Windows\System32\PSAPI.DLL
0x00007fff42960000 - 0x00007fff42978000 	C:\Windows\SYSTEM32\CRYPTSP.dll
0x00007fff42030000 - 0x00007fff42064000 	C:\Windows\system32\rsaenh.dll
0x00007fff43460000 - 0x00007fff43487000 	C:\Windows\System32\bcrypt.dll
0x00007fff42f80000 - 0x00007fff42fae000 	C:\Windows\SYSTEM32\USERENV.dll
0x00007fff42890000 - 0x00007fff4289c000 	C:\Windows\SYSTEM32\CRYPTBASE.dll
0x00007fff42410000 - 0x00007fff4244b000 	C:\Windows\SYSTEM32\IPHLPAPI.DLL
0x00007fff43a10000 - 0x00007fff43a18000 	C:\Windows\System32\NSI.dll
0x00007fff3ac90000 - 0x00007fff3aca7000 	C:\Windows\SYSTEM32\dhcpcsvc6.DLL
0x00007fff39e40000 - 0x00007fff39e5d000 	C:\Windows\SYSTEM32\dhcpcsvc.DLL
0x00007fff42450000 - 0x00007fff4251a000 	C:\Windows\SYSTEM32\DNSAPI.dll
0x00007fff2d0a0000 - 0x00007fff2d0a7000 	C:\Windows\system32\wshunix.dll

dbghelp: loaded successfully - version: 4.0.5 - missing functions: none
symbol engine: initialized successfully - sym options: 0x614 - pdb path: .;C:\Program Files\Android\Android Studio\jbr\bin;C:\Windows\SYSTEM32;C:\Program Files\Avast Software\Avast;C:\Windows\WinSxS\amd64_microsoft.windows.common-controls_6595b64144ccf1df_6.0.19041.3570_none_60bb2a3971f3e41a;C:\Program Files\Android\Android Studio\jbr\bin\server;C:\Users\Admin\.gradle\native\e1d6ef7f7dcc3fd88c89a11ec53ec762bb8ba0a96d01ffa2cd45eb1d1d8dd5c5\windows-amd64;C:\Users\Admin\.gradle\native\0d407fdbe67a94daf76414ababcb853783967236a71b16ec16e742cd7a986fd3\windows-amd64

VM Arguments:
jvm_args: --add-opens=java.base/java.util=ALL-UNNAMED --add-opens=java.base/java.lang=ALL-UNNAMED --add-opens=java.base/java.lang.invoke=ALL-UNNAMED --add-opens=java.base/java.util=ALL-UNNAMED --add-opens=java.prefs/java.util.prefs=ALL-UNNAMED --add-opens=java.prefs/java.util.prefs=ALL-UNNAMED --add-opens=java.base/java.nio.charset=ALL-UNNAMED --add-opens=java.base/java.net=ALL-UNNAMED --add-opens=java.base/java.util.concurrent.atomic=ALL-UNNAMED -Xmx1536M -Dfile.encoding=windows-1252 -Duser.country=US -Duser.language=en -Duser.variant 
java_command: org.gradle.launcher.daemon.bootstrap.GradleDaemon 7.5
java_class_path (initial): C:\Users\Admin\.gradle\wrapper\dists\gradle-7.5-all\6qsw290k5lz422uaf8jf6m7co\gradle-7.5\lib\gradle-launcher-7.5.jar
Launcher Type: SUN_STANDARD

[Global flags]
     intx CICompilerCount                          = 3                                         {product} {ergonomic}
     uint ConcGCThreads                            = 1                                         {product} {ergonomic}
     uint G1ConcRefinementThreads                  = 4                                         {product} {ergonomic}
   size_t G1HeapRegionSize                         = 1048576                                   {product} {ergonomic}
    uintx GCDrainStackTargetSize                   = 64                                        {product} {ergonomic}
   size_t InitialHeapSize                          = 134217728                                 {product} {ergonomic}
   size_t MarkStackSize                            = 4194304                                   {product} {ergonomic}
   size_t MaxHeapSize                              = 1610612736                                {product} {command line}
   size_t MaxNewSize                               = 965738496                                 {product} {ergonomic}
   size_t MinHeapDeltaBytes                        = 1048576                                   {product} {ergonomic}
   size_t MinHeapSize                              = 8388608                                   {product} {ergonomic}
    uintx NonNMethodCodeHeapSize                   = 5832780                                {pd product} {ergonomic}
    uintx NonProfiledCodeHeapSize                  = 122912730                              {pd product} {ergonomic}
    uintx ProfiledCodeHeapSize                     = 122912730                              {pd product} {ergonomic}
    uintx ReservedCodeCacheSize                    = 251658240                              {pd product} {ergonomic}
     bool SegmentedCodeCache                       = true                                      {product} {ergonomic}
   size_t SoftMaxHeapSize                          = 1610612736                             {manageable} {ergonomic}
     bool UseCompressedClassPointers               = true                           {product lp64_product} {ergonomic}
     bool UseCompressedOops                        = true                           {product lp64_product} {ergonomic}
     bool UseG1GC                                  = true                                      {product} {ergonomic}
     bool UseLargePagesIndividualAllocation        = false                                  {pd product} {ergonomic}

Logging:
Log output configuration:
 #0: stdout all=warning uptime,level,tags
 #1: stderr all=off uptime,level,tags

Environment Variables:
JAVA_HOME=C:\Program Files\Android\Android Studio\jbr
CLASSPATH=H:\my-P-flutter\instagram\android\\gradle\wrapper\gradle-wrapper.jar
PATH=C:\Program Files\Android\Android Studio\jbr\bin;C:\Program Files\Common Files\Oracle\Java\javapath;C:\Windows\system32;C:\Windows;C:\Windows\System32\Wbem;C:\Windows\System32\WindowsPowerShell\v1.0\;C:\Windows\System32\OpenSSH\;C:\Program Files\Git\cmd;C:\Program Files\Microsoft SQL Server\150\Tools\Binn\;C:\Program Files (x86)\Windows Kits\10\Windows Performance Toolkit\;C:\Program Files\Microsoft SQL Server\Client SDK\ODBC\170\Tools\Binn\;C:\Program Files\dotnet\;C:\Program Files (x86)\Incredibuild;C:\Program Files\nodejs\;C:\Users\Admin\AppData\Local\Microsoft\WindowsApps;C:\Users\Admin\AppData\Local\Programs\Microsoft VS Code\bin;C:\Users\Admin\Desktop\Devolpment Flutter\flutter\bin;C:\Users\Admin\Desktop\flutter projects;C:\Users\Admin\.dotnet\tools;C:\Users\Admin\AppData\Local\Pub\Cache\bin;C:\Users\Admin\AppData\Roaming\npm;C:\Program Files\Java\jdk-21\bin;G:\src\flutter\bin;;G:\src\flutter\bin\mingit\cmd;G:\src\flutter\bin\mingit\cmd
USERNAME=Admin
OS=Windows_NT
PROCESSOR_IDENTIFIER=Intel64 Family 6 Model 58 Stepping 9, GenuineIntel
TMP=C:\Users\Admin\AppData\Local\Temp
TEMP=C:\Users\Admin\AppData\Local\Temp


JNI global refs:
JNI global refs: 23, weak refs: 2

JNI global refs memory usage: 843, weak refs: 841


---------------  S Y S T E M  ---------------

OS:
 Windows 10 , 64 bit Build 19041 (10.0.19041.3570)
OS uptime: 0 days 2:35 hours
Hyper-V role detected

CPU: total 4 (initial active 4) (2 cores per cpu, 2 threads per core) family 6 model 58 stepping 9 microcode 0x21, cx8, cmov, fxsr, ht, mmx, sse, sse2, sse3, ssse3, sse4.1, sse4.2, popcnt, tsc, tscinvbit, avx, aes, erms, clmul, vzeroupper, clflush, hv

Memory: 4k page, system-wide physical 8077M (962M free)
TotalPageFile size 8703M (AvailPageFile size 5M)
current process WorkingSet (physical memory assigned to process): 414M, peak: 417M
current process commit charge ("private bytes"): 450M, peak: 453M

vm_info: OpenJDK 64-Bit Server VM (17.0.6+0-b2043.56-10027231) for windows-amd64 JRE (17.0.6+0-b2043.56-10027231), built on Apr 28 2023 00:43:19 by "androidbuild" with MS VC++ 16.10 / 16.11 (VS2019)

END.
